[2026-03-23T00:52:59.540+0000] {local_task_job_runner.py:123} INFO - ::group::Pre task execution logs
[2026-03-23T00:52:59.569+0000] {taskinstance.py:2614} INFO - Dependencies all met for dep_context=non-requeueable deps ti=<TaskInstance: retail_data_pipeline.generate_and_upload_data manual__2026-03-23T00:52:46.144064+00:00 [queued]>
[2026-03-23T00:52:59.583+0000] {taskinstance.py:2614} INFO - Dependencies all met for dep_context=requeueable deps ti=<TaskInstance: retail_data_pipeline.generate_and_upload_data manual__2026-03-23T00:52:46.144064+00:00 [queued]>
[2026-03-23T00:52:59.584+0000] {taskinstance.py:2867} INFO - Starting attempt 1 of 1
[2026-03-23T00:52:59.621+0000] {taskinstance.py:2890} INFO - Executing <Task(PythonOperator): generate_and_upload_data> on 2026-03-23 00:52:46.144064+00:00
[2026-03-23T00:52:59.652+0000] {warnings.py:112} WARNING - /home/***/.local/lib/python3.12/site-packages/***/task/task_runner/standard_task_runner.py:70: DeprecationWarning: This process (pid=1289) is multi-threaded, use of fork() may lead to deadlocks in the child.
  pid = os.fork()

[2026-03-23T00:52:59.657+0000] {standard_task_runner.py:72} INFO - Started process 1291 to run task
[2026-03-23T00:52:59.677+0000] {standard_task_runner.py:104} INFO - Running: ['***', 'tasks', 'run', 'retail_data_pipeline', 'generate_and_upload_data', 'manual__2026-03-23T00:52:46.144064+00:00', '--job-id', '61', '--raw', '--subdir', 'DAGS_FOLDER/dag.py', '--cfg-path', '/tmp/tmpmndiyftw']
[2026-03-23T00:52:59.684+0000] {standard_task_runner.py:105} INFO - Job 61: Subtask generate_and_upload_data
[2026-03-23T00:52:59.834+0000] {task_command.py:467} INFO - Running <TaskInstance: retail_data_pipeline.generate_and_upload_data manual__2026-03-23T00:52:46.144064+00:00 [running]> on host 750b4dfa1755
[2026-03-23T00:53:00.033+0000] {taskinstance.py:3134} INFO - Exporting env vars: AIRFLOW_CTX_DAG_OWNER='***' AIRFLOW_CTX_DAG_ID='retail_data_pipeline' AIRFLOW_CTX_TASK_ID='generate_and_upload_data' AIRFLOW_CTX_EXECUTION_DATE='2026-03-23T00:52:46.144064+00:00' AIRFLOW_CTX_TRY_NUMBER='1' AIRFLOW_CTX_DAG_RUN_ID='manual__2026-03-23T00:52:46.144064+00:00'
[2026-03-23T00:53:00.037+0000] {taskinstance.py:732} INFO - ::endgroup::
[2026-03-23T00:53:00.099+0000] {base.py:84} INFO - Retrieving connection 'minio_conn'
[2026-03-23T00:53:08.657+0000] {dag_utils.py:42} INFO - ✅ Customers generated | rows=10000 | duration=7.98s
[2026-03-23T00:53:08.713+0000] {dag_utils.py:48} INFO - ✅ Products generated | rows=2000 | duration=0.05s
[2026-03-23T00:53:47.924+0000] {dag_utils.py:54} INFO - ✅ Sales generated | rows=1499612 | duration=39.21s
[2026-03-23T00:53:47.970+0000] {dag_utils.py:69} INFO - ⬆️ Uploading customers | rows=10000 | destination=s3://retailio/landing/customers/customers_20260323T005246.csv.gz
[2026-03-23T00:53:47.978+0000] {minio_client.py:231} INFO - Streaming upload to s3://retailio/landing/customers/customers_20260323T005246.csv.gz
[2026-03-23T00:53:48.886+0000] {minio_client.py:259} INFO - Streaming upload complete
[2026-03-23T00:53:48.890+0000] {dag_utils.py:82} INFO - ✅ Upload successful: customers | duration=0.92s
[2026-03-23T00:53:48.891+0000] {dag_utils.py:69} INFO - ⬆️ Uploading products | rows=2000 | destination=s3://retailio/landing/products/products_20260323T005246.csv.gz
[2026-03-23T00:53:48.893+0000] {minio_client.py:231} INFO - Streaming upload to s3://retailio/landing/products/products_20260323T005246.csv.gz
[2026-03-23T00:53:48.962+0000] {minio_client.py:259} INFO - Streaming upload complete
[2026-03-23T00:53:48.963+0000] {dag_utils.py:82} INFO - ✅ Upload successful: products | duration=0.07s
[2026-03-23T00:53:48.964+0000] {dag_utils.py:69} INFO - ⬆️ Uploading sales | rows=1499612 | destination=s3://retailio/landing/sales/sales_20260323T005246.csv.gz
[2026-03-23T00:53:48.965+0000] {minio_client.py:231} INFO - Streaming upload to s3://retailio/landing/sales/sales_20260323T005246.csv.gz
[2026-03-23T00:54:14.983+0000] {minio_client.py:259} INFO - Streaming upload complete
[2026-03-23T00:54:14.983+0000] {dag_utils.py:82} INFO - ✅ Upload successful: sales | duration=26.02s
[2026-03-23T00:54:14.984+0000] {dag_utils.py:93} INFO - 🎉 Pipeline completed | total_duration=74.31s
[2026-03-23T00:54:15.220+0000] {python.py:240} INFO - Done. Returned value was: None
[2026-03-23T00:54:15.333+0000] {taskinstance.py:341} INFO - ::group::Post task execution logs
[2026-03-23T00:54:15.336+0000] {taskinstance.py:353} INFO - Marking task as SUCCESS. dag_id=retail_data_pipeline, task_id=generate_and_upload_data, run_id=manual__2026-03-23T00:52:46.144064+00:00, execution_date=20260323T005246, start_date=20260323T005259, end_date=20260323T005415
[2026-03-23T00:54:15.579+0000] {local_task_job_runner.py:266} INFO - Task exited with return code 0
[2026-03-23T00:54:15.757+0000] {taskinstance.py:3901} INFO - 1 downstream tasks scheduled from follow-on schedule check
[2026-03-23T00:54:15.763+0000] {local_task_job_runner.py:245} INFO - ::endgroup::
