[2026-03-23T03:04:08.253+0000] {local_task_job_runner.py:123} INFO - ::group::Pre task execution logs
[2026-03-23T03:04:08.284+0000] {taskinstance.py:2614} INFO - Dependencies all met for dep_context=non-requeueable deps ti=<TaskInstance: retail_data_pipeline.generate_and_upload_data manual__2026-03-23T03:03:50.757986+00:00 [queued]>
[2026-03-23T03:04:08.303+0000] {taskinstance.py:2614} INFO - Dependencies all met for dep_context=requeueable deps ti=<TaskInstance: retail_data_pipeline.generate_and_upload_data manual__2026-03-23T03:03:50.757986+00:00 [queued]>
[2026-03-23T03:04:08.304+0000] {taskinstance.py:2867} INFO - Starting attempt 1 of 1
[2026-03-23T03:04:08.332+0000] {taskinstance.py:2890} INFO - Executing <Task(PythonOperator): generate_and_upload_data> on 2026-03-23 03:03:50.757986+00:00
[2026-03-23T03:04:08.353+0000] {warnings.py:112} WARNING - /home/***/.local/lib/python3.12/site-packages/***/task/task_runner/standard_task_runner.py:70: DeprecationWarning: This process (pid=2899) is multi-threaded, use of fork() may lead to deadlocks in the child.
  pid = os.fork()

[2026-03-23T03:04:08.355+0000] {standard_task_runner.py:72} INFO - Started process 2901 to run task
[2026-03-23T03:04:08.356+0000] {standard_task_runner.py:104} INFO - Running: ['***', 'tasks', 'run', 'retail_data_pipeline', 'generate_and_upload_data', 'manual__2026-03-23T03:03:50.757986+00:00', '--job-id', '73', '--raw', '--subdir', 'DAGS_FOLDER/dag.py', '--cfg-path', '/tmp/tmp8v4bnaue']
[2026-03-23T03:04:08.362+0000] {standard_task_runner.py:105} INFO - Job 73: Subtask generate_and_upload_data
[2026-03-23T03:04:08.906+0000] {task_command.py:467} INFO - Running <TaskInstance: retail_data_pipeline.generate_and_upload_data manual__2026-03-23T03:03:50.757986+00:00 [running]> on host 750b4dfa1755
[2026-03-23T03:04:09.494+0000] {taskinstance.py:3134} INFO - Exporting env vars: AIRFLOW_CTX_DAG_OWNER='***' AIRFLOW_CTX_DAG_ID='retail_data_pipeline' AIRFLOW_CTX_TASK_ID='generate_and_upload_data' AIRFLOW_CTX_EXECUTION_DATE='2026-03-23T03:03:50.757986+00:00' AIRFLOW_CTX_TRY_NUMBER='1' AIRFLOW_CTX_DAG_RUN_ID='manual__2026-03-23T03:03:50.757986+00:00'
[2026-03-23T03:04:09.496+0000] {taskinstance.py:732} INFO - ::endgroup::
[2026-03-23T03:04:09.690+0000] {base.py:84} INFO - Retrieving connection 'minio_conn'
[2026-03-23T03:04:16.997+0000] {dag_utils.py:43} INFO - ✅ Customers generated | rows=10000 | duration=5.65s
[2026-03-23T03:04:17.017+0000] {dag_utils.py:49} INFO - ✅ Products generated | rows=2000 | duration=0.02s
[2026-03-23T03:05:05.837+0000] {dag_utils.py:55} INFO - ✅ Sales generated | rows=1500117 | duration=48.82s
[2026-03-23T03:05:05.838+0000] {dag_utils.py:70} INFO - ⬆️ Uploading customers | rows=10000 | destination=s3://retailio/landing/customers/customers_20260323T030350.csv.gz
[2026-03-23T03:05:05.839+0000] {minio_client.py:231} INFO - Streaming upload to s3://retailio/landing/customers/customers_20260323T030350.csv.gz
[2026-03-23T03:05:06.253+0000] {minio_client.py:259} INFO - Streaming upload complete
[2026-03-23T03:05:06.254+0000] {dag_utils.py:83} INFO - ✅ Upload successful: customers | duration=0.42s
[2026-03-23T03:05:06.255+0000] {dag_utils.py:70} INFO - ⬆️ Uploading products | rows=2000 | destination=s3://retailio/landing/products/products_20260323T030350.csv.gz
[2026-03-23T03:05:06.255+0000] {minio_client.py:231} INFO - Streaming upload to s3://retailio/landing/products/products_20260323T030350.csv.gz
[2026-03-23T03:05:06.296+0000] {minio_client.py:259} INFO - Streaming upload complete
[2026-03-23T03:05:06.297+0000] {dag_utils.py:83} INFO - ✅ Upload successful: products | duration=0.04s
[2026-03-23T03:05:06.298+0000] {dag_utils.py:70} INFO - ⬆️ Uploading sales | rows=1500117 | destination=s3://retailio/landing/sales/sales_20260323T030350.csv.gz
[2026-03-23T03:05:06.299+0000] {minio_client.py:231} INFO - Streaming upload to s3://retailio/landing/sales/sales_20260323T030350.csv.gz
[2026-03-23T03:05:29.250+0000] {minio_client.py:259} INFO - Streaming upload complete
[2026-03-23T03:05:29.253+0000] {dag_utils.py:83} INFO - ✅ Upload successful: sales | duration=22.95s
[2026-03-23T03:05:29.255+0000] {dag_utils.py:94} INFO - 🎉 Pipeline completed | total_duration=77.90s
[2026-03-23T03:05:29.447+0000] {python.py:240} INFO - Done. Returned value was: None
[2026-03-23T03:05:29.464+0000] {taskinstance.py:341} INFO - ::group::Post task execution logs
[2026-03-23T03:05:29.465+0000] {taskinstance.py:353} INFO - Marking task as SUCCESS. dag_id=retail_data_pipeline, task_id=generate_and_upload_data, run_id=manual__2026-03-23T03:03:50.757986+00:00, execution_date=20260323T030350, start_date=20260323T030408, end_date=20260323T030529
[2026-03-23T03:05:29.547+0000] {local_task_job_runner.py:266} INFO - Task exited with return code 0
[2026-03-23T03:05:29.593+0000] {taskinstance.py:3901} INFO - 1 downstream tasks scheduled from follow-on schedule check
[2026-03-23T03:05:29.597+0000] {local_task_job_runner.py:245} INFO - ::endgroup::
