[2026-03-22T20:15:28.015+0000] {local_task_job_runner.py:123} INFO - ::group::Pre task execution logs
[2026-03-22T20:15:28.055+0000] {taskinstance.py:2614} INFO - Dependencies all met for dep_context=non-requeueable deps ti=<TaskInstance: retail_data_pipeline.generate_and_upload_data manual__2026-03-22T20:15:24.475568+00:00 [queued]>
[2026-03-22T20:15:28.087+0000] {taskinstance.py:2614} INFO - Dependencies all met for dep_context=requeueable deps ti=<TaskInstance: retail_data_pipeline.generate_and_upload_data manual__2026-03-22T20:15:24.475568+00:00 [queued]>
[2026-03-22T20:15:28.090+0000] {taskinstance.py:2867} INFO - Starting attempt 1 of 1
[2026-03-22T20:15:28.152+0000] {taskinstance.py:2890} INFO - Executing <Task(PythonOperator): generate_and_upload_data> on 2026-03-22 20:15:24.475568+00:00
[2026-03-22T20:15:28.202+0000] {warnings.py:112} WARNING - /home/***/.local/lib/python3.12/site-packages/***/task/task_runner/standard_task_runner.py:70: DeprecationWarning: This process (pid=505) is multi-threaded, use of fork() may lead to deadlocks in the child.
  pid = os.fork()

[2026-03-22T20:15:28.225+0000] {standard_task_runner.py:72} INFO - Started process 507 to run task
[2026-03-22T20:15:28.223+0000] {standard_task_runner.py:104} INFO - Running: ['***', 'tasks', 'run', 'retail_data_pipeline', 'generate_and_upload_data', 'manual__2026-03-22T20:15:24.475568+00:00', '--job-id', '50', '--raw', '--subdir', 'DAGS_FOLDER/dag.py', '--cfg-path', '/tmp/tmp37hkz_0c']
[2026-03-22T20:15:28.243+0000] {standard_task_runner.py:105} INFO - Job 50: Subtask generate_and_upload_data
[2026-03-22T20:15:28.392+0000] {task_command.py:467} INFO - Running <TaskInstance: retail_data_pipeline.generate_and_upload_data manual__2026-03-22T20:15:24.475568+00:00 [running]> on host 1cd93f56fe38
[2026-03-22T20:15:28.578+0000] {taskinstance.py:3134} INFO - Exporting env vars: AIRFLOW_CTX_DAG_OWNER='***' AIRFLOW_CTX_DAG_ID='retail_data_pipeline' AIRFLOW_CTX_TASK_ID='generate_and_upload_data' AIRFLOW_CTX_EXECUTION_DATE='2026-03-22T20:15:24.475568+00:00' AIRFLOW_CTX_TRY_NUMBER='1' AIRFLOW_CTX_DAG_RUN_ID='manual__2026-03-22T20:15:24.475568+00:00'
[2026-03-22T20:15:28.583+0000] {taskinstance.py:732} INFO - ::endgroup::
[2026-03-22T20:15:28.709+0000] {base.py:84} INFO - Retrieving connection 'minio_conn'
[2026-03-22T20:15:37.295+0000] {dag_utils.py:42} INFO - ✅ Customers generated | rows=10000 | duration=7.99s
[2026-03-22T20:15:37.336+0000] {dag_utils.py:48} INFO - ✅ Products generated | rows=2000 | duration=0.04s
[2026-03-22T20:16:03.743+0000] {dag_utils.py:54} INFO - ✅ Sales generated | rows=1500486 | duration=26.41s
[2026-03-22T20:16:03.744+0000] {dag_utils.py:69} INFO - ⬆️ Uploading customers | rows=10000 | destination=s3://retailio/landing/customers/customers_20260322T201524.csv.gz
[2026-03-22T20:16:03.746+0000] {minio_client.py:224} INFO - Streaming upload to s3://retailio/landing/customers/customers_20260322T201524.csv.gz
[2026-03-22T20:16:04.068+0000] {minio_client.py:252} INFO - Streaming upload complete
[2026-03-22T20:16:04.069+0000] {dag_utils.py:82} INFO - ✅ Upload successful: customers | duration=0.32s
[2026-03-22T20:16:04.070+0000] {dag_utils.py:69} INFO - ⬆️ Uploading products | rows=2000 | destination=s3://retailio/landing/products/products_20260322T201524.csv.gz
[2026-03-22T20:16:04.071+0000] {minio_client.py:224} INFO - Streaming upload to s3://retailio/landing/products/products_20260322T201524.csv.gz
[2026-03-22T20:16:04.114+0000] {minio_client.py:252} INFO - Streaming upload complete
[2026-03-22T20:16:04.115+0000] {dag_utils.py:82} INFO - ✅ Upload successful: products | duration=0.04s
[2026-03-22T20:16:04.116+0000] {dag_utils.py:69} INFO - ⬆️ Uploading sales | rows=1500486 | destination=s3://retailio/landing/sales/sales_20260322T201524.csv.gz
[2026-03-22T20:16:04.117+0000] {minio_client.py:224} INFO - Streaming upload to s3://retailio/landing/sales/sales_20260322T201524.csv.gz
[2026-03-22T20:16:37.085+0000] {minio_client.py:252} INFO - Streaming upload complete
[2026-03-22T20:16:37.087+0000] {dag_utils.py:82} INFO - ✅ Upload successful: sales | duration=32.97s
[2026-03-22T20:16:37.088+0000] {dag_utils.py:93} INFO - 🎉 Pipeline completed | total_duration=67.79s
[2026-03-22T20:16:37.430+0000] {python.py:240} INFO - Done. Returned value was: None
[2026-03-22T20:16:37.455+0000] {taskinstance.py:341} INFO - ::group::Post task execution logs
[2026-03-22T20:16:37.456+0000] {taskinstance.py:353} INFO - Marking task as SUCCESS. dag_id=retail_data_pipeline, task_id=generate_and_upload_data, run_id=manual__2026-03-22T20:15:24.475568+00:00, execution_date=20260322T201524, start_date=20260322T201528, end_date=20260322T201637
[2026-03-22T20:16:37.636+0000] {local_task_job_runner.py:266} INFO - Task exited with return code 0
[2026-03-22T20:16:37.692+0000] {local_task_job_runner.py:245} INFO - ::endgroup::
