[2026-03-23T03:05:33.381+0000] {local_task_job_runner.py:123} INFO - ::group::Pre task execution logs
[2026-03-23T03:05:33.410+0000] {taskinstance.py:2614} INFO - Dependencies all met for dep_context=non-requeueable deps ti=<TaskInstance: retail_data_pipeline.load_all_from_minio manual__2026-03-23T03:03:50.757986+00:00 [queued]>
[2026-03-23T03:05:33.422+0000] {taskinstance.py:2614} INFO - Dependencies all met for dep_context=requeueable deps ti=<TaskInstance: retail_data_pipeline.load_all_from_minio manual__2026-03-23T03:03:50.757986+00:00 [queued]>
[2026-03-23T03:05:33.424+0000] {taskinstance.py:2867} INFO - Starting attempt 1 of 1
[2026-03-23T03:05:33.442+0000] {taskinstance.py:2890} INFO - Executing <Task(PythonOperator): load_all_from_minio> on 2026-03-23 03:03:50.757986+00:00
[2026-03-23T03:05:33.455+0000] {warnings.py:112} WARNING - /home/***/.local/lib/python3.12/site-packages/***/task/task_runner/standard_task_runner.py:70: DeprecationWarning: This process (pid=2927) is multi-threaded, use of fork() may lead to deadlocks in the child.
  pid = os.fork()

[2026-03-23T03:05:33.459+0000] {standard_task_runner.py:72} INFO - Started process 2929 to run task
[2026-03-23T03:05:33.460+0000] {standard_task_runner.py:104} INFO - Running: ['***', 'tasks', 'run', 'retail_data_pipeline', 'load_all_from_minio', 'manual__2026-03-23T03:03:50.757986+00:00', '--job-id', '74', '--raw', '--subdir', 'DAGS_FOLDER/dag.py', '--cfg-path', '/tmp/tmp7_vtzdlt']
[2026-03-23T03:05:33.466+0000] {standard_task_runner.py:105} INFO - Job 74: Subtask load_all_from_minio
[2026-03-23T03:05:33.579+0000] {task_command.py:467} INFO - Running <TaskInstance: retail_data_pipeline.load_all_from_minio manual__2026-03-23T03:03:50.757986+00:00 [running]> on host 750b4dfa1755
[2026-03-23T03:05:33.741+0000] {taskinstance.py:3134} INFO - Exporting env vars: AIRFLOW_CTX_DAG_OWNER='***' AIRFLOW_CTX_DAG_ID='retail_data_pipeline' AIRFLOW_CTX_TASK_ID='load_all_from_minio' AIRFLOW_CTX_EXECUTION_DATE='2026-03-23T03:03:50.757986+00:00' AIRFLOW_CTX_TRY_NUMBER='1' AIRFLOW_CTX_DAG_RUN_ID='manual__2026-03-23T03:03:50.757986+00:00'
[2026-03-23T03:05:33.747+0000] {taskinstance.py:732} INFO - ::endgroup::
[2026-03-23T03:05:33.779+0000] {base.py:84} INFO - Retrieving connection 'minio_conn'
[2026-03-23T03:05:33.974+0000] {base.py:84} INFO - Retrieving connection 'postgres_conn'
[2026-03-23T03:05:34.104+0000] {dag_utils.py:124} INFO - Files from MinIO: 88
[2026-03-23T03:05:34.120+0000] {postgres_client.py:82} INFO - Executed SQL file: /opt/***/sql/tracker_ddl.sql
[2026-03-23T03:05:34.129+0000] {postgres_client.py:223} INFO - Checking file landing/customers/customers_20260319_194531.csv.gz, result=(1,)
[2026-03-23T03:05:34.132+0000] {postgres_client.py:223} INFO - Checking file landing/customers/customers_20260319_194532.csv.gz, result=(1,)
[2026-03-23T03:05:34.134+0000] {postgres_client.py:223} INFO - Checking file landing/customers/customers_20260321T212748.csv.gz, result=(1,)
[2026-03-23T03:05:34.136+0000] {postgres_client.py:223} INFO - Checking file landing/customers/customers_20260321_211221.csv.gz, result=(1,)
[2026-03-23T03:05:34.138+0000] {postgres_client.py:223} INFO - Checking file landing/customers/customers_20260322T183535.csv.gz, result=(1,)
[2026-03-23T03:05:34.140+0000] {postgres_client.py:223} INFO - Checking file landing/customers/customers_20260322T183909.csv.gz, result=(1,)
[2026-03-23T03:05:34.141+0000] {postgres_client.py:223} INFO - Checking file landing/customers/customers_20260322T184136.csv.gz, result=(1,)
[2026-03-23T03:05:34.143+0000] {postgres_client.py:223} INFO - Checking file landing/customers/customers_20260322T185027.csv.gz, result=(1,)
[2026-03-23T03:05:34.144+0000] {postgres_client.py:223} INFO - Checking file landing/customers/customers_20260322T185412.csv.gz, result=(1,)
[2026-03-23T03:05:34.146+0000] {postgres_client.py:223} INFO - Checking file landing/customers/customers_20260322T192419.csv.gz, result=(1,)
[2026-03-23T03:05:34.148+0000] {postgres_client.py:223} INFO - Checking file landing/customers/customers_20260322T192619.csv.gz, result=(1,)
[2026-03-23T03:05:34.150+0000] {postgres_client.py:223} INFO - Checking file landing/customers/customers_20260322T193328.csv.gz, result=(1,)
[2026-03-23T03:05:34.152+0000] {postgres_client.py:223} INFO - Checking file landing/customers/customers_20260322T193503.csv.gz, result=(1,)
[2026-03-23T03:05:34.153+0000] {postgres_client.py:223} INFO - Checking file landing/customers/customers_20260322T194719.csv.gz, result=(1,)
[2026-03-23T03:05:34.155+0000] {postgres_client.py:223} INFO - Checking file landing/customers/customers_20260322T195706.csv.gz, result=(1,)
[2026-03-23T03:05:34.156+0000] {postgres_client.py:223} INFO - Checking file landing/customers/customers_20260322T200122.csv.gz, result=(1,)
[2026-03-23T03:05:34.158+0000] {postgres_client.py:223} INFO - Checking file landing/customers/customers_20260322T200753.csv.gz, result=(1,)
[2026-03-23T03:05:34.159+0000] {postgres_client.py:223} INFO - Checking file landing/customers/customers_20260322T201226.csv.gz, result=(1,)
[2026-03-23T03:05:34.161+0000] {postgres_client.py:223} INFO - Checking file landing/customers/customers_20260322T201524.csv.gz, result=(1,)
[2026-03-23T03:05:34.163+0000] {postgres_client.py:223} INFO - Checking file landing/customers/customers_20260322T233155.csv.gz, result=(1,)
[2026-03-23T03:05:34.165+0000] {postgres_client.py:223} INFO - Checking file landing/customers/customers_20260322T233647.csv.gz, result=(1,)
[2026-03-23T03:05:34.167+0000] {postgres_client.py:223} INFO - Checking file landing/customers/customers_20260322T233839.csv.gz, result=(1,)
[2026-03-23T03:05:34.168+0000] {postgres_client.py:223} INFO - Checking file landing/customers/customers_20260322T235721.csv.gz, result=(1,)
[2026-03-23T03:05:34.170+0000] {postgres_client.py:223} INFO - Checking file landing/customers/customers_20260323T005246.csv.gz, result=(1,)
[2026-03-23T03:05:34.171+0000] {postgres_client.py:223} INFO - Checking file landing/customers/customers_20260323T011217.csv.gz, result=(1,)
[2026-03-23T03:05:34.173+0000] {postgres_client.py:223} INFO - Checking file landing/customers/customers_20260323T012106.csv.gz, result=(1,)
[2026-03-23T03:05:34.175+0000] {postgres_client.py:223} INFO - Checking file landing/customers/customers_20260323T013407.csv.gz, result=(1,)
[2026-03-23T03:05:34.177+0000] {postgres_client.py:223} INFO - Checking file landing/customers/customers_20260323T020828.csv.gz, result=(1,)
[2026-03-23T03:05:34.180+0000] {postgres_client.py:223} INFO - Checking file landing/customers/customers_20260323T021520.csv.gz, result=(1,)
[2026-03-23T03:05:34.181+0000] {postgres_client.py:223} INFO - Checking file landing/customers/customers_20260323T030350.csv.gz, result=None
[2026-03-23T03:05:34.183+0000] {postgres_client.py:223} INFO - Checking file landing/products/products_20260319_194532.csv.gz, result=(1,)
[2026-03-23T03:05:34.184+0000] {postgres_client.py:223} INFO - Checking file landing/products/products_20260321T212748.csv.gz, result=(1,)
[2026-03-23T03:05:34.186+0000] {postgres_client.py:223} INFO - Checking file landing/products/products_20260321_211221.csv.gz, result=(1,)
[2026-03-23T03:05:34.188+0000] {postgres_client.py:223} INFO - Checking file landing/products/products_20260322T183535.csv.gz, result=(1,)
[2026-03-23T03:05:34.189+0000] {postgres_client.py:223} INFO - Checking file landing/products/products_20260322T183909.csv.gz, result=(1,)
[2026-03-23T03:05:34.191+0000] {postgres_client.py:223} INFO - Checking file landing/products/products_20260322T184136.csv.gz, result=(1,)
[2026-03-23T03:05:34.192+0000] {postgres_client.py:223} INFO - Checking file landing/products/products_20260322T185027.csv.gz, result=(1,)
[2026-03-23T03:05:34.194+0000] {postgres_client.py:223} INFO - Checking file landing/products/products_20260322T185412.csv.gz, result=(1,)
[2026-03-23T03:05:34.196+0000] {postgres_client.py:223} INFO - Checking file landing/products/products_20260322T192419.csv.gz, result=(1,)
[2026-03-23T03:05:34.197+0000] {postgres_client.py:223} INFO - Checking file landing/products/products_20260322T192619.csv.gz, result=(1,)
[2026-03-23T03:05:34.198+0000] {postgres_client.py:223} INFO - Checking file landing/products/products_20260322T193328.csv.gz, result=(1,)
[2026-03-23T03:05:34.200+0000] {postgres_client.py:223} INFO - Checking file landing/products/products_20260322T193503.csv.gz, result=(1,)
[2026-03-23T03:05:34.201+0000] {postgres_client.py:223} INFO - Checking file landing/products/products_20260322T194719.csv.gz, result=(1,)
[2026-03-23T03:05:34.203+0000] {postgres_client.py:223} INFO - Checking file landing/products/products_20260322T195706.csv.gz, result=(1,)
[2026-03-23T03:05:34.204+0000] {postgres_client.py:223} INFO - Checking file landing/products/products_20260322T200122.csv.gz, result=(1,)
[2026-03-23T03:05:34.205+0000] {postgres_client.py:223} INFO - Checking file landing/products/products_20260322T200753.csv.gz, result=(1,)
[2026-03-23T03:05:34.207+0000] {postgres_client.py:223} INFO - Checking file landing/products/products_20260322T201226.csv.gz, result=(1,)
[2026-03-23T03:05:34.208+0000] {postgres_client.py:223} INFO - Checking file landing/products/products_20260322T201524.csv.gz, result=(1,)
[2026-03-23T03:05:34.210+0000] {postgres_client.py:223} INFO - Checking file landing/products/products_20260322T233155.csv.gz, result=(1,)
[2026-03-23T03:05:34.212+0000] {postgres_client.py:223} INFO - Checking file landing/products/products_20260322T233647.csv.gz, result=(1,)
[2026-03-23T03:05:34.213+0000] {postgres_client.py:223} INFO - Checking file landing/products/products_20260322T233839.csv.gz, result=(1,)
[2026-03-23T03:05:34.214+0000] {postgres_client.py:223} INFO - Checking file landing/products/products_20260322T235721.csv.gz, result=(1,)
[2026-03-23T03:05:34.216+0000] {postgres_client.py:223} INFO - Checking file landing/products/products_20260323T005246.csv.gz, result=(1,)
[2026-03-23T03:05:34.217+0000] {postgres_client.py:223} INFO - Checking file landing/products/products_20260323T011217.csv.gz, result=(1,)
[2026-03-23T03:05:34.218+0000] {postgres_client.py:223} INFO - Checking file landing/products/products_20260323T012106.csv.gz, result=(1,)
[2026-03-23T03:05:34.220+0000] {postgres_client.py:223} INFO - Checking file landing/products/products_20260323T013407.csv.gz, result=(1,)
[2026-03-23T03:05:34.222+0000] {postgres_client.py:223} INFO - Checking file landing/products/products_20260323T020828.csv.gz, result=(1,)
[2026-03-23T03:05:34.223+0000] {postgres_client.py:223} INFO - Checking file landing/products/products_20260323T021520.csv.gz, result=(1,)
[2026-03-23T03:05:34.225+0000] {postgres_client.py:223} INFO - Checking file landing/products/products_20260323T030350.csv.gz, result=None
[2026-03-23T03:05:34.226+0000] {postgres_client.py:223} INFO - Checking file landing/sales/sales_20260319_194532.csv.gz, result=(1,)
[2026-03-23T03:05:34.228+0000] {postgres_client.py:223} INFO - Checking file landing/sales/sales_20260321T212748.csv.gz, result=(1,)
[2026-03-23T03:05:34.229+0000] {postgres_client.py:223} INFO - Checking file landing/sales/sales_20260321_211221.csv.gz, result=(1,)
[2026-03-23T03:05:34.230+0000] {postgres_client.py:223} INFO - Checking file landing/sales/sales_20260322T183535.csv.gz, result=(1,)
[2026-03-23T03:05:34.231+0000] {postgres_client.py:223} INFO - Checking file landing/sales/sales_20260322T183909.csv.gz, result=(1,)
[2026-03-23T03:05:34.233+0000] {postgres_client.py:223} INFO - Checking file landing/sales/sales_20260322T184136.csv.gz, result=(1,)
[2026-03-23T03:05:34.234+0000] {postgres_client.py:223} INFO - Checking file landing/sales/sales_20260322T185027.csv.gz, result=(1,)
[2026-03-23T03:05:34.235+0000] {postgres_client.py:223} INFO - Checking file landing/sales/sales_20260322T185412.csv.gz, result=(1,)
[2026-03-23T03:05:34.237+0000] {postgres_client.py:223} INFO - Checking file landing/sales/sales_20260322T192419.csv.gz, result=(1,)
[2026-03-23T03:05:34.238+0000] {postgres_client.py:223} INFO - Checking file landing/sales/sales_20260322T192619.csv.gz, result=(1,)
[2026-03-23T03:05:34.239+0000] {postgres_client.py:223} INFO - Checking file landing/sales/sales_20260322T193328.csv.gz, result=(1,)
[2026-03-23T03:05:34.241+0000] {postgres_client.py:223} INFO - Checking file landing/sales/sales_20260322T193503.csv.gz, result=(1,)
[2026-03-23T03:05:34.242+0000] {postgres_client.py:223} INFO - Checking file landing/sales/sales_20260322T194719.csv.gz, result=(1,)
[2026-03-23T03:05:34.244+0000] {postgres_client.py:223} INFO - Checking file landing/sales/sales_20260322T195706.csv.gz, result=(1,)
[2026-03-23T03:05:34.245+0000] {postgres_client.py:223} INFO - Checking file landing/sales/sales_20260322T200122.csv.gz, result=(1,)
[2026-03-23T03:05:34.246+0000] {postgres_client.py:223} INFO - Checking file landing/sales/sales_20260322T200753.csv.gz, result=(1,)
[2026-03-23T03:05:34.247+0000] {postgres_client.py:223} INFO - Checking file landing/sales/sales_20260322T201226.csv.gz, result=(1,)
[2026-03-23T03:05:34.249+0000] {postgres_client.py:223} INFO - Checking file landing/sales/sales_20260322T201524.csv.gz, result=(1,)
[2026-03-23T03:05:34.250+0000] {postgres_client.py:223} INFO - Checking file landing/sales/sales_20260322T233155.csv.gz, result=(1,)
[2026-03-23T03:05:34.251+0000] {postgres_client.py:223} INFO - Checking file landing/sales/sales_20260322T233647.csv.gz, result=(1,)
[2026-03-23T03:05:34.252+0000] {postgres_client.py:223} INFO - Checking file landing/sales/sales_20260322T233839.csv.gz, result=(1,)
[2026-03-23T03:05:34.253+0000] {postgres_client.py:223} INFO - Checking file landing/sales/sales_20260322T235721.csv.gz, result=(1,)
[2026-03-23T03:05:34.255+0000] {postgres_client.py:223} INFO - Checking file landing/sales/sales_20260323T005246.csv.gz, result=(1,)
[2026-03-23T03:05:34.257+0000] {postgres_client.py:223} INFO - Checking file landing/sales/sales_20260323T011217.csv.gz, result=(1,)
[2026-03-23T03:05:34.258+0000] {postgres_client.py:223} INFO - Checking file landing/sales/sales_20260323T012106.csv.gz, result=(1,)
[2026-03-23T03:05:34.259+0000] {postgres_client.py:223} INFO - Checking file landing/sales/sales_20260323T013407.csv.gz, result=(1,)
[2026-03-23T03:05:34.261+0000] {postgres_client.py:223} INFO - Checking file landing/sales/sales_20260323T020828.csv.gz, result=(1,)
[2026-03-23T03:05:34.262+0000] {postgres_client.py:223} INFO - Checking file landing/sales/sales_20260323T021520.csv.gz, result=(1,)
[2026-03-23T03:05:34.263+0000] {postgres_client.py:223} INFO - Checking file landing/sales/sales_20260323T030350.csv.gz, result=None
[2026-03-23T03:05:34.275+0000] {postgres_client.py:82} INFO - Executed SQL file: /opt/***/sql/customers_ddl.sql
[2026-03-23T03:05:34.367+0000] {postgres_client.py:177} INFO - Read 10000 records from gzip file
[2026-03-23T03:05:38.589+0000] {postgres_client.py:82} INFO - Executed SQL file: /opt/***/sql/products_ddl.sql
[2026-03-23T03:05:38.608+0000] {postgres_client.py:177} INFO - Read 2000 records from gzip file
[2026-03-23T03:05:39.424+0000] {postgres_client.py:82} INFO - Executed SQL file: /opt/***/sql/sales_ddl.sql
[2026-03-23T03:05:50.079+0000] {postgres_client.py:127} INFO - Loaded data into raw.sales
[2026-03-23T03:05:50.083+0000] {dag_utils.py:224} INFO - Processed 1 new file(s) for table raw.customers
[2026-03-23T03:05:50.084+0000] {dag_utils.py:224} INFO - Processed 1 new file(s) for table raw.products
[2026-03-23T03:05:50.085+0000] {dag_utils.py:224} INFO - Processed 1 new file(s) for table raw.sales
[2026-03-23T03:05:50.086+0000] {dag_utils.py:226} INFO - All files processed successfully
[2026-03-23T03:05:50.088+0000] {python.py:240} INFO - Done. Returned value was: None
[2026-03-23T03:05:50.103+0000] {taskinstance.py:341} INFO - ::group::Post task execution logs
[2026-03-23T03:05:50.104+0000] {taskinstance.py:353} INFO - Marking task as SUCCESS. dag_id=retail_data_pipeline, task_id=load_all_from_minio, run_id=manual__2026-03-23T03:03:50.757986+00:00, execution_date=20260323T030350, start_date=20260323T030533, end_date=20260323T030550
[2026-03-23T03:05:50.164+0000] {local_task_job_runner.py:266} INFO - Task exited with return code 0
[2026-03-23T03:05:50.188+0000] {taskinstance.py:3901} INFO - 0 downstream tasks scheduled from follow-on schedule check
[2026-03-23T03:05:50.191+0000] {local_task_job_runner.py:245} INFO - ::endgroup::
