[2026-03-23T01:21:56.471+0000] {local_task_job_runner.py:123} INFO - ::group::Pre task execution logs
[2026-03-23T01:21:56.525+0000] {taskinstance.py:2614} INFO - Dependencies all met for dep_context=non-requeueable deps ti=<TaskInstance: retail_data_pipeline.load_all_from_minio manual__2026-03-23T01:21:06.965446+00:00 [queued]>
[2026-03-23T01:21:56.552+0000] {taskinstance.py:2614} INFO - Dependencies all met for dep_context=requeueable deps ti=<TaskInstance: retail_data_pipeline.load_all_from_minio manual__2026-03-23T01:21:06.965446+00:00 [queued]>
[2026-03-23T01:21:56.554+0000] {taskinstance.py:2867} INFO - Starting attempt 1 of 1
[2026-03-23T01:21:56.589+0000] {taskinstance.py:2890} INFO - Executing <Task(PythonOperator): load_all_from_minio> on 2026-03-23 01:21:06.965446+00:00
[2026-03-23T01:21:56.603+0000] {warnings.py:112} WARNING - /home/***/.local/lib/python3.12/site-packages/***/task/task_runner/standard_task_runner.py:70: DeprecationWarning: This process (pid=1668) is multi-threaded, use of fork() may lead to deadlocks in the child.
  pid = os.fork()

[2026-03-23T01:21:56.607+0000] {standard_task_runner.py:72} INFO - Started process 1677 to run task
[2026-03-23T01:21:56.608+0000] {standard_task_runner.py:104} INFO - Running: ['***', 'tasks', 'run', 'retail_data_pipeline', 'load_all_from_minio', 'manual__2026-03-23T01:21:06.965446+00:00', '--job-id', '66', '--raw', '--subdir', 'DAGS_FOLDER/dag.py', '--cfg-path', '/tmp/tmpfm5v4dhy']
[2026-03-23T01:21:56.615+0000] {standard_task_runner.py:105} INFO - Job 66: Subtask load_all_from_minio
[2026-03-23T01:21:56.791+0000] {task_command.py:467} INFO - Running <TaskInstance: retail_data_pipeline.load_all_from_minio manual__2026-03-23T01:21:06.965446+00:00 [running]> on host 750b4dfa1755
[2026-03-23T01:21:57.037+0000] {taskinstance.py:3134} INFO - Exporting env vars: AIRFLOW_CTX_DAG_OWNER='***' AIRFLOW_CTX_DAG_ID='retail_data_pipeline' AIRFLOW_CTX_TASK_ID='load_all_from_minio' AIRFLOW_CTX_EXECUTION_DATE='2026-03-23T01:21:06.965446+00:00' AIRFLOW_CTX_TRY_NUMBER='1' AIRFLOW_CTX_DAG_RUN_ID='manual__2026-03-23T01:21:06.965446+00:00'
[2026-03-23T01:21:57.040+0000] {taskinstance.py:732} INFO - ::endgroup::
[2026-03-23T01:21:57.083+0000] {base.py:84} INFO - Retrieving connection 'minio_conn'
[2026-03-23T01:21:57.336+0000] {base.py:84} INFO - Retrieving connection 'postgres_conn'
[2026-03-23T01:21:57.429+0000] {dag_utils.py:123} INFO - Files from MinIO: ['landing/customers/customers_20260319_194531.csv.gz', 'landing/customers/customers_20260319_194532.csv.gz', 'landing/customers/customers_20260321T212748.csv.gz', 'landing/customers/customers_20260321_211221.csv.gz', 'landing/customers/customers_20260322T183535.csv.gz', 'landing/customers/customers_20260322T183909.csv.gz', 'landing/customers/customers_20260322T184136.csv.gz', 'landing/customers/customers_20260322T185027.csv.gz', 'landing/customers/customers_20260322T185412.csv.gz', 'landing/customers/customers_20260322T192419.csv.gz', 'landing/customers/customers_20260322T192619.csv.gz', 'landing/customers/customers_20260322T193328.csv.gz', 'landing/customers/customers_20260322T193503.csv.gz', 'landing/customers/customers_20260322T194719.csv.gz', 'landing/customers/customers_20260322T195706.csv.gz', 'landing/customers/customers_20260322T200122.csv.gz', 'landing/customers/customers_20260322T200753.csv.gz', 'landing/customers/customers_20260322T201226.csv.gz', 'landing/customers/customers_20260322T201524.csv.gz', 'landing/customers/customers_20260322T233155.csv.gz', 'landing/customers/customers_20260322T233647.csv.gz', 'landing/customers/customers_20260322T233839.csv.gz', 'landing/customers/customers_20260322T235721.csv.gz', 'landing/customers/customers_20260323T005246.csv.gz', 'landing/customers/customers_20260323T011217.csv.gz', 'landing/customers/customers_20260323T012106.csv.gz', 'landing/products/products_20260319_194532.csv.gz', 'landing/products/products_20260321T212748.csv.gz', 'landing/products/products_20260321_211221.csv.gz', 'landing/products/products_20260322T183535.csv.gz', 'landing/products/products_20260322T183909.csv.gz', 'landing/products/products_20260322T184136.csv.gz', 'landing/products/products_20260322T185027.csv.gz', 'landing/products/products_20260322T185412.csv.gz', 'landing/products/products_20260322T192419.csv.gz', 'landing/products/products_20260322T192619.csv.gz', 'landing/products/products_20260322T193328.csv.gz', 'landing/products/products_20260322T193503.csv.gz', 'landing/products/products_20260322T194719.csv.gz', 'landing/products/products_20260322T195706.csv.gz', 'landing/products/products_20260322T200122.csv.gz', 'landing/products/products_20260322T200753.csv.gz', 'landing/products/products_20260322T201226.csv.gz', 'landing/products/products_20260322T201524.csv.gz', 'landing/products/products_20260322T233155.csv.gz', 'landing/products/products_20260322T233647.csv.gz', 'landing/products/products_20260322T233839.csv.gz', 'landing/products/products_20260322T235721.csv.gz', 'landing/products/products_20260323T005246.csv.gz', 'landing/products/products_20260323T011217.csv.gz', 'landing/products/products_20260323T012106.csv.gz', 'landing/sales/sales_20260319_194532.csv.gz', 'landing/sales/sales_20260321T212748.csv.gz', 'landing/sales/sales_20260321_211221.csv.gz', 'landing/sales/sales_20260322T183535.csv.gz', 'landing/sales/sales_20260322T183909.csv.gz', 'landing/sales/sales_20260322T184136.csv.gz', 'landing/sales/sales_20260322T185027.csv.gz', 'landing/sales/sales_20260322T185412.csv.gz', 'landing/sales/sales_20260322T192419.csv.gz', 'landing/sales/sales_20260322T192619.csv.gz', 'landing/sales/sales_20260322T193328.csv.gz', 'landing/sales/sales_20260322T193503.csv.gz', 'landing/sales/sales_20260322T194719.csv.gz', 'landing/sales/sales_20260322T195706.csv.gz', 'landing/sales/sales_20260322T200122.csv.gz', 'landing/sales/sales_20260322T200753.csv.gz', 'landing/sales/sales_20260322T201226.csv.gz', 'landing/sales/sales_20260322T201524.csv.gz', 'landing/sales/sales_20260322T233155.csv.gz', 'landing/sales/sales_20260322T233647.csv.gz', 'landing/sales/sales_20260322T233839.csv.gz', 'landing/sales/sales_20260322T235721.csv.gz', 'landing/sales/sales_20260323T005246.csv.gz', 'landing/sales/sales_20260323T011217.csv.gz', 'landing/sales/sales_20260323T012106.csv.gz']
[2026-03-23T01:21:57.461+0000] {postgres_client.py:82} INFO - Executed SQL file: /opt/***/sql/tracker_ddl.sql
[2026-03-23T01:21:57.463+0000] {postgres_client.py:208} INFO - Checking file landing/customers/customers_20260319_194531.csv.gz, result=None
[2026-03-23T01:21:57.465+0000] {postgres_client.py:208} INFO - Checking file landing/customers/customers_20260319_194532.csv.gz, result=None
[2026-03-23T01:21:57.466+0000] {postgres_client.py:208} INFO - Checking file landing/customers/customers_20260321T212748.csv.gz, result=None
[2026-03-23T01:21:57.468+0000] {postgres_client.py:208} INFO - Checking file landing/customers/customers_20260321_211221.csv.gz, result=None
[2026-03-23T01:21:57.469+0000] {postgres_client.py:208} INFO - Checking file landing/customers/customers_20260322T183535.csv.gz, result=None
[2026-03-23T01:21:57.471+0000] {postgres_client.py:208} INFO - Checking file landing/customers/customers_20260322T183909.csv.gz, result=None
[2026-03-23T01:21:57.472+0000] {postgres_client.py:208} INFO - Checking file landing/customers/customers_20260322T184136.csv.gz, result=None
[2026-03-23T01:21:57.474+0000] {postgres_client.py:208} INFO - Checking file landing/customers/customers_20260322T185027.csv.gz, result=None
[2026-03-23T01:21:57.475+0000] {postgres_client.py:208} INFO - Checking file landing/customers/customers_20260322T185412.csv.gz, result=None
[2026-03-23T01:21:57.476+0000] {postgres_client.py:208} INFO - Checking file landing/customers/customers_20260322T192419.csv.gz, result=None
[2026-03-23T01:21:57.478+0000] {postgres_client.py:208} INFO - Checking file landing/customers/customers_20260322T192619.csv.gz, result=None
[2026-03-23T01:21:57.480+0000] {postgres_client.py:208} INFO - Checking file landing/customers/customers_20260322T193328.csv.gz, result=None
[2026-03-23T01:21:57.482+0000] {postgres_client.py:208} INFO - Checking file landing/customers/customers_20260322T193503.csv.gz, result=None
[2026-03-23T01:21:57.484+0000] {postgres_client.py:208} INFO - Checking file landing/customers/customers_20260322T194719.csv.gz, result=None
[2026-03-23T01:21:57.486+0000] {postgres_client.py:208} INFO - Checking file landing/customers/customers_20260322T195706.csv.gz, result=None
[2026-03-23T01:21:57.488+0000] {postgres_client.py:208} INFO - Checking file landing/customers/customers_20260322T200122.csv.gz, result=None
[2026-03-23T01:21:57.490+0000] {postgres_client.py:208} INFO - Checking file landing/customers/customers_20260322T200753.csv.gz, result=None
[2026-03-23T01:21:57.492+0000] {postgres_client.py:208} INFO - Checking file landing/customers/customers_20260322T201226.csv.gz, result=None
[2026-03-23T01:21:57.493+0000] {postgres_client.py:208} INFO - Checking file landing/customers/customers_20260322T201524.csv.gz, result=None
[2026-03-23T01:21:57.495+0000] {postgres_client.py:208} INFO - Checking file landing/customers/customers_20260322T233155.csv.gz, result=None
[2026-03-23T01:21:57.497+0000] {postgres_client.py:208} INFO - Checking file landing/customers/customers_20260322T233647.csv.gz, result=None
[2026-03-23T01:21:57.499+0000] {postgres_client.py:208} INFO - Checking file landing/customers/customers_20260322T233839.csv.gz, result=None
[2026-03-23T01:21:57.500+0000] {postgres_client.py:208} INFO - Checking file landing/customers/customers_20260322T235721.csv.gz, result=None
[2026-03-23T01:21:57.502+0000] {postgres_client.py:208} INFO - Checking file landing/customers/customers_20260323T005246.csv.gz, result=None
[2026-03-23T01:21:57.504+0000] {postgres_client.py:208} INFO - Checking file landing/customers/customers_20260323T011217.csv.gz, result=None
[2026-03-23T01:21:57.506+0000] {postgres_client.py:208} INFO - Checking file landing/customers/customers_20260323T012106.csv.gz, result=None
[2026-03-23T01:21:57.509+0000] {postgres_client.py:208} INFO - Checking file landing/products/products_20260319_194532.csv.gz, result=None
[2026-03-23T01:21:57.510+0000] {postgres_client.py:208} INFO - Checking file landing/products/products_20260321T212748.csv.gz, result=None
[2026-03-23T01:21:57.512+0000] {postgres_client.py:208} INFO - Checking file landing/products/products_20260321_211221.csv.gz, result=None
[2026-03-23T01:21:57.514+0000] {postgres_client.py:208} INFO - Checking file landing/products/products_20260322T183535.csv.gz, result=None
[2026-03-23T01:21:57.517+0000] {postgres_client.py:208} INFO - Checking file landing/products/products_20260322T183909.csv.gz, result=None
[2026-03-23T01:21:57.519+0000] {postgres_client.py:208} INFO - Checking file landing/products/products_20260322T184136.csv.gz, result=None
[2026-03-23T01:21:57.520+0000] {postgres_client.py:208} INFO - Checking file landing/products/products_20260322T185027.csv.gz, result=None
[2026-03-23T01:21:57.522+0000] {postgres_client.py:208} INFO - Checking file landing/products/products_20260322T185412.csv.gz, result=None
[2026-03-23T01:21:57.524+0000] {postgres_client.py:208} INFO - Checking file landing/products/products_20260322T192419.csv.gz, result=None
[2026-03-23T01:21:57.527+0000] {postgres_client.py:208} INFO - Checking file landing/products/products_20260322T192619.csv.gz, result=None
[2026-03-23T01:21:57.529+0000] {postgres_client.py:208} INFO - Checking file landing/products/products_20260322T193328.csv.gz, result=None
[2026-03-23T01:21:57.532+0000] {postgres_client.py:208} INFO - Checking file landing/products/products_20260322T193503.csv.gz, result=None
[2026-03-23T01:21:57.533+0000] {postgres_client.py:208} INFO - Checking file landing/products/products_20260322T194719.csv.gz, result=None
[2026-03-23T01:21:57.535+0000] {postgres_client.py:208} INFO - Checking file landing/products/products_20260322T195706.csv.gz, result=None
[2026-03-23T01:21:57.537+0000] {postgres_client.py:208} INFO - Checking file landing/products/products_20260322T200122.csv.gz, result=None
[2026-03-23T01:21:57.539+0000] {postgres_client.py:208} INFO - Checking file landing/products/products_20260322T200753.csv.gz, result=None
[2026-03-23T01:21:57.541+0000] {postgres_client.py:208} INFO - Checking file landing/products/products_20260322T201226.csv.gz, result=None
[2026-03-23T01:21:57.543+0000] {postgres_client.py:208} INFO - Checking file landing/products/products_20260322T201524.csv.gz, result=None
[2026-03-23T01:21:57.544+0000] {postgres_client.py:208} INFO - Checking file landing/products/products_20260322T233155.csv.gz, result=None
[2026-03-23T01:21:57.546+0000] {postgres_client.py:208} INFO - Checking file landing/products/products_20260322T233647.csv.gz, result=None
[2026-03-23T01:21:57.548+0000] {postgres_client.py:208} INFO - Checking file landing/products/products_20260322T233839.csv.gz, result=None
[2026-03-23T01:21:57.550+0000] {postgres_client.py:208} INFO - Checking file landing/products/products_20260322T235721.csv.gz, result=None
[2026-03-23T01:21:57.553+0000] {postgres_client.py:208} INFO - Checking file landing/products/products_20260323T005246.csv.gz, result=None
[2026-03-23T01:21:57.554+0000] {postgres_client.py:208} INFO - Checking file landing/products/products_20260323T011217.csv.gz, result=None
[2026-03-23T01:21:57.556+0000] {postgres_client.py:208} INFO - Checking file landing/products/products_20260323T012106.csv.gz, result=None
[2026-03-23T01:21:57.558+0000] {postgres_client.py:208} INFO - Checking file landing/sales/sales_20260319_194532.csv.gz, result=None
[2026-03-23T01:21:57.559+0000] {postgres_client.py:208} INFO - Checking file landing/sales/sales_20260321T212748.csv.gz, result=None
[2026-03-23T01:21:57.561+0000] {postgres_client.py:208} INFO - Checking file landing/sales/sales_20260321_211221.csv.gz, result=None
[2026-03-23T01:21:57.563+0000] {postgres_client.py:208} INFO - Checking file landing/sales/sales_20260322T183535.csv.gz, result=None
[2026-03-23T01:21:57.564+0000] {postgres_client.py:208} INFO - Checking file landing/sales/sales_20260322T183909.csv.gz, result=None
[2026-03-23T01:21:57.566+0000] {postgres_client.py:208} INFO - Checking file landing/sales/sales_20260322T184136.csv.gz, result=None
[2026-03-23T01:21:57.568+0000] {postgres_client.py:208} INFO - Checking file landing/sales/sales_20260322T185027.csv.gz, result=None
[2026-03-23T01:21:57.570+0000] {postgres_client.py:208} INFO - Checking file landing/sales/sales_20260322T185412.csv.gz, result=None
[2026-03-23T01:21:57.572+0000] {postgres_client.py:208} INFO - Checking file landing/sales/sales_20260322T192419.csv.gz, result=None
[2026-03-23T01:21:57.574+0000] {postgres_client.py:208} INFO - Checking file landing/sales/sales_20260322T192619.csv.gz, result=None
[2026-03-23T01:21:57.576+0000] {postgres_client.py:208} INFO - Checking file landing/sales/sales_20260322T193328.csv.gz, result=None
[2026-03-23T01:21:57.578+0000] {postgres_client.py:208} INFO - Checking file landing/sales/sales_20260322T193503.csv.gz, result=None
[2026-03-23T01:21:57.579+0000] {postgres_client.py:208} INFO - Checking file landing/sales/sales_20260322T194719.csv.gz, result=None
[2026-03-23T01:21:57.581+0000] {postgres_client.py:208} INFO - Checking file landing/sales/sales_20260322T195706.csv.gz, result=None
[2026-03-23T01:21:57.583+0000] {postgres_client.py:208} INFO - Checking file landing/sales/sales_20260322T200122.csv.gz, result=None
[2026-03-23T01:21:57.585+0000] {postgres_client.py:208} INFO - Checking file landing/sales/sales_20260322T200753.csv.gz, result=None
[2026-03-23T01:21:57.586+0000] {postgres_client.py:208} INFO - Checking file landing/sales/sales_20260322T201226.csv.gz, result=None
[2026-03-23T01:21:57.588+0000] {postgres_client.py:208} INFO - Checking file landing/sales/sales_20260322T201524.csv.gz, result=None
[2026-03-23T01:21:57.590+0000] {postgres_client.py:208} INFO - Checking file landing/sales/sales_20260322T233155.csv.gz, result=None
[2026-03-23T01:21:57.592+0000] {postgres_client.py:208} INFO - Checking file landing/sales/sales_20260322T233647.csv.gz, result=None
[2026-03-23T01:21:57.594+0000] {postgres_client.py:208} INFO - Checking file landing/sales/sales_20260322T233839.csv.gz, result=None
[2026-03-23T01:21:57.596+0000] {postgres_client.py:208} INFO - Checking file landing/sales/sales_20260322T235721.csv.gz, result=None
[2026-03-23T01:21:57.599+0000] {postgres_client.py:208} INFO - Checking file landing/sales/sales_20260323T005246.csv.gz, result=None
[2026-03-23T01:21:57.601+0000] {postgres_client.py:208} INFO - Checking file landing/sales/sales_20260323T011217.csv.gz, result=None
[2026-03-23T01:21:57.603+0000] {postgres_client.py:208} INFO - Checking file landing/sales/sales_20260323T012106.csv.gz, result=None
[2026-03-23T01:21:57.609+0000] {dag_utils.py:165} INFO - Loading landing/customers/customers_20260319_194531.csv.gz → raw.customers
[2026-03-23T01:21:57.616+0000] {postgres_client.py:82} INFO - Executed SQL file: /opt/***/sql/customers_ddl.sql
[2026-03-23T01:21:57.760+0000] {postgres_client.py:162} INFO - Read 10000 records from gzip file
[2026-03-23T01:22:02.464+0000] {dag_utils.py:195} INFO - UPSERT completed for landing/customers/customers_20260319_194531.csv.gz
[2026-03-23T01:22:02.469+0000] {dag_utils.py:165} INFO - Loading landing/customers/customers_20260319_194532.csv.gz → raw.customers
[2026-03-23T01:22:02.475+0000] {postgres_client.py:82} INFO - Executed SQL file: /opt/***/sql/customers_ddl.sql
[2026-03-23T01:22:02.579+0000] {postgres_client.py:162} INFO - Read 10000 records from gzip file
[2026-03-23T01:22:06.580+0000] {dag_utils.py:195} INFO - UPSERT completed for landing/customers/customers_20260319_194532.csv.gz
[2026-03-23T01:22:06.584+0000] {dag_utils.py:165} INFO - Loading landing/customers/customers_20260321T212748.csv.gz → raw.customers
[2026-03-23T01:22:06.593+0000] {postgres_client.py:82} INFO - Executed SQL file: /opt/***/sql/customers_ddl.sql
[2026-03-23T01:22:06.721+0000] {postgres_client.py:162} INFO - Read 10000 records from gzip file
[2026-03-23T01:22:12.800+0000] {dag_utils.py:195} INFO - UPSERT completed for landing/customers/customers_20260321T212748.csv.gz
[2026-03-23T01:22:12.803+0000] {dag_utils.py:165} INFO - Loading landing/customers/customers_20260321_211221.csv.gz → raw.customers
[2026-03-23T01:22:12.809+0000] {postgres_client.py:82} INFO - Executed SQL file: /opt/***/sql/customers_ddl.sql
[2026-03-23T01:22:12.896+0000] {postgres_client.py:162} INFO - Read 10000 records from gzip file
[2026-03-23T01:22:17.259+0000] {dag_utils.py:195} INFO - UPSERT completed for landing/customers/customers_20260321_211221.csv.gz
[2026-03-23T01:22:17.266+0000] {dag_utils.py:165} INFO - Loading landing/customers/customers_20260322T183535.csv.gz → raw.customers
[2026-03-23T01:22:17.276+0000] {postgres_client.py:82} INFO - Executed SQL file: /opt/***/sql/customers_ddl.sql
[2026-03-23T01:22:17.385+0000] {postgres_client.py:162} INFO - Read 10000 records from gzip file
[2026-03-23T01:22:21.491+0000] {dag_utils.py:195} INFO - UPSERT completed for landing/customers/customers_20260322T183535.csv.gz
[2026-03-23T01:22:21.495+0000] {dag_utils.py:165} INFO - Loading landing/customers/customers_20260322T183909.csv.gz → raw.customers
[2026-03-23T01:22:21.499+0000] {postgres_client.py:82} INFO - Executed SQL file: /opt/***/sql/customers_ddl.sql
[2026-03-23T01:22:21.589+0000] {postgres_client.py:162} INFO - Read 10000 records from gzip file
[2026-03-23T01:22:25.906+0000] {dag_utils.py:195} INFO - UPSERT completed for landing/customers/customers_20260322T183909.csv.gz
[2026-03-23T01:22:25.910+0000] {dag_utils.py:165} INFO - Loading landing/customers/customers_20260322T184136.csv.gz → raw.customers
[2026-03-23T01:22:25.916+0000] {postgres_client.py:82} INFO - Executed SQL file: /opt/***/sql/customers_ddl.sql
[2026-03-23T01:22:25.989+0000] {postgres_client.py:162} INFO - Read 10000 records from gzip file
[2026-03-23T01:22:29.849+0000] {dag_utils.py:195} INFO - UPSERT completed for landing/customers/customers_20260322T184136.csv.gz
[2026-03-23T01:22:29.853+0000] {dag_utils.py:165} INFO - Loading landing/customers/customers_20260322T185027.csv.gz → raw.customers
[2026-03-23T01:22:29.859+0000] {postgres_client.py:82} INFO - Executed SQL file: /opt/***/sql/customers_ddl.sql
[2026-03-23T01:22:29.939+0000] {postgres_client.py:162} INFO - Read 10000 records from gzip file
[2026-03-23T01:22:33.751+0000] {dag_utils.py:195} INFO - UPSERT completed for landing/customers/customers_20260322T185027.csv.gz
[2026-03-23T01:22:33.755+0000] {dag_utils.py:165} INFO - Loading landing/customers/customers_20260322T185412.csv.gz → raw.customers
[2026-03-23T01:22:33.762+0000] {postgres_client.py:82} INFO - Executed SQL file: /opt/***/sql/customers_ddl.sql
[2026-03-23T01:22:33.852+0000] {postgres_client.py:162} INFO - Read 10000 records from gzip file
[2026-03-23T01:22:38.096+0000] {dag_utils.py:195} INFO - UPSERT completed for landing/customers/customers_20260322T185412.csv.gz
[2026-03-23T01:22:38.100+0000] {dag_utils.py:165} INFO - Loading landing/customers/customers_20260322T192419.csv.gz → raw.customers
[2026-03-23T01:22:38.106+0000] {postgres_client.py:82} INFO - Executed SQL file: /opt/***/sql/customers_ddl.sql
[2026-03-23T01:22:38.173+0000] {postgres_client.py:162} INFO - Read 10000 records from gzip file
[2026-03-23T01:22:43.776+0000] {dag_utils.py:195} INFO - UPSERT completed for landing/customers/customers_20260322T192419.csv.gz
[2026-03-23T01:22:43.780+0000] {dag_utils.py:165} INFO - Loading landing/customers/customers_20260322T192619.csv.gz → raw.customers
[2026-03-23T01:22:43.786+0000] {postgres_client.py:82} INFO - Executed SQL file: /opt/***/sql/customers_ddl.sql
[2026-03-23T01:22:43.882+0000] {postgres_client.py:162} INFO - Read 10000 records from gzip file
[2026-03-23T01:22:48.034+0000] {dag_utils.py:195} INFO - UPSERT completed for landing/customers/customers_20260322T192619.csv.gz
[2026-03-23T01:22:48.038+0000] {dag_utils.py:165} INFO - Loading landing/customers/customers_20260322T193328.csv.gz → raw.customers
[2026-03-23T01:22:48.043+0000] {postgres_client.py:82} INFO - Executed SQL file: /opt/***/sql/customers_ddl.sql
[2026-03-23T01:22:48.113+0000] {postgres_client.py:162} INFO - Read 10000 records from gzip file
[2026-03-23T01:22:52.327+0000] {dag_utils.py:195} INFO - UPSERT completed for landing/customers/customers_20260322T193328.csv.gz
[2026-03-23T01:22:52.333+0000] {dag_utils.py:165} INFO - Loading landing/customers/customers_20260322T193503.csv.gz → raw.customers
[2026-03-23T01:22:52.342+0000] {postgres_client.py:82} INFO - Executed SQL file: /opt/***/sql/customers_ddl.sql
[2026-03-23T01:22:52.419+0000] {postgres_client.py:162} INFO - Read 10000 records from gzip file
[2026-03-23T01:22:56.577+0000] {dag_utils.py:195} INFO - UPSERT completed for landing/customers/customers_20260322T193503.csv.gz
[2026-03-23T01:22:56.582+0000] {dag_utils.py:165} INFO - Loading landing/customers/customers_20260322T194719.csv.gz → raw.customers
[2026-03-23T01:22:56.587+0000] {postgres_client.py:82} INFO - Executed SQL file: /opt/***/sql/customers_ddl.sql
[2026-03-23T01:22:56.662+0000] {postgres_client.py:162} INFO - Read 10000 records from gzip file
[2026-03-23T01:23:00.852+0000] {dag_utils.py:195} INFO - UPSERT completed for landing/customers/customers_20260322T194719.csv.gz
[2026-03-23T01:23:00.858+0000] {dag_utils.py:165} INFO - Loading landing/customers/customers_20260322T195706.csv.gz → raw.customers
[2026-03-23T01:23:00.867+0000] {postgres_client.py:82} INFO - Executed SQL file: /opt/***/sql/customers_ddl.sql
[2026-03-23T01:23:00.969+0000] {postgres_client.py:162} INFO - Read 10000 records from gzip file
[2026-03-23T01:23:05.179+0000] {dag_utils.py:195} INFO - UPSERT completed for landing/customers/customers_20260322T195706.csv.gz
[2026-03-23T01:23:05.186+0000] {dag_utils.py:165} INFO - Loading landing/customers/customers_20260322T200122.csv.gz → raw.customers
[2026-03-23T01:23:05.195+0000] {postgres_client.py:82} INFO - Executed SQL file: /opt/***/sql/customers_ddl.sql
[2026-03-23T01:23:05.279+0000] {postgres_client.py:162} INFO - Read 10000 records from gzip file
[2026-03-23T01:23:09.256+0000] {dag_utils.py:195} INFO - UPSERT completed for landing/customers/customers_20260322T200122.csv.gz
[2026-03-23T01:23:09.263+0000] {dag_utils.py:165} INFO - Loading landing/customers/customers_20260322T200753.csv.gz → raw.customers
[2026-03-23T01:23:09.271+0000] {postgres_client.py:82} INFO - Executed SQL file: /opt/***/sql/customers_ddl.sql
[2026-03-23T01:23:09.379+0000] {postgres_client.py:162} INFO - Read 10000 records from gzip file
[2026-03-23T01:23:15.423+0000] {dag_utils.py:195} INFO - UPSERT completed for landing/customers/customers_20260322T200753.csv.gz
[2026-03-23T01:23:15.427+0000] {dag_utils.py:165} INFO - Loading landing/customers/customers_20260322T201226.csv.gz → raw.customers
[2026-03-23T01:23:15.432+0000] {postgres_client.py:82} INFO - Executed SQL file: /opt/***/sql/customers_ddl.sql
[2026-03-23T01:23:15.543+0000] {postgres_client.py:162} INFO - Read 10000 records from gzip file
[2026-03-23T01:23:19.748+0000] {dag_utils.py:195} INFO - UPSERT completed for landing/customers/customers_20260322T201226.csv.gz
[2026-03-23T01:23:19.752+0000] {dag_utils.py:165} INFO - Loading landing/customers/customers_20260322T201524.csv.gz → raw.customers
[2026-03-23T01:23:19.758+0000] {postgres_client.py:82} INFO - Executed SQL file: /opt/***/sql/customers_ddl.sql
[2026-03-23T01:23:19.827+0000] {postgres_client.py:162} INFO - Read 10000 records from gzip file
[2026-03-23T01:23:24.174+0000] {dag_utils.py:195} INFO - UPSERT completed for landing/customers/customers_20260322T201524.csv.gz
[2026-03-23T01:23:24.179+0000] {dag_utils.py:165} INFO - Loading landing/customers/customers_20260322T233155.csv.gz → raw.customers
[2026-03-23T01:23:24.185+0000] {postgres_client.py:82} INFO - Executed SQL file: /opt/***/sql/customers_ddl.sql
[2026-03-23T01:23:24.304+0000] {postgres_client.py:162} INFO - Read 10000 records from gzip file
[2026-03-23T01:23:28.557+0000] {dag_utils.py:195} INFO - UPSERT completed for landing/customers/customers_20260322T233155.csv.gz
[2026-03-23T01:23:28.563+0000] {dag_utils.py:165} INFO - Loading landing/customers/customers_20260322T233647.csv.gz → raw.customers
[2026-03-23T01:23:28.574+0000] {postgres_client.py:82} INFO - Executed SQL file: /opt/***/sql/customers_ddl.sql
[2026-03-23T01:23:28.702+0000] {postgres_client.py:162} INFO - Read 10000 records from gzip file
[2026-03-23T01:23:33.039+0000] {dag_utils.py:195} INFO - UPSERT completed for landing/customers/customers_20260322T233647.csv.gz
[2026-03-23T01:23:33.044+0000] {dag_utils.py:165} INFO - Loading landing/customers/customers_20260322T233839.csv.gz → raw.customers
[2026-03-23T01:23:33.050+0000] {postgres_client.py:82} INFO - Executed SQL file: /opt/***/sql/customers_ddl.sql
[2026-03-23T01:23:33.180+0000] {postgres_client.py:162} INFO - Read 10000 records from gzip file
[2026-03-23T01:23:37.381+0000] {dag_utils.py:195} INFO - UPSERT completed for landing/customers/customers_20260322T233839.csv.gz
[2026-03-23T01:23:37.385+0000] {dag_utils.py:165} INFO - Loading landing/customers/customers_20260322T235721.csv.gz → raw.customers
[2026-03-23T01:23:37.394+0000] {postgres_client.py:82} INFO - Executed SQL file: /opt/***/sql/customers_ddl.sql
[2026-03-23T01:23:37.475+0000] {postgres_client.py:162} INFO - Read 10000 records from gzip file
[2026-03-23T01:23:41.621+0000] {dag_utils.py:195} INFO - UPSERT completed for landing/customers/customers_20260322T235721.csv.gz
[2026-03-23T01:23:41.626+0000] {dag_utils.py:165} INFO - Loading landing/customers/customers_20260323T005246.csv.gz → raw.customers
[2026-03-23T01:23:41.632+0000] {postgres_client.py:82} INFO - Executed SQL file: /opt/***/sql/customers_ddl.sql
[2026-03-23T01:23:41.808+0000] {postgres_client.py:162} INFO - Read 10000 records from gzip file
[2026-03-23T01:23:47.482+0000] {dag_utils.py:195} INFO - UPSERT completed for landing/customers/customers_20260323T005246.csv.gz
[2026-03-23T01:23:47.486+0000] {dag_utils.py:165} INFO - Loading landing/customers/customers_20260323T011217.csv.gz → raw.customers
[2026-03-23T01:23:47.490+0000] {postgres_client.py:82} INFO - Executed SQL file: /opt/***/sql/customers_ddl.sql
[2026-03-23T01:23:47.595+0000] {postgres_client.py:162} INFO - Read 10000 records from gzip file
[2026-03-23T01:23:51.877+0000] {dag_utils.py:195} INFO - UPSERT completed for landing/customers/customers_20260323T011217.csv.gz
[2026-03-23T01:23:51.881+0000] {dag_utils.py:165} INFO - Loading landing/customers/customers_20260323T012106.csv.gz → raw.customers
[2026-03-23T01:23:51.886+0000] {postgres_client.py:82} INFO - Executed SQL file: /opt/***/sql/customers_ddl.sql
[2026-03-23T01:23:51.950+0000] {postgres_client.py:162} INFO - Read 10000 records from gzip file
[2026-03-23T01:23:56.159+0000] {dag_utils.py:195} INFO - UPSERT completed for landing/customers/customers_20260323T012106.csv.gz
[2026-03-23T01:23:56.164+0000] {dag_utils.py:165} INFO - Loading landing/products/products_20260319_194532.csv.gz → raw.products
[2026-03-23T01:23:56.259+0000] {postgres_client.py:82} INFO - Executed SQL file: /opt/***/sql/products_ddl.sql
[2026-03-23T01:23:56.298+0000] {postgres_client.py:162} INFO - Read 2000 records from gzip file
[2026-03-23T01:23:57.504+0000] {dag_utils.py:195} INFO - UPSERT completed for landing/products/products_20260319_194532.csv.gz
[2026-03-23T01:23:57.509+0000] {dag_utils.py:165} INFO - Loading landing/products/products_20260321T212748.csv.gz → raw.products
[2026-03-23T01:23:57.513+0000] {postgres_client.py:82} INFO - Executed SQL file: /opt/***/sql/products_ddl.sql
[2026-03-23T01:23:57.545+0000] {postgres_client.py:162} INFO - Read 2000 records from gzip file
[2026-03-23T01:23:58.342+0000] {dag_utils.py:195} INFO - UPSERT completed for landing/products/products_20260321T212748.csv.gz
[2026-03-23T01:23:58.346+0000] {dag_utils.py:165} INFO - Loading landing/products/products_20260321_211221.csv.gz → raw.products
[2026-03-23T01:23:58.351+0000] {postgres_client.py:82} INFO - Executed SQL file: /opt/***/sql/products_ddl.sql
[2026-03-23T01:23:58.374+0000] {postgres_client.py:162} INFO - Read 2000 records from gzip file
[2026-03-23T01:23:59.261+0000] {dag_utils.py:195} INFO - UPSERT completed for landing/products/products_20260321_211221.csv.gz
[2026-03-23T01:23:59.267+0000] {dag_utils.py:165} INFO - Loading landing/products/products_20260322T183535.csv.gz → raw.products
[2026-03-23T01:23:59.278+0000] {postgres_client.py:82} INFO - Executed SQL file: /opt/***/sql/products_ddl.sql
[2026-03-23T01:23:59.305+0000] {postgres_client.py:162} INFO - Read 2000 records from gzip file
[2026-03-23T01:24:00.169+0000] {dag_utils.py:195} INFO - UPSERT completed for landing/products/products_20260322T183535.csv.gz
[2026-03-23T01:24:00.174+0000] {dag_utils.py:165} INFO - Loading landing/products/products_20260322T183909.csv.gz → raw.products
[2026-03-23T01:24:00.179+0000] {postgres_client.py:82} INFO - Executed SQL file: /opt/***/sql/products_ddl.sql
[2026-03-23T01:24:00.209+0000] {postgres_client.py:162} INFO - Read 2000 records from gzip file
[2026-03-23T01:24:01.296+0000] {dag_utils.py:195} INFO - UPSERT completed for landing/products/products_20260322T183909.csv.gz
[2026-03-23T01:24:01.304+0000] {dag_utils.py:165} INFO - Loading landing/products/products_20260322T184136.csv.gz → raw.products
[2026-03-23T01:24:01.314+0000] {postgres_client.py:82} INFO - Executed SQL file: /opt/***/sql/products_ddl.sql
[2026-03-23T01:24:01.352+0000] {postgres_client.py:162} INFO - Read 2000 records from gzip file
[2026-03-23T01:24:02.151+0000] {dag_utils.py:195} INFO - UPSERT completed for landing/products/products_20260322T184136.csv.gz
[2026-03-23T01:24:02.155+0000] {dag_utils.py:165} INFO - Loading landing/products/products_20260322T185027.csv.gz → raw.products
[2026-03-23T01:24:02.163+0000] {postgres_client.py:82} INFO - Executed SQL file: /opt/***/sql/products_ddl.sql
[2026-03-23T01:24:02.198+0000] {postgres_client.py:162} INFO - Read 2000 records from gzip file
[2026-03-23T01:24:03.297+0000] {dag_utils.py:195} INFO - UPSERT completed for landing/products/products_20260322T185027.csv.gz
[2026-03-23T01:24:03.303+0000] {dag_utils.py:165} INFO - Loading landing/products/products_20260322T185412.csv.gz → raw.products
[2026-03-23T01:24:03.311+0000] {postgres_client.py:82} INFO - Executed SQL file: /opt/***/sql/products_ddl.sql
[2026-03-23T01:24:03.344+0000] {postgres_client.py:162} INFO - Read 2000 records from gzip file
[2026-03-23T01:24:04.300+0000] {dag_utils.py:195} INFO - UPSERT completed for landing/products/products_20260322T185412.csv.gz
[2026-03-23T01:24:04.305+0000] {dag_utils.py:165} INFO - Loading landing/products/products_20260322T192419.csv.gz → raw.products
[2026-03-23T01:24:04.312+0000] {postgres_client.py:82} INFO - Executed SQL file: /opt/***/sql/products_ddl.sql
[2026-03-23T01:24:04.347+0000] {postgres_client.py:162} INFO - Read 2000 records from gzip file
[2026-03-23T01:24:05.182+0000] {dag_utils.py:195} INFO - UPSERT completed for landing/products/products_20260322T192419.csv.gz
[2026-03-23T01:24:05.189+0000] {dag_utils.py:165} INFO - Loading landing/products/products_20260322T192619.csv.gz → raw.products
[2026-03-23T01:24:05.199+0000] {postgres_client.py:82} INFO - Executed SQL file: /opt/***/sql/products_ddl.sql
[2026-03-23T01:24:05.235+0000] {postgres_client.py:162} INFO - Read 2000 records from gzip file
[2026-03-23T01:24:06.113+0000] {dag_utils.py:195} INFO - UPSERT completed for landing/products/products_20260322T192619.csv.gz
[2026-03-23T01:24:06.118+0000] {dag_utils.py:165} INFO - Loading landing/products/products_20260322T193328.csv.gz → raw.products
[2026-03-23T01:24:06.124+0000] {postgres_client.py:82} INFO - Executed SQL file: /opt/***/sql/products_ddl.sql
[2026-03-23T01:24:06.146+0000] {postgres_client.py:162} INFO - Read 2000 records from gzip file
[2026-03-23T01:24:07.060+0000] {dag_utils.py:195} INFO - UPSERT completed for landing/products/products_20260322T193328.csv.gz
[2026-03-23T01:24:07.064+0000] {dag_utils.py:165} INFO - Loading landing/products/products_20260322T193503.csv.gz → raw.products
[2026-03-23T01:24:07.070+0000] {postgres_client.py:82} INFO - Executed SQL file: /opt/***/sql/products_ddl.sql
[2026-03-23T01:24:07.108+0000] {postgres_client.py:162} INFO - Read 2000 records from gzip file
[2026-03-23T01:24:07.908+0000] {dag_utils.py:195} INFO - UPSERT completed for landing/products/products_20260322T193503.csv.gz
[2026-03-23T01:24:07.912+0000] {dag_utils.py:165} INFO - Loading landing/products/products_20260322T194719.csv.gz → raw.products
[2026-03-23T01:24:07.916+0000] {postgres_client.py:82} INFO - Executed SQL file: /opt/***/sql/products_ddl.sql
[2026-03-23T01:24:07.946+0000] {postgres_client.py:162} INFO - Read 2000 records from gzip file
[2026-03-23T01:24:08.781+0000] {dag_utils.py:195} INFO - UPSERT completed for landing/products/products_20260322T194719.csv.gz
[2026-03-23T01:24:08.785+0000] {dag_utils.py:165} INFO - Loading landing/products/products_20260322T195706.csv.gz → raw.products
[2026-03-23T01:24:08.791+0000] {postgres_client.py:82} INFO - Executed SQL file: /opt/***/sql/products_ddl.sql
[2026-03-23T01:24:08.810+0000] {postgres_client.py:162} INFO - Read 2000 records from gzip file
[2026-03-23T01:24:09.560+0000] {dag_utils.py:195} INFO - UPSERT completed for landing/products/products_20260322T195706.csv.gz
[2026-03-23T01:24:09.564+0000] {dag_utils.py:165} INFO - Loading landing/products/products_20260322T200122.csv.gz → raw.products
[2026-03-23T01:24:09.570+0000] {postgres_client.py:82} INFO - Executed SQL file: /opt/***/sql/products_ddl.sql
[2026-03-23T01:24:09.612+0000] {postgres_client.py:162} INFO - Read 2000 records from gzip file
[2026-03-23T01:24:10.437+0000] {dag_utils.py:195} INFO - UPSERT completed for landing/products/products_20260322T200122.csv.gz
[2026-03-23T01:24:10.441+0000] {dag_utils.py:165} INFO - Loading landing/products/products_20260322T200753.csv.gz → raw.products
[2026-03-23T01:24:10.445+0000] {postgres_client.py:82} INFO - Executed SQL file: /opt/***/sql/products_ddl.sql
[2026-03-23T01:24:10.461+0000] {postgres_client.py:162} INFO - Read 2000 records from gzip file
[2026-03-23T01:24:11.234+0000] {dag_utils.py:195} INFO - UPSERT completed for landing/products/products_20260322T200753.csv.gz
[2026-03-23T01:24:11.238+0000] {dag_utils.py:165} INFO - Loading landing/products/products_20260322T201226.csv.gz → raw.products
[2026-03-23T01:24:11.243+0000] {postgres_client.py:82} INFO - Executed SQL file: /opt/***/sql/products_ddl.sql
[2026-03-23T01:24:11.269+0000] {postgres_client.py:162} INFO - Read 2000 records from gzip file
[2026-03-23T01:24:11.996+0000] {dag_utils.py:195} INFO - UPSERT completed for landing/products/products_20260322T201226.csv.gz
[2026-03-23T01:24:12.000+0000] {dag_utils.py:165} INFO - Loading landing/products/products_20260322T201524.csv.gz → raw.products
[2026-03-23T01:24:12.005+0000] {postgres_client.py:82} INFO - Executed SQL file: /opt/***/sql/products_ddl.sql
[2026-03-23T01:24:12.026+0000] {postgres_client.py:162} INFO - Read 2000 records from gzip file
[2026-03-23T01:24:12.789+0000] {dag_utils.py:195} INFO - UPSERT completed for landing/products/products_20260322T201524.csv.gz
[2026-03-23T01:24:12.794+0000] {dag_utils.py:165} INFO - Loading landing/products/products_20260322T233155.csv.gz → raw.products
[2026-03-23T01:24:12.800+0000] {postgres_client.py:82} INFO - Executed SQL file: /opt/***/sql/products_ddl.sql
[2026-03-23T01:24:12.825+0000] {postgres_client.py:162} INFO - Read 2000 records from gzip file
[2026-03-23T01:24:13.614+0000] {dag_utils.py:195} INFO - UPSERT completed for landing/products/products_20260322T233155.csv.gz
[2026-03-23T01:24:13.619+0000] {dag_utils.py:165} INFO - Loading landing/products/products_20260322T233647.csv.gz → raw.products
[2026-03-23T01:24:13.626+0000] {postgres_client.py:82} INFO - Executed SQL file: /opt/***/sql/products_ddl.sql
[2026-03-23T01:24:13.653+0000] {postgres_client.py:162} INFO - Read 2000 records from gzip file
[2026-03-23T01:24:14.510+0000] {dag_utils.py:195} INFO - UPSERT completed for landing/products/products_20260322T233647.csv.gz
[2026-03-23T01:24:14.515+0000] {dag_utils.py:165} INFO - Loading landing/products/products_20260322T233839.csv.gz → raw.products
[2026-03-23T01:24:14.522+0000] {postgres_client.py:82} INFO - Executed SQL file: /opt/***/sql/products_ddl.sql
[2026-03-23T01:24:14.546+0000] {postgres_client.py:162} INFO - Read 2000 records from gzip file
[2026-03-23T01:24:17.072+0000] {dag_utils.py:195} INFO - UPSERT completed for landing/products/products_20260322T233839.csv.gz
[2026-03-23T01:24:17.079+0000] {dag_utils.py:165} INFO - Loading landing/products/products_20260322T235721.csv.gz → raw.products
[2026-03-23T01:24:17.090+0000] {postgres_client.py:82} INFO - Executed SQL file: /opt/***/sql/products_ddl.sql
[2026-03-23T01:24:17.131+0000] {postgres_client.py:162} INFO - Read 2000 records from gzip file
[2026-03-23T01:24:17.899+0000] {dag_utils.py:195} INFO - UPSERT completed for landing/products/products_20260322T235721.csv.gz
[2026-03-23T01:24:17.904+0000] {dag_utils.py:165} INFO - Loading landing/products/products_20260323T005246.csv.gz → raw.products
[2026-03-23T01:24:17.911+0000] {postgres_client.py:82} INFO - Executed SQL file: /opt/***/sql/products_ddl.sql
[2026-03-23T01:24:17.991+0000] {postgres_client.py:162} INFO - Read 2000 records from gzip file
[2026-03-23T01:24:18.809+0000] {dag_utils.py:195} INFO - UPSERT completed for landing/products/products_20260323T005246.csv.gz
[2026-03-23T01:24:18.814+0000] {dag_utils.py:165} INFO - Loading landing/products/products_20260323T011217.csv.gz → raw.products
[2026-03-23T01:24:18.820+0000] {postgres_client.py:82} INFO - Executed SQL file: /opt/***/sql/products_ddl.sql
[2026-03-23T01:24:18.858+0000] {postgres_client.py:162} INFO - Read 2000 records from gzip file
[2026-03-23T01:24:19.667+0000] {dag_utils.py:195} INFO - UPSERT completed for landing/products/products_20260323T011217.csv.gz
[2026-03-23T01:24:19.671+0000] {dag_utils.py:165} INFO - Loading landing/products/products_20260323T012106.csv.gz → raw.products
[2026-03-23T01:24:19.678+0000] {postgres_client.py:82} INFO - Executed SQL file: /opt/***/sql/products_ddl.sql
[2026-03-23T01:24:19.699+0000] {postgres_client.py:162} INFO - Read 2000 records from gzip file
[2026-03-23T01:24:20.536+0000] {dag_utils.py:195} INFO - UPSERT completed for landing/products/products_20260323T012106.csv.gz
[2026-03-23T01:24:20.540+0000] {dag_utils.py:165} INFO - Loading landing/sales/sales_20260319_194532.csv.gz → raw.sales
[2026-03-23T01:24:20.560+0000] {postgres_client.py:82} INFO - Executed SQL file: /opt/***/sql/sales_ddl.sql
[2026-03-23T01:24:20.576+0000] {dag_utils.py:218} ERROR - Failed loading landing/sales/sales_20260319_194532.csv.gz: filename must be a str or bytes object, or a file
[2026-03-23T01:24:20.577+0000] {taskinstance.py:3313} ERROR - Task failed with exception
Traceback (most recent call last):
  File "/home/airflow/.local/lib/python3.12/site-packages/airflow/models/taskinstance.py", line 768, in _execute_task
    result = _execute_callable(context=context, **execute_callable_kwargs)
             ^^^^^^^^^^^^^^^^^^^^^^^^^^^^^^^^^^^^^^^^^^^^^^^^^^^^^^^^^^^^^
  File "/home/airflow/.local/lib/python3.12/site-packages/airflow/models/taskinstance.py", line 734, in _execute_callable
    return ExecutionCallableRunner(
           ^^^^^^^^^^^^^^^^^^^^^^^^
  File "/home/airflow/.local/lib/python3.12/site-packages/airflow/utils/operator_helpers.py", line 252, in run
    return self.func(*args, **kwargs)
           ^^^^^^^^^^^^^^^^^^^^^^^^^^
  File "/home/airflow/.local/lib/python3.12/site-packages/airflow/models/baseoperator.py", line 424, in wrapper
    return func(self, *args, **kwargs)
           ^^^^^^^^^^^^^^^^^^^^^^^^^^^
  File "/home/airflow/.local/lib/python3.12/site-packages/airflow/operators/python.py", line 238, in execute
    return_value = self.execute_callable()
                   ^^^^^^^^^^^^^^^^^^^^^^^
  File "/home/airflow/.local/lib/python3.12/site-packages/airflow/operators/python.py", line 256, in execute_callable
    return runner.run(*self.op_args, **self.op_kwargs)
           ^^^^^^^^^^^^^^^^^^^^^^^^^^^^^^^^^^^^^^^^^^^
  File "/home/airflow/.local/lib/python3.12/site-packages/airflow/utils/operator_helpers.py", line 252, in run
    return self.func(*args, **kwargs)
           ^^^^^^^^^^^^^^^^^^^^^^^^^^
  File "/opt/airflow/dags/dag.py", line 40, in load_task
    load_all_from_minio(
  File "/opt/airflow/dags/dag_utils.py", line 200, in load_all_from_minio
    postgres_client.load_gzip_csv(
  File "/opt/airflow/dags/postgres_client.py", line 130, in load_gzip_csv
    with gzip.open(gzip_stream, mode="rt", encoding="utf-8") as f:
         ^^^^^^^^^^^^^^^^^^^^^^^^^^^^^^^^^^^^^^^^^^^^^^^^^^^
  File "/usr/local/lib/python3.12/gzip.py", line 65, in open
    raise TypeError("filename must be a str or bytes object, or a file")
TypeError: filename must be a str or bytes object, or a file
[2026-03-23T01:24:20.608+0000] {taskinstance.py:1226} INFO - Marking task as FAILED. dag_id=retail_data_pipeline, task_id=load_all_from_minio, run_id=manual__2026-03-23T01:21:06.965446+00:00, execution_date=20260323T012106, start_date=20260323T012156, end_date=20260323T012420
[2026-03-23T01:24:20.654+0000] {taskinstance.py:341} INFO - ::group::Post task execution logs
[2026-03-23T01:24:20.656+0000] {standard_task_runner.py:124} ERROR - Failed to execute job 66 for task load_all_from_minio (filename must be a str or bytes object, or a file; 1677)
Traceback (most recent call last):
  File "/home/airflow/.local/lib/python3.12/site-packages/airflow/task/task_runner/standard_task_runner.py", line 117, in _start_by_fork
    ret = args.func(args, dag=self.dag)
          ^^^^^^^^^^^^^^^^^^^^^^^^^^^^^
  File "/home/airflow/.local/lib/python3.12/site-packages/airflow/cli/cli_config.py", line 49, in command
    return func(*args, **kwargs)
           ^^^^^^^^^^^^^^^^^^^^^
  File "/home/airflow/.local/lib/python3.12/site-packages/airflow/utils/cli.py", line 116, in wrapper
    return f(*args, **kwargs)
           ^^^^^^^^^^^^^^^^^^
  File "/home/airflow/.local/lib/python3.12/site-packages/airflow/cli/commands/task_command.py", line 483, in task_run
    task_return_code = _run_task_by_selected_method(args, _dag, ti)
                       ^^^^^^^^^^^^^^^^^^^^^^^^^^^^^^^^^^^^^^^^^^^^
  File "/home/airflow/.local/lib/python3.12/site-packages/airflow/cli/commands/task_command.py", line 256, in _run_task_by_selected_method
    return _run_raw_task(args, ti)
           ^^^^^^^^^^^^^^^^^^^^^^^
  File "/home/airflow/.local/lib/python3.12/site-packages/airflow/cli/commands/task_command.py", line 341, in _run_raw_task
    return ti._run_raw_task(
           ^^^^^^^^^^^^^^^^^
  File "/home/airflow/.local/lib/python3.12/site-packages/airflow/utils/session.py", line 97, in wrapper
    return func(*args, session=session, **kwargs)
           ^^^^^^^^^^^^^^^^^^^^^^^^^^^^^^^^^^^^^^
  File "/home/airflow/.local/lib/python3.12/site-packages/airflow/models/taskinstance.py", line 3006, in _run_raw_task
    return _run_raw_task(
           ^^^^^^^^^^^^^^
  File "/home/airflow/.local/lib/python3.12/site-packages/airflow/models/taskinstance.py", line 274, in _run_raw_task
    TaskInstance._execute_task_with_callbacks(
  File "/home/airflow/.local/lib/python3.12/site-packages/airflow/models/taskinstance.py", line 3161, in _execute_task_with_callbacks
    result = self._execute_task(context, task_orig)
             ^^^^^^^^^^^^^^^^^^^^^^^^^^^^^^^^^^^^^^
  File "/home/airflow/.local/lib/python3.12/site-packages/airflow/models/taskinstance.py", line 3185, in _execute_task
    return _execute_task(self, context, task_orig)
           ^^^^^^^^^^^^^^^^^^^^^^^^^^^^^^^^^^^^^^^
  File "/home/airflow/.local/lib/python3.12/site-packages/airflow/models/taskinstance.py", line 768, in _execute_task
    result = _execute_callable(context=context, **execute_callable_kwargs)
             ^^^^^^^^^^^^^^^^^^^^^^^^^^^^^^^^^^^^^^^^^^^^^^^^^^^^^^^^^^^^^
  File "/home/airflow/.local/lib/python3.12/site-packages/airflow/models/taskinstance.py", line 734, in _execute_callable
    return ExecutionCallableRunner(
           ^^^^^^^^^^^^^^^^^^^^^^^^
  File "/home/airflow/.local/lib/python3.12/site-packages/airflow/utils/operator_helpers.py", line 252, in run
    return self.func(*args, **kwargs)
           ^^^^^^^^^^^^^^^^^^^^^^^^^^
  File "/home/airflow/.local/lib/python3.12/site-packages/airflow/models/baseoperator.py", line 424, in wrapper
    return func(self, *args, **kwargs)
           ^^^^^^^^^^^^^^^^^^^^^^^^^^^
  File "/home/airflow/.local/lib/python3.12/site-packages/airflow/operators/python.py", line 238, in execute
    return_value = self.execute_callable()
                   ^^^^^^^^^^^^^^^^^^^^^^^
  File "/home/airflow/.local/lib/python3.12/site-packages/airflow/operators/python.py", line 256, in execute_callable
    return runner.run(*self.op_args, **self.op_kwargs)
           ^^^^^^^^^^^^^^^^^^^^^^^^^^^^^^^^^^^^^^^^^^^
  File "/home/airflow/.local/lib/python3.12/site-packages/airflow/utils/operator_helpers.py", line 252, in run
    return self.func(*args, **kwargs)
           ^^^^^^^^^^^^^^^^^^^^^^^^^^
  File "/opt/airflow/dags/dag.py", line 40, in load_task
    load_all_from_minio(
  File "/opt/airflow/dags/dag_utils.py", line 200, in load_all_from_minio
    postgres_client.load_gzip_csv(
  File "/opt/airflow/dags/postgres_client.py", line 130, in load_gzip_csv
    with gzip.open(gzip_stream, mode="rt", encoding="utf-8") as f:
         ^^^^^^^^^^^^^^^^^^^^^^^^^^^^^^^^^^^^^^^^^^^^^^^^^^^
  File "/usr/local/lib/python3.12/gzip.py", line 65, in open
    raise TypeError("filename must be a str or bytes object, or a file")
TypeError: filename must be a str or bytes object, or a file
[2026-03-23T01:24:20.713+0000] {local_task_job_runner.py:266} INFO - Task exited with return code 1
[2026-03-23T01:24:20.731+0000] {local_task_job_runner.py:245} INFO - ::endgroup::
