[2026-03-23T02:09:26.255+0000] {local_task_job_runner.py:123} INFO - ::group::Pre task execution logs
[2026-03-23T02:09:26.308+0000] {taskinstance.py:2614} INFO - Dependencies all met for dep_context=non-requeueable deps ti=<TaskInstance: retail_data_pipeline.load_all_from_minio manual__2026-03-23T02:08:28.787012+00:00 [queued]>
[2026-03-23T02:09:26.334+0000] {taskinstance.py:2614} INFO - Dependencies all met for dep_context=requeueable deps ti=<TaskInstance: retail_data_pipeline.load_all_from_minio manual__2026-03-23T02:08:28.787012+00:00 [queued]>
[2026-03-23T02:09:26.336+0000] {taskinstance.py:2867} INFO - Starting attempt 1 of 1
[2026-03-23T02:09:26.369+0000] {taskinstance.py:2890} INFO - Executing <Task(PythonOperator): load_all_from_minio> on 2026-03-23 02:08:28.787012+00:00
[2026-03-23T02:09:26.388+0000] {warnings.py:112} WARNING - /home/***/.local/lib/python3.12/site-packages/***/task/task_runner/standard_task_runner.py:70: DeprecationWarning: This process (pid=2264) is multi-threaded, use of fork() may lead to deadlocks in the child.
  pid = os.fork()

[2026-03-23T02:09:26.394+0000] {standard_task_runner.py:72} INFO - Started process 2266 to run task
[2026-03-23T02:09:26.394+0000] {standard_task_runner.py:104} INFO - Running: ['***', 'tasks', 'run', 'retail_data_pipeline', 'load_all_from_minio', 'manual__2026-03-23T02:08:28.787012+00:00', '--job-id', '70', '--raw', '--subdir', 'DAGS_FOLDER/dag.py', '--cfg-path', '/tmp/tmphv2ez6v0']
[2026-03-23T02:09:26.401+0000] {standard_task_runner.py:105} INFO - Job 70: Subtask load_all_from_minio
[2026-03-23T02:09:26.555+0000] {task_command.py:467} INFO - Running <TaskInstance: retail_data_pipeline.load_all_from_minio manual__2026-03-23T02:08:28.787012+00:00 [running]> on host 750b4dfa1755
[2026-03-23T02:09:26.741+0000] {taskinstance.py:3134} INFO - Exporting env vars: AIRFLOW_CTX_DAG_OWNER='***' AIRFLOW_CTX_DAG_ID='retail_data_pipeline' AIRFLOW_CTX_TASK_ID='load_all_from_minio' AIRFLOW_CTX_EXECUTION_DATE='2026-03-23T02:08:28.787012+00:00' AIRFLOW_CTX_TRY_NUMBER='1' AIRFLOW_CTX_DAG_RUN_ID='manual__2026-03-23T02:08:28.787012+00:00'
[2026-03-23T02:09:26.743+0000] {taskinstance.py:732} INFO - ::endgroup::
[2026-03-23T02:09:26.779+0000] {base.py:84} INFO - Retrieving connection 'minio_conn'
[2026-03-23T02:09:27.026+0000] {base.py:84} INFO - Retrieving connection 'postgres_conn'
[2026-03-23T02:09:27.107+0000] {dag_utils.py:123} INFO - Files from MinIO: ['landing/customers/customers_20260319_194531.csv.gz', 'landing/customers/customers_20260319_194532.csv.gz', 'landing/customers/customers_20260321T212748.csv.gz', 'landing/customers/customers_20260321_211221.csv.gz', 'landing/customers/customers_20260322T183535.csv.gz', 'landing/customers/customers_20260322T183909.csv.gz', 'landing/customers/customers_20260322T184136.csv.gz', 'landing/customers/customers_20260322T185027.csv.gz', 'landing/customers/customers_20260322T185412.csv.gz', 'landing/customers/customers_20260322T192419.csv.gz', 'landing/customers/customers_20260322T192619.csv.gz', 'landing/customers/customers_20260322T193328.csv.gz', 'landing/customers/customers_20260322T193503.csv.gz', 'landing/customers/customers_20260322T194719.csv.gz', 'landing/customers/customers_20260322T195706.csv.gz', 'landing/customers/customers_20260322T200122.csv.gz', 'landing/customers/customers_20260322T200753.csv.gz', 'landing/customers/customers_20260322T201226.csv.gz', 'landing/customers/customers_20260322T201524.csv.gz', 'landing/customers/customers_20260322T233155.csv.gz', 'landing/customers/customers_20260322T233647.csv.gz', 'landing/customers/customers_20260322T233839.csv.gz', 'landing/customers/customers_20260322T235721.csv.gz', 'landing/customers/customers_20260323T005246.csv.gz', 'landing/customers/customers_20260323T011217.csv.gz', 'landing/customers/customers_20260323T012106.csv.gz', 'landing/customers/customers_20260323T013407.csv.gz', 'landing/customers/customers_20260323T020828.csv.gz', 'landing/products/products_20260319_194532.csv.gz', 'landing/products/products_20260321T212748.csv.gz', 'landing/products/products_20260321_211221.csv.gz', 'landing/products/products_20260322T183535.csv.gz', 'landing/products/products_20260322T183909.csv.gz', 'landing/products/products_20260322T184136.csv.gz', 'landing/products/products_20260322T185027.csv.gz', 'landing/products/products_20260322T185412.csv.gz', 'landing/products/products_20260322T192419.csv.gz', 'landing/products/products_20260322T192619.csv.gz', 'landing/products/products_20260322T193328.csv.gz', 'landing/products/products_20260322T193503.csv.gz', 'landing/products/products_20260322T194719.csv.gz', 'landing/products/products_20260322T195706.csv.gz', 'landing/products/products_20260322T200122.csv.gz', 'landing/products/products_20260322T200753.csv.gz', 'landing/products/products_20260322T201226.csv.gz', 'landing/products/products_20260322T201524.csv.gz', 'landing/products/products_20260322T233155.csv.gz', 'landing/products/products_20260322T233647.csv.gz', 'landing/products/products_20260322T233839.csv.gz', 'landing/products/products_20260322T235721.csv.gz', 'landing/products/products_20260323T005246.csv.gz', 'landing/products/products_20260323T011217.csv.gz', 'landing/products/products_20260323T012106.csv.gz', 'landing/products/products_20260323T013407.csv.gz', 'landing/products/products_20260323T020828.csv.gz', 'landing/sales/sales_20260319_194532.csv.gz', 'landing/sales/sales_20260321T212748.csv.gz', 'landing/sales/sales_20260321_211221.csv.gz', 'landing/sales/sales_20260322T183535.csv.gz', 'landing/sales/sales_20260322T183909.csv.gz', 'landing/sales/sales_20260322T184136.csv.gz', 'landing/sales/sales_20260322T185027.csv.gz', 'landing/sales/sales_20260322T185412.csv.gz', 'landing/sales/sales_20260322T192419.csv.gz', 'landing/sales/sales_20260322T192619.csv.gz', 'landing/sales/sales_20260322T193328.csv.gz', 'landing/sales/sales_20260322T193503.csv.gz', 'landing/sales/sales_20260322T194719.csv.gz', 'landing/sales/sales_20260322T195706.csv.gz', 'landing/sales/sales_20260322T200122.csv.gz', 'landing/sales/sales_20260322T200753.csv.gz', 'landing/sales/sales_20260322T201226.csv.gz', 'landing/sales/sales_20260322T201524.csv.gz', 'landing/sales/sales_20260322T233155.csv.gz', 'landing/sales/sales_20260322T233647.csv.gz', 'landing/sales/sales_20260322T233839.csv.gz', 'landing/sales/sales_20260322T235721.csv.gz', 'landing/sales/sales_20260323T005246.csv.gz', 'landing/sales/sales_20260323T011217.csv.gz', 'landing/sales/sales_20260323T012106.csv.gz', 'landing/sales/sales_20260323T013407.csv.gz', 'landing/sales/sales_20260323T020828.csv.gz']
[2026-03-23T02:09:27.118+0000] {postgres_client.py:82} INFO - Executed SQL file: /opt/***/sql/tracker_ddl.sql
[2026-03-23T02:09:27.124+0000] {postgres_client.py:223} INFO - Checking file landing/customers/customers_20260319_194531.csv.gz, result=(1,)
[2026-03-23T02:09:27.126+0000] {postgres_client.py:223} INFO - Checking file landing/customers/customers_20260319_194532.csv.gz, result=(1,)
[2026-03-23T02:09:27.127+0000] {postgres_client.py:223} INFO - Checking file landing/customers/customers_20260321T212748.csv.gz, result=(1,)
[2026-03-23T02:09:27.129+0000] {postgres_client.py:223} INFO - Checking file landing/customers/customers_20260321_211221.csv.gz, result=(1,)
[2026-03-23T02:09:27.130+0000] {postgres_client.py:223} INFO - Checking file landing/customers/customers_20260322T183535.csv.gz, result=(1,)
[2026-03-23T02:09:27.132+0000] {postgres_client.py:223} INFO - Checking file landing/customers/customers_20260322T183909.csv.gz, result=(1,)
[2026-03-23T02:09:27.133+0000] {postgres_client.py:223} INFO - Checking file landing/customers/customers_20260322T184136.csv.gz, result=(1,)
[2026-03-23T02:09:27.135+0000] {postgres_client.py:223} INFO - Checking file landing/customers/customers_20260322T185027.csv.gz, result=(1,)
[2026-03-23T02:09:27.136+0000] {postgres_client.py:223} INFO - Checking file landing/customers/customers_20260322T185412.csv.gz, result=(1,)
[2026-03-23T02:09:27.138+0000] {postgres_client.py:223} INFO - Checking file landing/customers/customers_20260322T192419.csv.gz, result=(1,)
[2026-03-23T02:09:27.140+0000] {postgres_client.py:223} INFO - Checking file landing/customers/customers_20260322T192619.csv.gz, result=(1,)
[2026-03-23T02:09:27.142+0000] {postgres_client.py:223} INFO - Checking file landing/customers/customers_20260322T193328.csv.gz, result=(1,)
[2026-03-23T02:09:27.143+0000] {postgres_client.py:223} INFO - Checking file landing/customers/customers_20260322T193503.csv.gz, result=(1,)
[2026-03-23T02:09:27.145+0000] {postgres_client.py:223} INFO - Checking file landing/customers/customers_20260322T194719.csv.gz, result=(1,)
[2026-03-23T02:09:27.146+0000] {postgres_client.py:223} INFO - Checking file landing/customers/customers_20260322T195706.csv.gz, result=(1,)
[2026-03-23T02:09:27.148+0000] {postgres_client.py:223} INFO - Checking file landing/customers/customers_20260322T200122.csv.gz, result=(1,)
[2026-03-23T02:09:27.149+0000] {postgres_client.py:223} INFO - Checking file landing/customers/customers_20260322T200753.csv.gz, result=(1,)
[2026-03-23T02:09:27.151+0000] {postgres_client.py:223} INFO - Checking file landing/customers/customers_20260322T201226.csv.gz, result=(1,)
[2026-03-23T02:09:27.153+0000] {postgres_client.py:223} INFO - Checking file landing/customers/customers_20260322T201524.csv.gz, result=(1,)
[2026-03-23T02:09:27.154+0000] {postgres_client.py:223} INFO - Checking file landing/customers/customers_20260322T233155.csv.gz, result=(1,)
[2026-03-23T02:09:27.156+0000] {postgres_client.py:223} INFO - Checking file landing/customers/customers_20260322T233647.csv.gz, result=(1,)
[2026-03-23T02:09:27.157+0000] {postgres_client.py:223} INFO - Checking file landing/customers/customers_20260322T233839.csv.gz, result=(1,)
[2026-03-23T02:09:27.159+0000] {postgres_client.py:223} INFO - Checking file landing/customers/customers_20260322T235721.csv.gz, result=(1,)
[2026-03-23T02:09:27.160+0000] {postgres_client.py:223} INFO - Checking file landing/customers/customers_20260323T005246.csv.gz, result=(1,)
[2026-03-23T02:09:27.162+0000] {postgres_client.py:223} INFO - Checking file landing/customers/customers_20260323T011217.csv.gz, result=(1,)
[2026-03-23T02:09:27.163+0000] {postgres_client.py:223} INFO - Checking file landing/customers/customers_20260323T012106.csv.gz, result=(1,)
[2026-03-23T02:09:27.165+0000] {postgres_client.py:223} INFO - Checking file landing/customers/customers_20260323T013407.csv.gz, result=(1,)
[2026-03-23T02:09:27.167+0000] {postgres_client.py:223} INFO - Checking file landing/customers/customers_20260323T020828.csv.gz, result=None
[2026-03-23T02:09:27.169+0000] {postgres_client.py:223} INFO - Checking file landing/products/products_20260319_194532.csv.gz, result=(1,)
[2026-03-23T02:09:27.170+0000] {postgres_client.py:223} INFO - Checking file landing/products/products_20260321T212748.csv.gz, result=(1,)
[2026-03-23T02:09:27.172+0000] {postgres_client.py:223} INFO - Checking file landing/products/products_20260321_211221.csv.gz, result=(1,)
[2026-03-23T02:09:27.174+0000] {postgres_client.py:223} INFO - Checking file landing/products/products_20260322T183535.csv.gz, result=(1,)
[2026-03-23T02:09:27.175+0000] {postgres_client.py:223} INFO - Checking file landing/products/products_20260322T183909.csv.gz, result=(1,)
[2026-03-23T02:09:27.177+0000] {postgres_client.py:223} INFO - Checking file landing/products/products_20260322T184136.csv.gz, result=(1,)
[2026-03-23T02:09:27.178+0000] {postgres_client.py:223} INFO - Checking file landing/products/products_20260322T185027.csv.gz, result=(1,)
[2026-03-23T02:09:27.179+0000] {postgres_client.py:223} INFO - Checking file landing/products/products_20260322T185412.csv.gz, result=(1,)
[2026-03-23T02:09:27.181+0000] {postgres_client.py:223} INFO - Checking file landing/products/products_20260322T192419.csv.gz, result=(1,)
[2026-03-23T02:09:27.183+0000] {postgres_client.py:223} INFO - Checking file landing/products/products_20260322T192619.csv.gz, result=(1,)
[2026-03-23T02:09:27.185+0000] {postgres_client.py:223} INFO - Checking file landing/products/products_20260322T193328.csv.gz, result=(1,)
[2026-03-23T02:09:27.187+0000] {postgres_client.py:223} INFO - Checking file landing/products/products_20260322T193503.csv.gz, result=(1,)
[2026-03-23T02:09:27.189+0000] {postgres_client.py:223} INFO - Checking file landing/products/products_20260322T194719.csv.gz, result=(1,)
[2026-03-23T02:09:27.190+0000] {postgres_client.py:223} INFO - Checking file landing/products/products_20260322T195706.csv.gz, result=(1,)
[2026-03-23T02:09:27.192+0000] {postgres_client.py:223} INFO - Checking file landing/products/products_20260322T200122.csv.gz, result=(1,)
[2026-03-23T02:09:27.194+0000] {postgres_client.py:223} INFO - Checking file landing/products/products_20260322T200753.csv.gz, result=(1,)
[2026-03-23T02:09:27.195+0000] {postgres_client.py:223} INFO - Checking file landing/products/products_20260322T201226.csv.gz, result=(1,)
[2026-03-23T02:09:27.197+0000] {postgres_client.py:223} INFO - Checking file landing/products/products_20260322T201524.csv.gz, result=(1,)
[2026-03-23T02:09:27.199+0000] {postgres_client.py:223} INFO - Checking file landing/products/products_20260322T233155.csv.gz, result=(1,)
[2026-03-23T02:09:27.200+0000] {postgres_client.py:223} INFO - Checking file landing/products/products_20260322T233647.csv.gz, result=(1,)
[2026-03-23T02:09:27.202+0000] {postgres_client.py:223} INFO - Checking file landing/products/products_20260322T233839.csv.gz, result=(1,)
[2026-03-23T02:09:27.203+0000] {postgres_client.py:223} INFO - Checking file landing/products/products_20260322T235721.csv.gz, result=(1,)
[2026-03-23T02:09:27.205+0000] {postgres_client.py:223} INFO - Checking file landing/products/products_20260323T005246.csv.gz, result=(1,)
[2026-03-23T02:09:27.206+0000] {postgres_client.py:223} INFO - Checking file landing/products/products_20260323T011217.csv.gz, result=(1,)
[2026-03-23T02:09:27.208+0000] {postgres_client.py:223} INFO - Checking file landing/products/products_20260323T012106.csv.gz, result=(1,)
[2026-03-23T02:09:27.209+0000] {postgres_client.py:223} INFO - Checking file landing/products/products_20260323T013407.csv.gz, result=(1,)
[2026-03-23T02:09:27.211+0000] {postgres_client.py:223} INFO - Checking file landing/products/products_20260323T020828.csv.gz, result=None
[2026-03-23T02:09:27.213+0000] {postgres_client.py:223} INFO - Checking file landing/sales/sales_20260319_194532.csv.gz, result=None
[2026-03-23T02:09:27.215+0000] {postgres_client.py:223} INFO - Checking file landing/sales/sales_20260321T212748.csv.gz, result=None
[2026-03-23T02:09:27.216+0000] {postgres_client.py:223} INFO - Checking file landing/sales/sales_20260321_211221.csv.gz, result=None
[2026-03-23T02:09:27.218+0000] {postgres_client.py:223} INFO - Checking file landing/sales/sales_20260322T183535.csv.gz, result=None
[2026-03-23T02:09:27.219+0000] {postgres_client.py:223} INFO - Checking file landing/sales/sales_20260322T183909.csv.gz, result=None
[2026-03-23T02:09:27.221+0000] {postgres_client.py:223} INFO - Checking file landing/sales/sales_20260322T184136.csv.gz, result=None
[2026-03-23T02:09:27.222+0000] {postgres_client.py:223} INFO - Checking file landing/sales/sales_20260322T185027.csv.gz, result=None
[2026-03-23T02:09:27.224+0000] {postgres_client.py:223} INFO - Checking file landing/sales/sales_20260322T185412.csv.gz, result=None
[2026-03-23T02:09:27.226+0000] {postgres_client.py:223} INFO - Checking file landing/sales/sales_20260322T192419.csv.gz, result=None
[2026-03-23T02:09:27.228+0000] {postgres_client.py:223} INFO - Checking file landing/sales/sales_20260322T192619.csv.gz, result=None
[2026-03-23T02:09:27.229+0000] {postgres_client.py:223} INFO - Checking file landing/sales/sales_20260322T193328.csv.gz, result=None
[2026-03-23T02:09:27.231+0000] {postgres_client.py:223} INFO - Checking file landing/sales/sales_20260322T193503.csv.gz, result=None
[2026-03-23T02:09:27.232+0000] {postgres_client.py:223} INFO - Checking file landing/sales/sales_20260322T194719.csv.gz, result=None
[2026-03-23T02:09:27.234+0000] {postgres_client.py:223} INFO - Checking file landing/sales/sales_20260322T195706.csv.gz, result=None
[2026-03-23T02:09:27.236+0000] {postgres_client.py:223} INFO - Checking file landing/sales/sales_20260322T200122.csv.gz, result=None
[2026-03-23T02:09:27.237+0000] {postgres_client.py:223} INFO - Checking file landing/sales/sales_20260322T200753.csv.gz, result=None
[2026-03-23T02:09:27.239+0000] {postgres_client.py:223} INFO - Checking file landing/sales/sales_20260322T201226.csv.gz, result=None
[2026-03-23T02:09:27.240+0000] {postgres_client.py:223} INFO - Checking file landing/sales/sales_20260322T201524.csv.gz, result=None
[2026-03-23T02:09:27.242+0000] {postgres_client.py:223} INFO - Checking file landing/sales/sales_20260322T233155.csv.gz, result=None
[2026-03-23T02:09:27.244+0000] {postgres_client.py:223} INFO - Checking file landing/sales/sales_20260322T233647.csv.gz, result=None
[2026-03-23T02:09:27.246+0000] {postgres_client.py:223} INFO - Checking file landing/sales/sales_20260322T233839.csv.gz, result=None
[2026-03-23T02:09:27.247+0000] {postgres_client.py:223} INFO - Checking file landing/sales/sales_20260322T235721.csv.gz, result=None
[2026-03-23T02:09:27.249+0000] {postgres_client.py:223} INFO - Checking file landing/sales/sales_20260323T005246.csv.gz, result=None
[2026-03-23T02:09:27.250+0000] {postgres_client.py:223} INFO - Checking file landing/sales/sales_20260323T011217.csv.gz, result=None
[2026-03-23T02:09:27.252+0000] {postgres_client.py:223} INFO - Checking file landing/sales/sales_20260323T012106.csv.gz, result=None
[2026-03-23T02:09:27.254+0000] {postgres_client.py:223} INFO - Checking file landing/sales/sales_20260323T013407.csv.gz, result=None
[2026-03-23T02:09:27.255+0000] {postgres_client.py:223} INFO - Checking file landing/sales/sales_20260323T020828.csv.gz, result=None
[2026-03-23T02:09:27.261+0000] {dag_utils.py:165} INFO - Loading landing/customers/customers_20260323T020828.csv.gz → raw.customers
[2026-03-23T02:09:27.272+0000] {postgres_client.py:82} INFO - Executed SQL file: /opt/***/sql/customers_ddl.sql
[2026-03-23T02:09:27.472+0000] {postgres_client.py:177} INFO - Read 10000 records from gzip file
[2026-03-23T02:09:32.379+0000] {dag_utils.py:195} INFO - UPSERT completed for landing/customers/customers_20260323T020828.csv.gz
[2026-03-23T02:09:32.382+0000] {dag_utils.py:165} INFO - Loading landing/products/products_20260323T020828.csv.gz → raw.products
[2026-03-23T02:09:32.388+0000] {postgres_client.py:82} INFO - Executed SQL file: /opt/***/sql/products_ddl.sql
[2026-03-23T02:09:32.418+0000] {postgres_client.py:177} INFO - Read 2000 records from gzip file
[2026-03-23T02:09:33.257+0000] {dag_utils.py:195} INFO - UPSERT completed for landing/products/products_20260323T020828.csv.gz
[2026-03-23T02:09:33.261+0000] {dag_utils.py:165} INFO - Loading landing/sales/sales_20260319_194532.csv.gz → raw.sales
[2026-03-23T02:09:33.307+0000] {postgres_client.py:82} INFO - Executed SQL file: /opt/***/sql/sales_ddl.sql
[2026-03-23T02:09:33.569+0000] {postgres_client.py:110} ERROR - COPY failed: duplicate key value violates unique constraint "sales_pkey"
DETAIL:  Key (sale_id)=(SALE_0) already exists.
CONTEXT:  COPY sales, line 3

[2026-03-23T02:09:33.570+0000] {postgres_client.py:141} ERROR - Error loading gzip CSV: duplicate key value violates unique constraint "sales_pkey"
DETAIL:  Key (sale_id)=(SALE_0) already exists.
CONTEXT:  COPY sales, line 3

[2026-03-23T02:09:33.570+0000] {dag_utils.py:219} ERROR - Failed loading landing/sales/sales_20260319_194532.csv.gz: duplicate key value violates unique constraint "sales_pkey"
DETAIL:  Key (sale_id)=(SALE_0) already exists.
CONTEXT:  COPY sales, line 3

[2026-03-23T02:09:33.572+0000] {taskinstance.py:3313} ERROR - Task failed with exception
Traceback (most recent call last):
  File "/home/airflow/.local/lib/python3.12/site-packages/airflow/models/taskinstance.py", line 768, in _execute_task
    result = _execute_callable(context=context, **execute_callable_kwargs)
             ^^^^^^^^^^^^^^^^^^^^^^^^^^^^^^^^^^^^^^^^^^^^^^^^^^^^^^^^^^^^^
  File "/home/airflow/.local/lib/python3.12/site-packages/airflow/models/taskinstance.py", line 734, in _execute_callable
    return ExecutionCallableRunner(
           ^^^^^^^^^^^^^^^^^^^^^^^^
  File "/home/airflow/.local/lib/python3.12/site-packages/airflow/utils/operator_helpers.py", line 252, in run
    return self.func(*args, **kwargs)
           ^^^^^^^^^^^^^^^^^^^^^^^^^^
  File "/home/airflow/.local/lib/python3.12/site-packages/airflow/models/baseoperator.py", line 424, in wrapper
    return func(self, *args, **kwargs)
           ^^^^^^^^^^^^^^^^^^^^^^^^^^^
  File "/home/airflow/.local/lib/python3.12/site-packages/airflow/operators/python.py", line 238, in execute
    return_value = self.execute_callable()
                   ^^^^^^^^^^^^^^^^^^^^^^^
  File "/home/airflow/.local/lib/python3.12/site-packages/airflow/operators/python.py", line 256, in execute_callable
    return runner.run(*self.op_args, **self.op_kwargs)
           ^^^^^^^^^^^^^^^^^^^^^^^^^^^^^^^^^^^^^^^^^^^
  File "/home/airflow/.local/lib/python3.12/site-packages/airflow/utils/operator_helpers.py", line 252, in run
    return self.func(*args, **kwargs)
           ^^^^^^^^^^^^^^^^^^^^^^^^^^
  File "/opt/airflow/dags/dag.py", line 40, in load_task
    load_all_from_minio(
  File "/opt/airflow/dags/dag_utils.py", line 200, in load_all_from_minio
    postgres_client.load_gzip_csv(
  File "/opt/airflow/dags/postgres_client.py", line 138, in load_gzip_csv
    self.copy_from_buffer(table, decoded, columns)
  File "/opt/airflow/dags/postgres_client.py", line 125, in copy_from_buffer
    cur.copy_expert(query, buffer)
psycopg2.errors.UniqueViolation: duplicate key value violates unique constraint "sales_pkey"
DETAIL:  Key (sale_id)=(SALE_0) already exists.
CONTEXT:  COPY sales, line 3

[2026-03-23T02:09:33.605+0000] {taskinstance.py:1226} INFO - Marking task as FAILED. dag_id=retail_data_pipeline, task_id=load_all_from_minio, run_id=manual__2026-03-23T02:08:28.787012+00:00, execution_date=20260323T020828, start_date=20260323T020926, end_date=20260323T020933
[2026-03-23T02:09:33.647+0000] {taskinstance.py:341} INFO - ::group::Post task execution logs
[2026-03-23T02:09:33.648+0000] {standard_task_runner.py:124} ERROR - Failed to execute job 70 for task load_all_from_minio (duplicate key value violates unique constraint "sales_pkey"
DETAIL:  Key (sale_id)=(SALE_0) already exists.
CONTEXT:  COPY sales, line 3
; 2266)
Traceback (most recent call last):
  File "/home/airflow/.local/lib/python3.12/site-packages/airflow/task/task_runner/standard_task_runner.py", line 117, in _start_by_fork
    ret = args.func(args, dag=self.dag)
          ^^^^^^^^^^^^^^^^^^^^^^^^^^^^^
  File "/home/airflow/.local/lib/python3.12/site-packages/airflow/cli/cli_config.py", line 49, in command
    return func(*args, **kwargs)
           ^^^^^^^^^^^^^^^^^^^^^
  File "/home/airflow/.local/lib/python3.12/site-packages/airflow/utils/cli.py", line 116, in wrapper
    return f(*args, **kwargs)
           ^^^^^^^^^^^^^^^^^^
  File "/home/airflow/.local/lib/python3.12/site-packages/airflow/cli/commands/task_command.py", line 483, in task_run
    task_return_code = _run_task_by_selected_method(args, _dag, ti)
                       ^^^^^^^^^^^^^^^^^^^^^^^^^^^^^^^^^^^^^^^^^^^^
  File "/home/airflow/.local/lib/python3.12/site-packages/airflow/cli/commands/task_command.py", line 256, in _run_task_by_selected_method
    return _run_raw_task(args, ti)
           ^^^^^^^^^^^^^^^^^^^^^^^
  File "/home/airflow/.local/lib/python3.12/site-packages/airflow/cli/commands/task_command.py", line 341, in _run_raw_task
    return ti._run_raw_task(
           ^^^^^^^^^^^^^^^^^
  File "/home/airflow/.local/lib/python3.12/site-packages/airflow/utils/session.py", line 97, in wrapper
    return func(*args, session=session, **kwargs)
           ^^^^^^^^^^^^^^^^^^^^^^^^^^^^^^^^^^^^^^
  File "/home/airflow/.local/lib/python3.12/site-packages/airflow/models/taskinstance.py", line 3006, in _run_raw_task
    return _run_raw_task(
           ^^^^^^^^^^^^^^
  File "/home/airflow/.local/lib/python3.12/site-packages/airflow/models/taskinstance.py", line 274, in _run_raw_task
    TaskInstance._execute_task_with_callbacks(
  File "/home/airflow/.local/lib/python3.12/site-packages/airflow/models/taskinstance.py", line 3161, in _execute_task_with_callbacks
    result = self._execute_task(context, task_orig)
             ^^^^^^^^^^^^^^^^^^^^^^^^^^^^^^^^^^^^^^
  File "/home/airflow/.local/lib/python3.12/site-packages/airflow/models/taskinstance.py", line 3185, in _execute_task
    return _execute_task(self, context, task_orig)
           ^^^^^^^^^^^^^^^^^^^^^^^^^^^^^^^^^^^^^^^
  File "/home/airflow/.local/lib/python3.12/site-packages/airflow/models/taskinstance.py", line 768, in _execute_task
    result = _execute_callable(context=context, **execute_callable_kwargs)
             ^^^^^^^^^^^^^^^^^^^^^^^^^^^^^^^^^^^^^^^^^^^^^^^^^^^^^^^^^^^^^
  File "/home/airflow/.local/lib/python3.12/site-packages/airflow/models/taskinstance.py", line 734, in _execute_callable
    return ExecutionCallableRunner(
           ^^^^^^^^^^^^^^^^^^^^^^^^
  File "/home/airflow/.local/lib/python3.12/site-packages/airflow/utils/operator_helpers.py", line 252, in run
    return self.func(*args, **kwargs)
           ^^^^^^^^^^^^^^^^^^^^^^^^^^
  File "/home/airflow/.local/lib/python3.12/site-packages/airflow/models/baseoperator.py", line 424, in wrapper
    return func(self, *args, **kwargs)
           ^^^^^^^^^^^^^^^^^^^^^^^^^^^
  File "/home/airflow/.local/lib/python3.12/site-packages/airflow/operators/python.py", line 238, in execute
    return_value = self.execute_callable()
                   ^^^^^^^^^^^^^^^^^^^^^^^
  File "/home/airflow/.local/lib/python3.12/site-packages/airflow/operators/python.py", line 256, in execute_callable
    return runner.run(*self.op_args, **self.op_kwargs)
           ^^^^^^^^^^^^^^^^^^^^^^^^^^^^^^^^^^^^^^^^^^^
  File "/home/airflow/.local/lib/python3.12/site-packages/airflow/utils/operator_helpers.py", line 252, in run
    return self.func(*args, **kwargs)
           ^^^^^^^^^^^^^^^^^^^^^^^^^^
  File "/opt/airflow/dags/dag.py", line 40, in load_task
    load_all_from_minio(
  File "/opt/airflow/dags/dag_utils.py", line 200, in load_all_from_minio
    postgres_client.load_gzip_csv(
  File "/opt/airflow/dags/postgres_client.py", line 138, in load_gzip_csv
    self.copy_from_buffer(table, decoded, columns)
  File "/opt/airflow/dags/postgres_client.py", line 125, in copy_from_buffer
    cur.copy_expert(query, buffer)
psycopg2.errors.UniqueViolation: duplicate key value violates unique constraint "sales_pkey"
DETAIL:  Key (sale_id)=(SALE_0) already exists.
CONTEXT:  COPY sales, line 3

[2026-03-23T02:09:33.693+0000] {local_task_job_runner.py:266} INFO - Task exited with return code 1
[2026-03-23T02:09:33.718+0000] {taskinstance.py:3901} INFO - 0 downstream tasks scheduled from follow-on schedule check
[2026-03-23T02:09:33.721+0000] {local_task_job_runner.py:245} INFO - ::endgroup::
