[2026-03-22T19:47:31.536+0000] {local_task_job_runner.py:123} INFO - ::group::Pre task execution logs
[2026-03-22T19:47:31.559+0000] {taskinstance.py:2614} INFO - Dependencies all met for dep_context=non-requeueable deps ti=<TaskInstance: retail_data_pipeline.generate_and_upload_data manual__2026-03-22T19:47:19.116363+00:00 [queued]>
[2026-03-22T19:47:31.573+0000] {taskinstance.py:2614} INFO - Dependencies all met for dep_context=requeueable deps ti=<TaskInstance: retail_data_pipeline.generate_and_upload_data manual__2026-03-22T19:47:19.116363+00:00 [queued]>
[2026-03-22T19:47:31.574+0000] {taskinstance.py:2867} INFO - Starting attempt 1 of 1
[2026-03-22T19:47:31.594+0000] {taskinstance.py:2890} INFO - Executing <Task(PythonOperator): generate_and_upload_data> on 2026-03-22 19:47:19.116363+00:00
[2026-03-22T19:47:31.624+0000] {warnings.py:112} WARNING - /home/***/.local/lib/python3.12/site-packages/***/task/task_runner/standard_task_runner.py:70: DeprecationWarning: This process (pid=106) is multi-threaded, use of fork() may lead to deadlocks in the child.
  pid = os.fork()

[2026-03-22T19:47:31.629+0000] {standard_task_runner.py:72} INFO - Started process 108 to run task
[2026-03-22T19:47:31.627+0000] {standard_task_runner.py:104} INFO - Running: ['***', 'tasks', 'run', 'retail_data_pipeline', 'generate_and_upload_data', 'manual__2026-03-22T19:47:19.116363+00:00', '--job-id', '40', '--raw', '--subdir', 'DAGS_FOLDER/dag.py', '--cfg-path', '/tmp/tmpfuu2s61k']
[2026-03-22T19:47:31.632+0000] {standard_task_runner.py:105} INFO - Job 40: Subtask generate_and_upload_data
[2026-03-22T19:47:31.828+0000] {task_command.py:467} INFO - Running <TaskInstance: retail_data_pipeline.generate_and_upload_data manual__2026-03-22T19:47:19.116363+00:00 [running]> on host 1cd93f56fe38
[2026-03-22T19:47:32.078+0000] {taskinstance.py:3134} INFO - Exporting env vars: AIRFLOW_CTX_DAG_OWNER='***' AIRFLOW_CTX_DAG_ID='retail_data_pipeline' AIRFLOW_CTX_TASK_ID='generate_and_upload_data' AIRFLOW_CTX_EXECUTION_DATE='2026-03-22T19:47:19.116363+00:00' AIRFLOW_CTX_TRY_NUMBER='1' AIRFLOW_CTX_DAG_RUN_ID='manual__2026-03-22T19:47:19.116363+00:00'
[2026-03-22T19:47:32.081+0000] {taskinstance.py:732} INFO - ::endgroup::
[2026-03-22T19:47:32.206+0000] {base.py:84} INFO - Retrieving connection 'minio_conn'
[2026-03-22T19:47:37.732+0000] {dag_utils.py:42} INFO - ✅ Customers generated | rows=10000 | duration=4.78s
[2026-03-22T19:47:37.778+0000] {dag_utils.py:48} INFO - ✅ Products generated | rows=2000 | duration=0.04s
[2026-03-22T19:47:57.026+0000] {dag_utils.py:54} INFO - ✅ Sales generated | rows=1499950 | duration=19.25s
[2026-03-22T19:47:57.027+0000] {dag_utils.py:69} INFO - ⬆️ Uploading customers | rows=10000 | destination=s3://retailio/landing/customers/customers_20260322T194719.csv.gz
[2026-03-22T19:47:57.029+0000] {minio_client.py:217} INFO - Streaming upload to s3://retailio/landing/customers/customers_20260322T194719.csv.gz
[2026-03-22T19:47:57.329+0000] {minio_client.py:245} INFO - Streaming upload complete
[2026-03-22T19:47:57.330+0000] {dag_utils.py:82} INFO - ✅ Upload successful: customers | duration=0.30s
[2026-03-22T19:47:57.331+0000] {dag_utils.py:69} INFO - ⬆️ Uploading products | rows=2000 | destination=s3://retailio/landing/products/products_20260322T194719.csv.gz
[2026-03-22T19:47:57.332+0000] {minio_client.py:217} INFO - Streaming upload to s3://retailio/landing/products/products_20260322T194719.csv.gz
[2026-03-22T19:47:57.380+0000] {minio_client.py:245} INFO - Streaming upload complete
[2026-03-22T19:47:57.381+0000] {dag_utils.py:82} INFO - ✅ Upload successful: products | duration=0.05s
[2026-03-22T19:47:57.382+0000] {dag_utils.py:69} INFO - ⬆️ Uploading sales | rows=1499950 | destination=s3://retailio/landing/sales/sales_20260322T194719.csv.gz
[2026-03-22T19:47:57.383+0000] {minio_client.py:217} INFO - Streaming upload to s3://retailio/landing/sales/sales_20260322T194719.csv.gz
[2026-03-22T19:48:19.796+0000] {minio_client.py:245} INFO - Streaming upload complete
[2026-03-22T19:48:19.797+0000] {dag_utils.py:82} INFO - ✅ Upload successful: sales | duration=22.41s
[2026-03-22T19:48:19.797+0000] {dag_utils.py:93} INFO - 🎉 Pipeline completed | total_duration=46.85s
[2026-03-22T19:48:19.947+0000] {python.py:240} INFO - Done. Returned value was: None
[2026-03-22T19:48:19.962+0000] {taskinstance.py:341} INFO - ::group::Post task execution logs
[2026-03-22T19:48:19.963+0000] {taskinstance.py:353} INFO - Marking task as SUCCESS. dag_id=retail_data_pipeline, task_id=generate_and_upload_data, run_id=manual__2026-03-22T19:47:19.116363+00:00, execution_date=20260322T194719, start_date=20260322T194731, end_date=20260322T194819
[2026-03-22T19:48:20.030+0000] {local_task_job_runner.py:266} INFO - Task exited with return code 0
[2026-03-22T19:48:20.068+0000] {taskinstance.py:3901} INFO - 1 downstream tasks scheduled from follow-on schedule check
[2026-03-22T19:48:20.072+0000] {local_task_job_runner.py:245} INFO - ::endgroup::
