[2026-03-19T19:44:53.016+0000] {local_task_job_runner.py:123} INFO - ::group::Pre task execution logs
[2026-03-19T19:44:53.107+0000] {taskinstance.py:2614} INFO - Dependencies all met for dep_context=non-requeueable deps ti=<TaskInstance: retail_data_pipeline.generate_and_upload_data manual__2026-03-19T19:44:45.684316+00:00 [queued]>
[2026-03-19T19:44:53.189+0000] {taskinstance.py:2614} INFO - Dependencies all met for dep_context=requeueable deps ti=<TaskInstance: retail_data_pipeline.generate_and_upload_data manual__2026-03-19T19:44:45.684316+00:00 [queued]>
[2026-03-19T19:44:53.195+0000] {taskinstance.py:2867} INFO - Starting attempt 1 of 1
[2026-03-19T19:44:53.264+0000] {taskinstance.py:2890} INFO - Executing <Task(PythonOperator): generate_and_upload_data> on 2026-03-19 19:44:45.684316+00:00
[2026-03-19T19:44:53.308+0000] {warnings.py:112} WARNING - /home/***/.local/lib/python3.12/site-packages/***/task/task_runner/standard_task_runner.py:70: DeprecationWarning: This process (pid=268) is multi-threaded, use of fork() may lead to deadlocks in the child.
  pid = os.fork()

[2026-03-19T19:44:53.325+0000] {standard_task_runner.py:72} INFO - Started process 274 to run task
[2026-03-19T19:44:53.342+0000] {standard_task_runner.py:104} INFO - Running: ['***', 'tasks', 'run', 'retail_data_pipeline', 'generate_and_upload_data', 'manual__2026-03-19T19:44:45.684316+00:00', '--job-id', '9', '--raw', '--subdir', 'DAGS_FOLDER/dag.py', '--cfg-path', '/tmp/tmpxbp7z7i3']
[2026-03-19T19:44:53.372+0000] {standard_task_runner.py:105} INFO - Job 9: Subtask generate_and_upload_data
[2026-03-19T19:44:53.808+0000] {task_command.py:467} INFO - Running <TaskInstance: retail_data_pipeline.generate_and_upload_data manual__2026-03-19T19:44:45.684316+00:00 [running]> on host ef54b44c4616
[2026-03-19T19:44:54.395+0000] {taskinstance.py:3134} INFO - Exporting env vars: AIRFLOW_CTX_DAG_OWNER='***' AIRFLOW_CTX_DAG_ID='retail_data_pipeline' AIRFLOW_CTX_TASK_ID='generate_and_upload_data' AIRFLOW_CTX_EXECUTION_DATE='2026-03-19T19:44:45.684316+00:00' AIRFLOW_CTX_TRY_NUMBER='1' AIRFLOW_CTX_DAG_RUN_ID='manual__2026-03-19T19:44:45.684316+00:00'
[2026-03-19T19:44:54.413+0000] {taskinstance.py:732} INFO - ::endgroup::
[2026-03-19T19:45:31.010+0000] {base.py:84} INFO - Retrieving connection 'minio_conn'
[2026-03-19T19:45:32.052+0000] {minio_client.py:127} INFO - Streaming upload to s3://retailio/landing/customers/customers_20260319_194532.csv.gz
[2026-03-19T19:45:32.497+0000] {minio_client.py:157} INFO - Streaming upload complete
[2026-03-19T19:45:32.521+0000] {base.py:84} INFO - Retrieving connection 'minio_conn'
[2026-03-19T19:45:32.626+0000] {minio_client.py:127} INFO - Streaming upload to s3://retailio/landing/products/products_20260319_194532.csv.gz
[2026-03-19T19:45:32.750+0000] {minio_client.py:157} INFO - Streaming upload complete
[2026-03-19T19:45:32.795+0000] {base.py:84} INFO - Retrieving connection 'minio_conn'
[2026-03-19T19:45:32.912+0000] {minio_client.py:127} INFO - Streaming upload to s3://retailio/landing/sales/sales_20260319_194532.csv.gz
[2026-03-19T19:45:38.951+0000] {minio_client.py:157} INFO - Streaming upload complete
[2026-03-19T19:45:38.980+0000] {python.py:240} INFO - Done. Returned value was: None
[2026-03-19T19:45:39.036+0000] {taskinstance.py:341} INFO - ::group::Post task execution logs
[2026-03-19T19:45:39.046+0000] {taskinstance.py:353} INFO - Marking task as SUCCESS. dag_id=retail_data_pipeline, task_id=generate_and_upload_data, run_id=manual__2026-03-19T19:44:45.684316+00:00, execution_date=20260319T194445, start_date=20260319T194453, end_date=20260319T194539
[2026-03-19T19:45:39.331+0000] {local_task_job_runner.py:266} INFO - Task exited with return code 0
[2026-03-19T19:45:39.417+0000] {taskinstance.py:3901} INFO - 0 downstream tasks scheduled from follow-on schedule check
[2026-03-19T19:45:39.421+0000] {local_task_job_runner.py:245} INFO - ::endgroup::
