[2026-03-22T23:58:10.522+0000] {local_task_job_runner.py:123} INFO - ::group::Pre task execution logs
[2026-03-22T23:58:10.548+0000] {taskinstance.py:2614} INFO - Dependencies all met for dep_context=non-requeueable deps ti=<TaskInstance: retail_data_pipeline.load_all_from_minio manual__2026-03-22T23:57:21.101773+00:00 [queued]>
[2026-03-22T23:58:10.560+0000] {taskinstance.py:2614} INFO - Dependencies all met for dep_context=requeueable deps ti=<TaskInstance: retail_data_pipeline.load_all_from_minio manual__2026-03-22T23:57:21.101773+00:00 [queued]>
[2026-03-22T23:58:10.561+0000] {taskinstance.py:2867} INFO - Starting attempt 1 of 1
[2026-03-22T23:58:10.578+0000] {taskinstance.py:2890} INFO - Executing <Task(PythonOperator): load_all_from_minio> on 2026-03-22 23:57:21.101773+00:00
[2026-03-22T23:58:10.588+0000] {warnings.py:112} WARNING - /home/***/.local/lib/python3.12/site-packages/***/task/task_runner/standard_task_runner.py:70: DeprecationWarning: This process (pid=648) is multi-threaded, use of fork() may lead to deadlocks in the child.
  pid = os.fork()

[2026-03-22T23:58:10.592+0000] {standard_task_runner.py:72} INFO - Started process 650 to run task
[2026-03-22T23:58:10.593+0000] {standard_task_runner.py:104} INFO - Running: ['***', 'tasks', 'run', 'retail_data_pipeline', 'load_all_from_minio', 'manual__2026-03-22T23:57:21.101773+00:00', '--job-id', '60', '--raw', '--subdir', 'DAGS_FOLDER/dag.py', '--cfg-path', '/tmp/tmpdqwl5z0r']
[2026-03-22T23:58:10.597+0000] {standard_task_runner.py:105} INFO - Job 60: Subtask load_all_from_minio
[2026-03-22T23:58:10.687+0000] {task_command.py:467} INFO - Running <TaskInstance: retail_data_pipeline.load_all_from_minio manual__2026-03-22T23:57:21.101773+00:00 [running]> on host 750b4dfa1755
[2026-03-22T23:58:10.865+0000] {taskinstance.py:3134} INFO - Exporting env vars: AIRFLOW_CTX_DAG_OWNER='***' AIRFLOW_CTX_DAG_ID='retail_data_pipeline' AIRFLOW_CTX_TASK_ID='load_all_from_minio' AIRFLOW_CTX_EXECUTION_DATE='2026-03-22T23:57:21.101773+00:00' AIRFLOW_CTX_TRY_NUMBER='1' AIRFLOW_CTX_DAG_RUN_ID='manual__2026-03-22T23:57:21.101773+00:00'
[2026-03-22T23:58:10.867+0000] {taskinstance.py:732} INFO - ::endgroup::
[2026-03-22T23:58:10.908+0000] {base.py:84} INFO - Retrieving connection 'minio_conn'
[2026-03-22T23:58:11.221+0000] {base.py:84} INFO - Retrieving connection 'postgres_conn'
[2026-03-22T23:58:11.303+0000] {dag_utils.py:123} INFO - Files from MinIO: ['landing/customers/customers_20260319_194531.csv.gz', 'landing/customers/customers_20260319_194532.csv.gz', 'landing/customers/customers_20260321T212748.csv.gz', 'landing/customers/customers_20260321_211221.csv.gz', 'landing/customers/customers_20260322T183535.csv.gz', 'landing/customers/customers_20260322T183909.csv.gz', 'landing/customers/customers_20260322T184136.csv.gz', 'landing/customers/customers_20260322T185027.csv.gz', 'landing/customers/customers_20260322T185412.csv.gz', 'landing/customers/customers_20260322T192419.csv.gz', 'landing/customers/customers_20260322T192619.csv.gz', 'landing/customers/customers_20260322T193328.csv.gz', 'landing/customers/customers_20260322T193503.csv.gz', 'landing/customers/customers_20260322T194719.csv.gz', 'landing/customers/customers_20260322T195706.csv.gz', 'landing/customers/customers_20260322T200122.csv.gz', 'landing/customers/customers_20260322T200753.csv.gz', 'landing/customers/customers_20260322T201226.csv.gz', 'landing/customers/customers_20260322T201524.csv.gz', 'landing/customers/customers_20260322T233155.csv.gz', 'landing/customers/customers_20260322T233647.csv.gz', 'landing/customers/customers_20260322T233839.csv.gz', 'landing/customers/customers_20260322T235721.csv.gz', 'landing/products/products_20260319_194532.csv.gz', 'landing/products/products_20260321T212748.csv.gz', 'landing/products/products_20260321_211221.csv.gz', 'landing/products/products_20260322T183535.csv.gz', 'landing/products/products_20260322T183909.csv.gz', 'landing/products/products_20260322T184136.csv.gz', 'landing/products/products_20260322T185027.csv.gz', 'landing/products/products_20260322T185412.csv.gz', 'landing/products/products_20260322T192419.csv.gz', 'landing/products/products_20260322T192619.csv.gz', 'landing/products/products_20260322T193328.csv.gz', 'landing/products/products_20260322T193503.csv.gz', 'landing/products/products_20260322T194719.csv.gz', 'landing/products/products_20260322T195706.csv.gz', 'landing/products/products_20260322T200122.csv.gz', 'landing/products/products_20260322T200753.csv.gz', 'landing/products/products_20260322T201226.csv.gz', 'landing/products/products_20260322T201524.csv.gz', 'landing/products/products_20260322T233155.csv.gz', 'landing/products/products_20260322T233647.csv.gz', 'landing/products/products_20260322T233839.csv.gz', 'landing/products/products_20260322T235721.csv.gz', 'landing/sales/sales_20260319_194532.csv.gz', 'landing/sales/sales_20260321T212748.csv.gz', 'landing/sales/sales_20260321_211221.csv.gz', 'landing/sales/sales_20260322T183535.csv.gz', 'landing/sales/sales_20260322T183909.csv.gz', 'landing/sales/sales_20260322T184136.csv.gz', 'landing/sales/sales_20260322T185027.csv.gz', 'landing/sales/sales_20260322T185412.csv.gz', 'landing/sales/sales_20260322T192419.csv.gz', 'landing/sales/sales_20260322T192619.csv.gz', 'landing/sales/sales_20260322T193328.csv.gz', 'landing/sales/sales_20260322T193503.csv.gz', 'landing/sales/sales_20260322T194719.csv.gz', 'landing/sales/sales_20260322T195706.csv.gz', 'landing/sales/sales_20260322T200122.csv.gz', 'landing/sales/sales_20260322T200753.csv.gz', 'landing/sales/sales_20260322T201226.csv.gz', 'landing/sales/sales_20260322T201524.csv.gz', 'landing/sales/sales_20260322T233155.csv.gz', 'landing/sales/sales_20260322T233647.csv.gz', 'landing/sales/sales_20260322T233839.csv.gz', 'landing/sales/sales_20260322T235721.csv.gz']
[2026-03-22T23:58:11.313+0000] {postgres_client.py:82} INFO - Executed SQL file: /opt/***/sql/tracker_ddl.sql
[2026-03-22T23:58:11.317+0000] {postgres_client.py:204} INFO - Checking file landing/customers/customers_20260319_194531.csv.gz, result=None
[2026-03-22T23:58:11.319+0000] {postgres_client.py:204} INFO - Checking file landing/customers/customers_20260319_194532.csv.gz, result=None
[2026-03-22T23:58:11.321+0000] {postgres_client.py:204} INFO - Checking file landing/customers/customers_20260321T212748.csv.gz, result=None
[2026-03-22T23:58:11.323+0000] {postgres_client.py:204} INFO - Checking file landing/customers/customers_20260321_211221.csv.gz, result=None
[2026-03-22T23:58:11.325+0000] {postgres_client.py:204} INFO - Checking file landing/customers/customers_20260322T183535.csv.gz, result=None
[2026-03-22T23:58:11.327+0000] {postgres_client.py:204} INFO - Checking file landing/customers/customers_20260322T183909.csv.gz, result=None
[2026-03-22T23:58:11.330+0000] {postgres_client.py:204} INFO - Checking file landing/customers/customers_20260322T184136.csv.gz, result=None
[2026-03-22T23:58:11.332+0000] {postgres_client.py:204} INFO - Checking file landing/customers/customers_20260322T185027.csv.gz, result=None
[2026-03-22T23:58:11.334+0000] {postgres_client.py:204} INFO - Checking file landing/customers/customers_20260322T185412.csv.gz, result=None
[2026-03-22T23:58:11.336+0000] {postgres_client.py:204} INFO - Checking file landing/customers/customers_20260322T192419.csv.gz, result=None
[2026-03-22T23:58:11.338+0000] {postgres_client.py:204} INFO - Checking file landing/customers/customers_20260322T192619.csv.gz, result=None
[2026-03-22T23:58:11.340+0000] {postgres_client.py:204} INFO - Checking file landing/customers/customers_20260322T193328.csv.gz, result=None
[2026-03-22T23:58:11.343+0000] {postgres_client.py:204} INFO - Checking file landing/customers/customers_20260322T193503.csv.gz, result=None
[2026-03-22T23:58:11.346+0000] {postgres_client.py:204} INFO - Checking file landing/customers/customers_20260322T194719.csv.gz, result=None
[2026-03-22T23:58:11.348+0000] {postgres_client.py:204} INFO - Checking file landing/customers/customers_20260322T195706.csv.gz, result=None
[2026-03-22T23:58:11.349+0000] {postgres_client.py:204} INFO - Checking file landing/customers/customers_20260322T200122.csv.gz, result=None
[2026-03-22T23:58:11.351+0000] {postgres_client.py:204} INFO - Checking file landing/customers/customers_20260322T200753.csv.gz, result=None
[2026-03-22T23:58:11.353+0000] {postgres_client.py:204} INFO - Checking file landing/customers/customers_20260322T201226.csv.gz, result=None
[2026-03-22T23:58:11.355+0000] {postgres_client.py:204} INFO - Checking file landing/customers/customers_20260322T201524.csv.gz, result=None
[2026-03-22T23:58:11.356+0000] {postgres_client.py:204} INFO - Checking file landing/customers/customers_20260322T233155.csv.gz, result=None
[2026-03-22T23:58:11.358+0000] {postgres_client.py:204} INFO - Checking file landing/customers/customers_20260322T233647.csv.gz, result=None
[2026-03-22T23:58:11.361+0000] {postgres_client.py:204} INFO - Checking file landing/customers/customers_20260322T233839.csv.gz, result=None
[2026-03-22T23:58:11.363+0000] {postgres_client.py:204} INFO - Checking file landing/customers/customers_20260322T235721.csv.gz, result=None
[2026-03-22T23:58:11.365+0000] {postgres_client.py:204} INFO - Checking file landing/products/products_20260319_194532.csv.gz, result=None
[2026-03-22T23:58:11.367+0000] {postgres_client.py:204} INFO - Checking file landing/products/products_20260321T212748.csv.gz, result=None
[2026-03-22T23:58:11.369+0000] {postgres_client.py:204} INFO - Checking file landing/products/products_20260321_211221.csv.gz, result=None
[2026-03-22T23:58:11.370+0000] {postgres_client.py:204} INFO - Checking file landing/products/products_20260322T183535.csv.gz, result=None
[2026-03-22T23:58:11.372+0000] {postgres_client.py:204} INFO - Checking file landing/products/products_20260322T183909.csv.gz, result=None
[2026-03-22T23:58:11.374+0000] {postgres_client.py:204} INFO - Checking file landing/products/products_20260322T184136.csv.gz, result=None
[2026-03-22T23:58:11.377+0000] {postgres_client.py:204} INFO - Checking file landing/products/products_20260322T185027.csv.gz, result=None
[2026-03-22T23:58:11.379+0000] {postgres_client.py:204} INFO - Checking file landing/products/products_20260322T185412.csv.gz, result=None
[2026-03-22T23:58:11.381+0000] {postgres_client.py:204} INFO - Checking file landing/products/products_20260322T192419.csv.gz, result=None
[2026-03-22T23:58:11.384+0000] {postgres_client.py:204} INFO - Checking file landing/products/products_20260322T192619.csv.gz, result=None
[2026-03-22T23:58:11.386+0000] {postgres_client.py:204} INFO - Checking file landing/products/products_20260322T193328.csv.gz, result=None
[2026-03-22T23:58:11.388+0000] {postgres_client.py:204} INFO - Checking file landing/products/products_20260322T193503.csv.gz, result=None
[2026-03-22T23:58:11.390+0000] {postgres_client.py:204} INFO - Checking file landing/products/products_20260322T194719.csv.gz, result=None
[2026-03-22T23:58:11.392+0000] {postgres_client.py:204} INFO - Checking file landing/products/products_20260322T195706.csv.gz, result=None
[2026-03-22T23:58:11.394+0000] {postgres_client.py:204} INFO - Checking file landing/products/products_20260322T200122.csv.gz, result=None
[2026-03-22T23:58:11.396+0000] {postgres_client.py:204} INFO - Checking file landing/products/products_20260322T200753.csv.gz, result=None
[2026-03-22T23:58:11.398+0000] {postgres_client.py:204} INFO - Checking file landing/products/products_20260322T201226.csv.gz, result=None
[2026-03-22T23:58:11.400+0000] {postgres_client.py:204} INFO - Checking file landing/products/products_20260322T201524.csv.gz, result=None
[2026-03-22T23:58:11.401+0000] {postgres_client.py:204} INFO - Checking file landing/products/products_20260322T233155.csv.gz, result=None
[2026-03-22T23:58:11.403+0000] {postgres_client.py:204} INFO - Checking file landing/products/products_20260322T233647.csv.gz, result=None
[2026-03-22T23:58:11.406+0000] {postgres_client.py:204} INFO - Checking file landing/products/products_20260322T233839.csv.gz, result=None
[2026-03-22T23:58:11.408+0000] {postgres_client.py:204} INFO - Checking file landing/products/products_20260322T235721.csv.gz, result=None
[2026-03-22T23:58:11.410+0000] {postgres_client.py:204} INFO - Checking file landing/sales/sales_20260319_194532.csv.gz, result=None
[2026-03-22T23:58:11.412+0000] {postgres_client.py:204} INFO - Checking file landing/sales/sales_20260321T212748.csv.gz, result=None
[2026-03-22T23:58:11.414+0000] {postgres_client.py:204} INFO - Checking file landing/sales/sales_20260321_211221.csv.gz, result=None
[2026-03-22T23:58:11.416+0000] {postgres_client.py:204} INFO - Checking file landing/sales/sales_20260322T183535.csv.gz, result=None
[2026-03-22T23:58:11.418+0000] {postgres_client.py:204} INFO - Checking file landing/sales/sales_20260322T183909.csv.gz, result=None
[2026-03-22T23:58:11.421+0000] {postgres_client.py:204} INFO - Checking file landing/sales/sales_20260322T184136.csv.gz, result=None
[2026-03-22T23:58:11.423+0000] {postgres_client.py:204} INFO - Checking file landing/sales/sales_20260322T185027.csv.gz, result=None
[2026-03-22T23:58:11.425+0000] {postgres_client.py:204} INFO - Checking file landing/sales/sales_20260322T185412.csv.gz, result=None
[2026-03-22T23:58:11.426+0000] {postgres_client.py:204} INFO - Checking file landing/sales/sales_20260322T192419.csv.gz, result=None
[2026-03-22T23:58:11.428+0000] {postgres_client.py:204} INFO - Checking file landing/sales/sales_20260322T192619.csv.gz, result=None
[2026-03-22T23:58:11.430+0000] {postgres_client.py:204} INFO - Checking file landing/sales/sales_20260322T193328.csv.gz, result=None
[2026-03-22T23:58:11.432+0000] {postgres_client.py:204} INFO - Checking file landing/sales/sales_20260322T193503.csv.gz, result=None
[2026-03-22T23:58:11.434+0000] {postgres_client.py:204} INFO - Checking file landing/sales/sales_20260322T194719.csv.gz, result=None
[2026-03-22T23:58:11.436+0000] {postgres_client.py:204} INFO - Checking file landing/sales/sales_20260322T195706.csv.gz, result=None
[2026-03-22T23:58:11.438+0000] {postgres_client.py:204} INFO - Checking file landing/sales/sales_20260322T200122.csv.gz, result=None
[2026-03-22T23:58:11.440+0000] {postgres_client.py:204} INFO - Checking file landing/sales/sales_20260322T200753.csv.gz, result=None
[2026-03-22T23:58:11.442+0000] {postgres_client.py:204} INFO - Checking file landing/sales/sales_20260322T201226.csv.gz, result=None
[2026-03-22T23:58:11.444+0000] {postgres_client.py:204} INFO - Checking file landing/sales/sales_20260322T201524.csv.gz, result=None
[2026-03-22T23:58:11.446+0000] {postgres_client.py:204} INFO - Checking file landing/sales/sales_20260322T233155.csv.gz, result=None
[2026-03-22T23:58:11.448+0000] {postgres_client.py:204} INFO - Checking file landing/sales/sales_20260322T233647.csv.gz, result=None
[2026-03-22T23:58:11.450+0000] {postgres_client.py:204} INFO - Checking file landing/sales/sales_20260322T233839.csv.gz, result=None
[2026-03-22T23:58:11.452+0000] {postgres_client.py:204} INFO - Checking file landing/sales/sales_20260322T235721.csv.gz, result=None
[2026-03-22T23:58:11.459+0000] {dag_utils.py:165} INFO - Loading landing/customers/customers_20260319_194531.csv.gz → raw.customers
[2026-03-22T23:58:11.467+0000] {postgres_client.py:82} INFO - Executed SQL file: /opt/***/sql/customers_ddl.sql
[2026-03-22T23:58:11.498+0000] {postgres_client.py:165} ERROR - Error reading gzip CSV: 'dict' object has no attribute 'read'
[2026-03-22T23:58:11.499+0000] {dag_utils.py:217} ERROR - Failed loading landing/customers/customers_20260319_194531.csv.gz: 'dict' object has no attribute 'close'
[2026-03-22T23:58:11.500+0000] {taskinstance.py:3313} ERROR - Task failed with exception
Traceback (most recent call last):
  File "/opt/airflow/dags/postgres_client.py", line 157, in read_gzip_csv
    for row in reader:
               ^^^^^^
  File "/usr/local/lib/python3.12/csv.py", line 115, in __next__
    self.fieldnames
  File "/usr/local/lib/python3.12/csv.py", line 102, in fieldnames
    self._fieldnames = next(self.reader)
                       ^^^^^^^^^^^^^^^^^
  File "/usr/local/lib/python3.12/gzip.py", line 337, in read1
    return self._buffer.read1(size)
           ^^^^^^^^^^^^^^^^^^^^^^^^
  File "/usr/local/lib/python3.12/_compression.py", line 68, in readinto
    data = self.read(len(byte_view))
           ^^^^^^^^^^^^^^^^^^^^^^^^^
  File "/usr/local/lib/python3.12/gzip.py", line 527, in read
    if not self._read_gzip_header():
           ^^^^^^^^^^^^^^^^^^^^^^^^
  File "/usr/local/lib/python3.12/gzip.py", line 496, in _read_gzip_header
    last_mtime = _read_gzip_header(self._fp)
                 ^^^^^^^^^^^^^^^^^^^^^^^^^^^
  File "/usr/local/lib/python3.12/gzip.py", line 451, in _read_gzip_header
    magic = fp.read(2)
            ^^^^^^^^^^
  File "/usr/local/lib/python3.12/gzip.py", line 100, in read
    self.file.read(size-self._length+read)
    ^^^^^^^^^^^^^^
AttributeError: 'dict' object has no attribute 'read'

During handling of the above exception, another exception occurred:

Traceback (most recent call last):
  File "/home/airflow/.local/lib/python3.12/site-packages/airflow/models/taskinstance.py", line 768, in _execute_task
    result = _execute_callable(context=context, **execute_callable_kwargs)
             ^^^^^^^^^^^^^^^^^^^^^^^^^^^^^^^^^^^^^^^^^^^^^^^^^^^^^^^^^^^^^
  File "/home/airflow/.local/lib/python3.12/site-packages/airflow/models/taskinstance.py", line 734, in _execute_callable
    return ExecutionCallableRunner(
           ^^^^^^^^^^^^^^^^^^^^^^^^
  File "/home/airflow/.local/lib/python3.12/site-packages/airflow/utils/operator_helpers.py", line 252, in run
    return self.func(*args, **kwargs)
           ^^^^^^^^^^^^^^^^^^^^^^^^^^
  File "/home/airflow/.local/lib/python3.12/site-packages/airflow/models/baseoperator.py", line 424, in wrapper
    return func(self, *args, **kwargs)
           ^^^^^^^^^^^^^^^^^^^^^^^^^^^
  File "/home/airflow/.local/lib/python3.12/site-packages/airflow/operators/python.py", line 238, in execute
    return_value = self.execute_callable()
                   ^^^^^^^^^^^^^^^^^^^^^^^
  File "/home/airflow/.local/lib/python3.12/site-packages/airflow/operators/python.py", line 256, in execute_callable
    return runner.run(*self.op_args, **self.op_kwargs)
           ^^^^^^^^^^^^^^^^^^^^^^^^^^^^^^^^^^^^^^^^^^^
  File "/home/airflow/.local/lib/python3.12/site-packages/airflow/utils/operator_helpers.py", line 252, in run
    return self.func(*args, **kwargs)
           ^^^^^^^^^^^^^^^^^^^^^^^^^^
  File "/opt/airflow/dags/dag.py", line 40, in load_task
    load_all_from_minio(
  File "/opt/airflow/dags/dag_utils.py", line 183, in load_all_from_minio
    data = postgres_client.read_gzip_csv( # this is not created in postgres class
           ^^^^^^^^^^^^^^^^^^^^^^^^^^^^^^^^^^^^^^^^^^^^^^^^^^^^^^^^^^^^^^^^^^^^^^
  File "/opt/airflow/dags/postgres_client.py", line 169, in read_gzip_csv
    gzip_stream.close()
    ^^^^^^^^^^^^^^^^^
AttributeError: 'dict' object has no attribute 'close'
[2026-03-22T23:58:11.547+0000] {taskinstance.py:1226} INFO - Marking task as FAILED. dag_id=retail_data_pipeline, task_id=load_all_from_minio, run_id=manual__2026-03-22T23:57:21.101773+00:00, execution_date=20260322T235721, start_date=20260322T235810, end_date=20260322T235811
[2026-03-22T23:58:11.596+0000] {taskinstance.py:341} INFO - ::group::Post task execution logs
[2026-03-22T23:58:11.597+0000] {standard_task_runner.py:124} ERROR - Failed to execute job 60 for task load_all_from_minio ('dict' object has no attribute 'close'; 650)
Traceback (most recent call last):
  File "/opt/airflow/dags/postgres_client.py", line 157, in read_gzip_csv
    for row in reader:
               ^^^^^^
  File "/usr/local/lib/python3.12/csv.py", line 115, in __next__
    self.fieldnames
  File "/usr/local/lib/python3.12/csv.py", line 102, in fieldnames
    self._fieldnames = next(self.reader)
                       ^^^^^^^^^^^^^^^^^
  File "/usr/local/lib/python3.12/gzip.py", line 337, in read1
    return self._buffer.read1(size)
           ^^^^^^^^^^^^^^^^^^^^^^^^
  File "/usr/local/lib/python3.12/_compression.py", line 68, in readinto
    data = self.read(len(byte_view))
           ^^^^^^^^^^^^^^^^^^^^^^^^^
  File "/usr/local/lib/python3.12/gzip.py", line 527, in read
    if not self._read_gzip_header():
           ^^^^^^^^^^^^^^^^^^^^^^^^
  File "/usr/local/lib/python3.12/gzip.py", line 496, in _read_gzip_header
    last_mtime = _read_gzip_header(self._fp)
                 ^^^^^^^^^^^^^^^^^^^^^^^^^^^
  File "/usr/local/lib/python3.12/gzip.py", line 451, in _read_gzip_header
    magic = fp.read(2)
            ^^^^^^^^^^
  File "/usr/local/lib/python3.12/gzip.py", line 100, in read
    self.file.read(size-self._length+read)
    ^^^^^^^^^^^^^^
AttributeError: 'dict' object has no attribute 'read'

During handling of the above exception, another exception occurred:

Traceback (most recent call last):
  File "/home/airflow/.local/lib/python3.12/site-packages/airflow/task/task_runner/standard_task_runner.py", line 117, in _start_by_fork
    ret = args.func(args, dag=self.dag)
          ^^^^^^^^^^^^^^^^^^^^^^^^^^^^^
  File "/home/airflow/.local/lib/python3.12/site-packages/airflow/cli/cli_config.py", line 49, in command
    return func(*args, **kwargs)
           ^^^^^^^^^^^^^^^^^^^^^
  File "/home/airflow/.local/lib/python3.12/site-packages/airflow/utils/cli.py", line 116, in wrapper
    return f(*args, **kwargs)
           ^^^^^^^^^^^^^^^^^^
  File "/home/airflow/.local/lib/python3.12/site-packages/airflow/cli/commands/task_command.py", line 483, in task_run
    task_return_code = _run_task_by_selected_method(args, _dag, ti)
                       ^^^^^^^^^^^^^^^^^^^^^^^^^^^^^^^^^^^^^^^^^^^^
  File "/home/airflow/.local/lib/python3.12/site-packages/airflow/cli/commands/task_command.py", line 256, in _run_task_by_selected_method
    return _run_raw_task(args, ti)
           ^^^^^^^^^^^^^^^^^^^^^^^
  File "/home/airflow/.local/lib/python3.12/site-packages/airflow/cli/commands/task_command.py", line 341, in _run_raw_task
    return ti._run_raw_task(
           ^^^^^^^^^^^^^^^^^
  File "/home/airflow/.local/lib/python3.12/site-packages/airflow/utils/session.py", line 97, in wrapper
    return func(*args, session=session, **kwargs)
           ^^^^^^^^^^^^^^^^^^^^^^^^^^^^^^^^^^^^^^
  File "/home/airflow/.local/lib/python3.12/site-packages/airflow/models/taskinstance.py", line 3006, in _run_raw_task
    return _run_raw_task(
           ^^^^^^^^^^^^^^
  File "/home/airflow/.local/lib/python3.12/site-packages/airflow/models/taskinstance.py", line 274, in _run_raw_task
    TaskInstance._execute_task_with_callbacks(
  File "/home/airflow/.local/lib/python3.12/site-packages/airflow/models/taskinstance.py", line 3161, in _execute_task_with_callbacks
    result = self._execute_task(context, task_orig)
             ^^^^^^^^^^^^^^^^^^^^^^^^^^^^^^^^^^^^^^
  File "/home/airflow/.local/lib/python3.12/site-packages/airflow/models/taskinstance.py", line 3185, in _execute_task
    return _execute_task(self, context, task_orig)
           ^^^^^^^^^^^^^^^^^^^^^^^^^^^^^^^^^^^^^^^
  File "/home/airflow/.local/lib/python3.12/site-packages/airflow/models/taskinstance.py", line 768, in _execute_task
    result = _execute_callable(context=context, **execute_callable_kwargs)
             ^^^^^^^^^^^^^^^^^^^^^^^^^^^^^^^^^^^^^^^^^^^^^^^^^^^^^^^^^^^^^
  File "/home/airflow/.local/lib/python3.12/site-packages/airflow/models/taskinstance.py", line 734, in _execute_callable
    return ExecutionCallableRunner(
           ^^^^^^^^^^^^^^^^^^^^^^^^
  File "/home/airflow/.local/lib/python3.12/site-packages/airflow/utils/operator_helpers.py", line 252, in run
    return self.func(*args, **kwargs)
           ^^^^^^^^^^^^^^^^^^^^^^^^^^
  File "/home/airflow/.local/lib/python3.12/site-packages/airflow/models/baseoperator.py", line 424, in wrapper
    return func(self, *args, **kwargs)
           ^^^^^^^^^^^^^^^^^^^^^^^^^^^
  File "/home/airflow/.local/lib/python3.12/site-packages/airflow/operators/python.py", line 238, in execute
    return_value = self.execute_callable()
                   ^^^^^^^^^^^^^^^^^^^^^^^
  File "/home/airflow/.local/lib/python3.12/site-packages/airflow/operators/python.py", line 256, in execute_callable
    return runner.run(*self.op_args, **self.op_kwargs)
           ^^^^^^^^^^^^^^^^^^^^^^^^^^^^^^^^^^^^^^^^^^^
  File "/home/airflow/.local/lib/python3.12/site-packages/airflow/utils/operator_helpers.py", line 252, in run
    return self.func(*args, **kwargs)
           ^^^^^^^^^^^^^^^^^^^^^^^^^^
  File "/opt/airflow/dags/dag.py", line 40, in load_task
    load_all_from_minio(
  File "/opt/airflow/dags/dag_utils.py", line 183, in load_all_from_minio
    data = postgres_client.read_gzip_csv( # this is not created in postgres class
           ^^^^^^^^^^^^^^^^^^^^^^^^^^^^^^^^^^^^^^^^^^^^^^^^^^^^^^^^^^^^^^^^^^^^^^
  File "/opt/airflow/dags/postgres_client.py", line 169, in read_gzip_csv
    gzip_stream.close()
    ^^^^^^^^^^^^^^^^^
AttributeError: 'dict' object has no attribute 'close'
[2026-03-22T23:58:11.651+0000] {local_task_job_runner.py:266} INFO - Task exited with return code 1
[2026-03-22T23:58:11.679+0000] {taskinstance.py:3901} INFO - 0 downstream tasks scheduled from follow-on schedule check
[2026-03-22T23:58:11.683+0000] {local_task_job_runner.py:245} INFO - ::endgroup::
