[2026-03-21T21:28:02.179+0000] {local_task_job_runner.py:123} INFO - ::group::Pre task execution logs
[2026-03-21T21:28:02.213+0000] {taskinstance.py:2614} INFO - Dependencies all met for dep_context=non-requeueable deps ti=<TaskInstance: retail_data_pipeline.generate_and_upload_data manual__2026-03-21T21:27:48.508021+00:00 [queued]>
[2026-03-21T21:28:02.230+0000] {taskinstance.py:2614} INFO - Dependencies all met for dep_context=requeueable deps ti=<TaskInstance: retail_data_pipeline.generate_and_upload_data manual__2026-03-21T21:27:48.508021+00:00 [queued]>
[2026-03-21T21:28:02.231+0000] {taskinstance.py:2867} INFO - Starting attempt 1 of 1
[2026-03-21T21:28:02.264+0000] {taskinstance.py:2890} INFO - Executing <Task(PythonOperator): generate_and_upload_data> on 2026-03-21 21:27:48.508021+00:00
[2026-03-21T21:28:02.284+0000] {warnings.py:112} WARNING - /home/***/.local/lib/python3.12/site-packages/***/task/task_runner/standard_task_runner.py:70: DeprecationWarning: This process (pid=1685) is multi-threaded, use of fork() may lead to deadlocks in the child.
  pid = os.fork()

[2026-03-21T21:28:02.288+0000] {standard_task_runner.py:72} INFO - Started process 1694 to run task
[2026-03-21T21:28:02.288+0000] {standard_task_runner.py:104} INFO - Running: ['***', 'tasks', 'run', 'retail_data_pipeline', 'generate_and_upload_data', 'manual__2026-03-21T21:27:48.508021+00:00', '--job-id', '18', '--raw', '--subdir', 'DAGS_FOLDER/dag.py', '--cfg-path', '/tmp/tmpqhe2g6zd']
[2026-03-21T21:28:02.295+0000] {standard_task_runner.py:105} INFO - Job 18: Subtask generate_and_upload_data
[2026-03-21T21:28:02.427+0000] {task_command.py:467} INFO - Running <TaskInstance: retail_data_pipeline.generate_and_upload_data manual__2026-03-21T21:27:48.508021+00:00 [running]> on host 156a3bb7bbb6
[2026-03-21T21:28:02.617+0000] {taskinstance.py:3134} INFO - Exporting env vars: AIRFLOW_CTX_DAG_OWNER='***' AIRFLOW_CTX_DAG_ID='retail_data_pipeline' AIRFLOW_CTX_TASK_ID='generate_and_upload_data' AIRFLOW_CTX_EXECUTION_DATE='2026-03-21T21:27:48.508021+00:00' AIRFLOW_CTX_TRY_NUMBER='1' AIRFLOW_CTX_DAG_RUN_ID='manual__2026-03-21T21:27:48.508021+00:00'
[2026-03-21T21:28:02.619+0000] {taskinstance.py:732} INFO - ::endgroup::
[2026-03-21T21:28:02.683+0000] {base.py:84} INFO - Retrieving connection 'minio_conn'
[2026-03-21T21:28:10.988+0000] {dag_utils.py:35} INFO - ✅ Customers generated | rows=10000 | duration=7.43s
[2026-03-21T21:28:11.060+0000] {dag_utils.py:41} INFO - ✅ Products generated | rows=2000 | duration=0.07s
[2026-03-21T21:28:13.349+0000] {dag_utils.py:47} INFO - ✅ Sales generated | rows=149998 | duration=2.29s
[2026-03-21T21:28:13.350+0000] {dag_utils.py:62} INFO - ⬆️ Uploading customers | rows=10000 | destination=s3://retailio/landing/customers/customers_20260321T212748.csv.gz
[2026-03-21T21:28:13.351+0000] {minio_client.py:217} INFO - Streaming upload to s3://retailio/landing/customers/customers_20260321T212748.csv.gz
[2026-03-21T21:28:13.730+0000] {minio_client.py:245} INFO - Streaming upload complete
[2026-03-21T21:28:13.732+0000] {dag_utils.py:75} INFO - ✅ Upload successful: customers | duration=0.38s
[2026-03-21T21:28:13.733+0000] {dag_utils.py:62} INFO - ⬆️ Uploading products | rows=2000 | destination=s3://retailio/landing/products/products_20260321T212748.csv.gz
[2026-03-21T21:28:13.734+0000] {minio_client.py:217} INFO - Streaming upload to s3://retailio/landing/products/products_20260321T212748.csv.gz
[2026-03-21T21:28:13.794+0000] {minio_client.py:245} INFO - Streaming upload complete
[2026-03-21T21:28:13.796+0000] {dag_utils.py:75} INFO - ✅ Upload successful: products | duration=0.06s
[2026-03-21T21:28:13.797+0000] {dag_utils.py:62} INFO - ⬆️ Uploading sales | rows=149998 | destination=s3://retailio/landing/sales/sales_20260321T212748.csv.gz
[2026-03-21T21:28:13.799+0000] {minio_client.py:217} INFO - Streaming upload to s3://retailio/landing/sales/sales_20260321T212748.csv.gz
[2026-03-21T21:28:17.537+0000] {minio_client.py:245} INFO - Streaming upload complete
[2026-03-21T21:28:17.538+0000] {dag_utils.py:75} INFO - ✅ Upload successful: sales | duration=3.74s
[2026-03-21T21:28:17.539+0000] {dag_utils.py:86} INFO - 🎉 Pipeline completed | total_duration=13.98s
[2026-03-21T21:28:18.035+0000] {python.py:240} INFO - Done. Returned value was: None
[2026-03-21T21:28:18.058+0000] {taskinstance.py:341} INFO - ::group::Post task execution logs
[2026-03-21T21:28:18.059+0000] {taskinstance.py:353} INFO - Marking task as SUCCESS. dag_id=retail_data_pipeline, task_id=generate_and_upload_data, run_id=manual__2026-03-21T21:27:48.508021+00:00, execution_date=20260321T212748, start_date=20260321T212802, end_date=20260321T212818
[2026-03-21T21:28:18.152+0000] {local_task_job_runner.py:266} INFO - Task exited with return code 0
[2026-03-21T21:28:18.231+0000] {taskinstance.py:3901} INFO - 1 downstream tasks scheduled from follow-on schedule check
[2026-03-21T21:28:18.239+0000] {local_task_job_runner.py:245} INFO - ::endgroup::
