[2026-03-22T23:39:33.389+0000] {local_task_job_runner.py:123} INFO - ::group::Pre task execution logs
[2026-03-22T23:39:33.418+0000] {taskinstance.py:2614} INFO - Dependencies all met for dep_context=non-requeueable deps ti=<TaskInstance: retail_data_pipeline.load_all_from_minio manual__2026-03-22T23:38:39.890840+00:00 [queued]>
[2026-03-22T23:39:33.433+0000] {taskinstance.py:2614} INFO - Dependencies all met for dep_context=requeueable deps ti=<TaskInstance: retail_data_pipeline.load_all_from_minio manual__2026-03-22T23:38:39.890840+00:00 [queued]>
[2026-03-22T23:39:33.435+0000] {taskinstance.py:2867} INFO - Starting attempt 1 of 1
[2026-03-22T23:39:33.454+0000] {taskinstance.py:2890} INFO - Executing <Task(PythonOperator): load_all_from_minio> on 2026-03-22 23:38:39.890840+00:00
[2026-03-22T23:39:33.465+0000] {warnings.py:112} WARNING - /home/***/.local/lib/python3.12/site-packages/***/task/task_runner/standard_task_runner.py:70: DeprecationWarning: This process (pid=407) is multi-threaded, use of fork() may lead to deadlocks in the child.
  pid = os.fork()

[2026-03-22T23:39:33.468+0000] {standard_task_runner.py:72} INFO - Started process 409 to run task
[2026-03-22T23:39:33.469+0000] {standard_task_runner.py:104} INFO - Running: ['***', 'tasks', 'run', 'retail_data_pipeline', 'load_all_from_minio', 'manual__2026-03-22T23:38:39.890840+00:00', '--job-id', '58', '--raw', '--subdir', 'DAGS_FOLDER/dag.py', '--cfg-path', '/tmp/tmp5d616bs7']
[2026-03-22T23:39:33.474+0000] {standard_task_runner.py:105} INFO - Job 58: Subtask load_all_from_minio
[2026-03-22T23:39:33.584+0000] {task_command.py:467} INFO - Running <TaskInstance: retail_data_pipeline.load_all_from_minio manual__2026-03-22T23:38:39.890840+00:00 [running]> on host 750b4dfa1755
[2026-03-22T23:39:33.725+0000] {taskinstance.py:3134} INFO - Exporting env vars: AIRFLOW_CTX_DAG_OWNER='***' AIRFLOW_CTX_DAG_ID='retail_data_pipeline' AIRFLOW_CTX_TASK_ID='load_all_from_minio' AIRFLOW_CTX_EXECUTION_DATE='2026-03-22T23:38:39.890840+00:00' AIRFLOW_CTX_TRY_NUMBER='1' AIRFLOW_CTX_DAG_RUN_ID='manual__2026-03-22T23:38:39.890840+00:00'
[2026-03-22T23:39:33.727+0000] {taskinstance.py:732} INFO - ::endgroup::
[2026-03-22T23:39:33.768+0000] {base.py:84} INFO - Retrieving connection 'minio_conn'
[2026-03-22T23:39:34.081+0000] {base.py:84} INFO - Retrieving connection 'postgres_conn'
[2026-03-22T23:39:34.149+0000] {dag_utils.py:139} INFO - Files from MinIO: ['landing/customers/customers_20260319_194531.csv.gz', 'landing/customers/customers_20260319_194532.csv.gz', 'landing/customers/customers_20260321T212748.csv.gz', 'landing/customers/customers_20260321_211221.csv.gz', 'landing/customers/customers_20260322T183535.csv.gz', 'landing/customers/customers_20260322T183909.csv.gz', 'landing/customers/customers_20260322T184136.csv.gz', 'landing/customers/customers_20260322T185027.csv.gz', 'landing/customers/customers_20260322T185412.csv.gz', 'landing/customers/customers_20260322T192419.csv.gz', 'landing/customers/customers_20260322T192619.csv.gz', 'landing/customers/customers_20260322T193328.csv.gz', 'landing/customers/customers_20260322T193503.csv.gz', 'landing/customers/customers_20260322T194719.csv.gz', 'landing/customers/customers_20260322T195706.csv.gz', 'landing/customers/customers_20260322T200122.csv.gz', 'landing/customers/customers_20260322T200753.csv.gz', 'landing/customers/customers_20260322T201226.csv.gz', 'landing/customers/customers_20260322T201524.csv.gz', 'landing/customers/customers_20260322T233155.csv.gz', 'landing/customers/customers_20260322T233647.csv.gz', 'landing/customers/customers_20260322T233839.csv.gz', 'landing/products/products_20260319_194532.csv.gz', 'landing/products/products_20260321T212748.csv.gz', 'landing/products/products_20260321_211221.csv.gz', 'landing/products/products_20260322T183535.csv.gz', 'landing/products/products_20260322T183909.csv.gz', 'landing/products/products_20260322T184136.csv.gz', 'landing/products/products_20260322T185027.csv.gz', 'landing/products/products_20260322T185412.csv.gz', 'landing/products/products_20260322T192419.csv.gz', 'landing/products/products_20260322T192619.csv.gz', 'landing/products/products_20260322T193328.csv.gz', 'landing/products/products_20260322T193503.csv.gz', 'landing/products/products_20260322T194719.csv.gz', 'landing/products/products_20260322T195706.csv.gz', 'landing/products/products_20260322T200122.csv.gz', 'landing/products/products_20260322T200753.csv.gz', 'landing/products/products_20260322T201226.csv.gz', 'landing/products/products_20260322T201524.csv.gz', 'landing/products/products_20260322T233155.csv.gz', 'landing/products/products_20260322T233647.csv.gz', 'landing/products/products_20260322T233839.csv.gz', 'landing/sales/sales_20260319_194532.csv.gz', 'landing/sales/sales_20260321T212748.csv.gz', 'landing/sales/sales_20260321_211221.csv.gz', 'landing/sales/sales_20260322T183535.csv.gz', 'landing/sales/sales_20260322T183909.csv.gz', 'landing/sales/sales_20260322T184136.csv.gz', 'landing/sales/sales_20260322T185027.csv.gz', 'landing/sales/sales_20260322T185412.csv.gz', 'landing/sales/sales_20260322T192419.csv.gz', 'landing/sales/sales_20260322T192619.csv.gz', 'landing/sales/sales_20260322T193328.csv.gz', 'landing/sales/sales_20260322T193503.csv.gz', 'landing/sales/sales_20260322T194719.csv.gz', 'landing/sales/sales_20260322T195706.csv.gz', 'landing/sales/sales_20260322T200122.csv.gz', 'landing/sales/sales_20260322T200753.csv.gz', 'landing/sales/sales_20260322T201226.csv.gz', 'landing/sales/sales_20260322T201524.csv.gz', 'landing/sales/sales_20260322T233155.csv.gz', 'landing/sales/sales_20260322T233647.csv.gz', 'landing/sales/sales_20260322T233839.csv.gz']
[2026-03-22T23:39:34.204+0000] {postgres_client.py:82} INFO - Executed SQL file: /opt/***/sql/tracker_ddl.sql
[2026-03-22T23:39:34.209+0000] {postgres_client.py:204} INFO - Checking file landing/customers/customers_20260319_194531.csv.gz, result=None
[2026-03-22T23:39:34.211+0000] {postgres_client.py:204} INFO - Checking file landing/customers/customers_20260319_194532.csv.gz, result=None
[2026-03-22T23:39:34.213+0000] {postgres_client.py:204} INFO - Checking file landing/customers/customers_20260321T212748.csv.gz, result=None
[2026-03-22T23:39:34.216+0000] {postgres_client.py:204} INFO - Checking file landing/customers/customers_20260321_211221.csv.gz, result=None
[2026-03-22T23:39:34.218+0000] {postgres_client.py:204} INFO - Checking file landing/customers/customers_20260322T183535.csv.gz, result=None
[2026-03-22T23:39:34.220+0000] {postgres_client.py:204} INFO - Checking file landing/customers/customers_20260322T183909.csv.gz, result=None
[2026-03-22T23:39:34.222+0000] {postgres_client.py:204} INFO - Checking file landing/customers/customers_20260322T184136.csv.gz, result=None
[2026-03-22T23:39:34.224+0000] {postgres_client.py:204} INFO - Checking file landing/customers/customers_20260322T185027.csv.gz, result=None
[2026-03-22T23:39:34.226+0000] {postgres_client.py:204} INFO - Checking file landing/customers/customers_20260322T185412.csv.gz, result=None
[2026-03-22T23:39:34.228+0000] {postgres_client.py:204} INFO - Checking file landing/customers/customers_20260322T192419.csv.gz, result=None
[2026-03-22T23:39:34.229+0000] {postgres_client.py:204} INFO - Checking file landing/customers/customers_20260322T192619.csv.gz, result=None
[2026-03-22T23:39:34.231+0000] {postgres_client.py:204} INFO - Checking file landing/customers/customers_20260322T193328.csv.gz, result=None
[2026-03-22T23:39:34.234+0000] {postgres_client.py:204} INFO - Checking file landing/customers/customers_20260322T193503.csv.gz, result=None
[2026-03-22T23:39:34.236+0000] {postgres_client.py:204} INFO - Checking file landing/customers/customers_20260322T194719.csv.gz, result=None
[2026-03-22T23:39:34.237+0000] {postgres_client.py:204} INFO - Checking file landing/customers/customers_20260322T195706.csv.gz, result=None
[2026-03-22T23:39:34.239+0000] {postgres_client.py:204} INFO - Checking file landing/customers/customers_20260322T200122.csv.gz, result=None
[2026-03-22T23:39:34.241+0000] {postgres_client.py:204} INFO - Checking file landing/customers/customers_20260322T200753.csv.gz, result=None
[2026-03-22T23:39:34.243+0000] {postgres_client.py:204} INFO - Checking file landing/customers/customers_20260322T201226.csv.gz, result=None
[2026-03-22T23:39:34.245+0000] {postgres_client.py:204} INFO - Checking file landing/customers/customers_20260322T201524.csv.gz, result=None
[2026-03-22T23:39:34.246+0000] {postgres_client.py:204} INFO - Checking file landing/customers/customers_20260322T233155.csv.gz, result=None
[2026-03-22T23:39:34.248+0000] {postgres_client.py:204} INFO - Checking file landing/customers/customers_20260322T233647.csv.gz, result=None
[2026-03-22T23:39:34.251+0000] {postgres_client.py:204} INFO - Checking file landing/customers/customers_20260322T233839.csv.gz, result=None
[2026-03-22T23:39:34.253+0000] {postgres_client.py:204} INFO - Checking file landing/products/products_20260319_194532.csv.gz, result=None
[2026-03-22T23:39:34.255+0000] {postgres_client.py:204} INFO - Checking file landing/products/products_20260321T212748.csv.gz, result=None
[2026-03-22T23:39:34.257+0000] {postgres_client.py:204} INFO - Checking file landing/products/products_20260321_211221.csv.gz, result=None
[2026-03-22T23:39:34.259+0000] {postgres_client.py:204} INFO - Checking file landing/products/products_20260322T183535.csv.gz, result=None
[2026-03-22T23:39:34.260+0000] {postgres_client.py:204} INFO - Checking file landing/products/products_20260322T183909.csv.gz, result=None
[2026-03-22T23:39:34.262+0000] {postgres_client.py:204} INFO - Checking file landing/products/products_20260322T184136.csv.gz, result=None
[2026-03-22T23:39:34.265+0000] {postgres_client.py:204} INFO - Checking file landing/products/products_20260322T185027.csv.gz, result=None
[2026-03-22T23:39:34.266+0000] {postgres_client.py:204} INFO - Checking file landing/products/products_20260322T185412.csv.gz, result=None
[2026-03-22T23:39:34.268+0000] {postgres_client.py:204} INFO - Checking file landing/products/products_20260322T192419.csv.gz, result=None
[2026-03-22T23:39:34.270+0000] {postgres_client.py:204} INFO - Checking file landing/products/products_20260322T192619.csv.gz, result=None
[2026-03-22T23:39:34.272+0000] {postgres_client.py:204} INFO - Checking file landing/products/products_20260322T193328.csv.gz, result=None
[2026-03-22T23:39:34.274+0000] {postgres_client.py:204} INFO - Checking file landing/products/products_20260322T193503.csv.gz, result=None
[2026-03-22T23:39:34.276+0000] {postgres_client.py:204} INFO - Checking file landing/products/products_20260322T194719.csv.gz, result=None
[2026-03-22T23:39:34.277+0000] {postgres_client.py:204} INFO - Checking file landing/products/products_20260322T195706.csv.gz, result=None
[2026-03-22T23:39:34.281+0000] {postgres_client.py:204} INFO - Checking file landing/products/products_20260322T200122.csv.gz, result=None
[2026-03-22T23:39:34.283+0000] {postgres_client.py:204} INFO - Checking file landing/products/products_20260322T200753.csv.gz, result=None
[2026-03-22T23:39:34.285+0000] {postgres_client.py:204} INFO - Checking file landing/products/products_20260322T201226.csv.gz, result=None
[2026-03-22T23:39:34.287+0000] {postgres_client.py:204} INFO - Checking file landing/products/products_20260322T201524.csv.gz, result=None
[2026-03-22T23:39:34.289+0000] {postgres_client.py:204} INFO - Checking file landing/products/products_20260322T233155.csv.gz, result=None
[2026-03-22T23:39:34.291+0000] {postgres_client.py:204} INFO - Checking file landing/products/products_20260322T233647.csv.gz, result=None
[2026-03-22T23:39:34.293+0000] {postgres_client.py:204} INFO - Checking file landing/products/products_20260322T233839.csv.gz, result=None
[2026-03-22T23:39:34.295+0000] {postgres_client.py:204} INFO - Checking file landing/sales/sales_20260319_194532.csv.gz, result=None
[2026-03-22T23:39:34.297+0000] {postgres_client.py:204} INFO - Checking file landing/sales/sales_20260321T212748.csv.gz, result=None
[2026-03-22T23:39:34.299+0000] {postgres_client.py:204} INFO - Checking file landing/sales/sales_20260321_211221.csv.gz, result=None
[2026-03-22T23:39:34.301+0000] {postgres_client.py:204} INFO - Checking file landing/sales/sales_20260322T183535.csv.gz, result=None
[2026-03-22T23:39:34.302+0000] {postgres_client.py:204} INFO - Checking file landing/sales/sales_20260322T183909.csv.gz, result=None
[2026-03-22T23:39:34.305+0000] {postgres_client.py:204} INFO - Checking file landing/sales/sales_20260322T184136.csv.gz, result=None
[2026-03-22T23:39:34.307+0000] {postgres_client.py:204} INFO - Checking file landing/sales/sales_20260322T185027.csv.gz, result=None
[2026-03-22T23:39:34.309+0000] {postgres_client.py:204} INFO - Checking file landing/sales/sales_20260322T185412.csv.gz, result=None
[2026-03-22T23:39:34.311+0000] {postgres_client.py:204} INFO - Checking file landing/sales/sales_20260322T192419.csv.gz, result=None
[2026-03-22T23:39:34.313+0000] {postgres_client.py:204} INFO - Checking file landing/sales/sales_20260322T192619.csv.gz, result=None
[2026-03-22T23:39:34.315+0000] {postgres_client.py:204} INFO - Checking file landing/sales/sales_20260322T193328.csv.gz, result=None
[2026-03-22T23:39:34.317+0000] {postgres_client.py:204} INFO - Checking file landing/sales/sales_20260322T193503.csv.gz, result=None
[2026-03-22T23:39:34.318+0000] {postgres_client.py:204} INFO - Checking file landing/sales/sales_20260322T194719.csv.gz, result=None
[2026-03-22T23:39:34.320+0000] {postgres_client.py:204} INFO - Checking file landing/sales/sales_20260322T195706.csv.gz, result=None
[2026-03-22T23:39:34.322+0000] {postgres_client.py:204} INFO - Checking file landing/sales/sales_20260322T200122.csv.gz, result=None
[2026-03-22T23:39:34.324+0000] {postgres_client.py:204} INFO - Checking file landing/sales/sales_20260322T200753.csv.gz, result=None
[2026-03-22T23:39:34.325+0000] {postgres_client.py:204} INFO - Checking file landing/sales/sales_20260322T201226.csv.gz, result=None
[2026-03-22T23:39:34.328+0000] {postgres_client.py:204} INFO - Checking file landing/sales/sales_20260322T201524.csv.gz, result=None
[2026-03-22T23:39:34.330+0000] {postgres_client.py:204} INFO - Checking file landing/sales/sales_20260322T233155.csv.gz, result=None
[2026-03-22T23:39:34.332+0000] {postgres_client.py:204} INFO - Checking file landing/sales/sales_20260322T233647.csv.gz, result=None
[2026-03-22T23:39:34.334+0000] {postgres_client.py:204} INFO - Checking file landing/sales/sales_20260322T233839.csv.gz, result=None
[2026-03-22T23:39:34.363+0000] {dag_utils.py:181} INFO - Loading landing/customers/customers_20260319_194531.csv.gz → raw.customers
[2026-03-22T23:39:34.493+0000] {postgres_client.py:82} INFO - Executed SQL file: /opt/***/sql/customers_ddl.sql
[2026-03-22T23:39:34.495+0000] {taskinstance.py:3313} ERROR - Task failed with exception
Traceback (most recent call last):
  File "/home/airflow/.local/lib/python3.12/site-packages/airflow/models/taskinstance.py", line 768, in _execute_task
    result = _execute_callable(context=context, **execute_callable_kwargs)
             ^^^^^^^^^^^^^^^^^^^^^^^^^^^^^^^^^^^^^^^^^^^^^^^^^^^^^^^^^^^^^
  File "/home/airflow/.local/lib/python3.12/site-packages/airflow/models/taskinstance.py", line 734, in _execute_callable
    return ExecutionCallableRunner(
           ^^^^^^^^^^^^^^^^^^^^^^^^
  File "/home/airflow/.local/lib/python3.12/site-packages/airflow/utils/operator_helpers.py", line 252, in run
    return self.func(*args, **kwargs)
           ^^^^^^^^^^^^^^^^^^^^^^^^^^
  File "/home/airflow/.local/lib/python3.12/site-packages/airflow/models/baseoperator.py", line 424, in wrapper
    return func(self, *args, **kwargs)
           ^^^^^^^^^^^^^^^^^^^^^^^^^^^
  File "/home/airflow/.local/lib/python3.12/site-packages/airflow/operators/python.py", line 238, in execute
    return_value = self.execute_callable()
                   ^^^^^^^^^^^^^^^^^^^^^^^
  File "/home/airflow/.local/lib/python3.12/site-packages/airflow/operators/python.py", line 256, in execute_callable
    return runner.run(*self.op_args, **self.op_kwargs)
           ^^^^^^^^^^^^^^^^^^^^^^^^^^^^^^^^^^^^^^^^^^^
  File "/home/airflow/.local/lib/python3.12/site-packages/airflow/utils/operator_helpers.py", line 252, in run
    return self.func(*args, **kwargs)
           ^^^^^^^^^^^^^^^^^^^^^^^^^^
  File "/opt/airflow/dags/dag.py", line 40, in load_task
    load_all_from_minio(
  File "/opt/airflow/dags/dag_utils.py", line 191, in load_all_from_minio
    response = minio_client.client.get_object(bucket, object_name)
               ^^^^^^^^^^^^^^^^^^^^^^^^^^^^^^^^^^^^^^^^^^^^^^^^^^^
  File "/home/airflow/.local/lib/python3.12/site-packages/botocore/client.py", line 561, in _api_call
    raise TypeError(
TypeError: get_object() only accepts keyword arguments.
[2026-03-22T23:39:34.521+0000] {taskinstance.py:1226} INFO - Marking task as FAILED. dag_id=retail_data_pipeline, task_id=load_all_from_minio, run_id=manual__2026-03-22T23:38:39.890840+00:00, execution_date=20260322T233839, start_date=20260322T233933, end_date=20260322T233934
[2026-03-22T23:39:34.568+0000] {taskinstance.py:341} INFO - ::group::Post task execution logs
[2026-03-22T23:39:34.570+0000] {standard_task_runner.py:124} ERROR - Failed to execute job 58 for task load_all_from_minio (get_object() only accepts keyword arguments.; 409)
Traceback (most recent call last):
  File "/home/airflow/.local/lib/python3.12/site-packages/airflow/task/task_runner/standard_task_runner.py", line 117, in _start_by_fork
    ret = args.func(args, dag=self.dag)
          ^^^^^^^^^^^^^^^^^^^^^^^^^^^^^
  File "/home/airflow/.local/lib/python3.12/site-packages/airflow/cli/cli_config.py", line 49, in command
    return func(*args, **kwargs)
           ^^^^^^^^^^^^^^^^^^^^^
  File "/home/airflow/.local/lib/python3.12/site-packages/airflow/utils/cli.py", line 116, in wrapper
    return f(*args, **kwargs)
           ^^^^^^^^^^^^^^^^^^
  File "/home/airflow/.local/lib/python3.12/site-packages/airflow/cli/commands/task_command.py", line 483, in task_run
    task_return_code = _run_task_by_selected_method(args, _dag, ti)
                       ^^^^^^^^^^^^^^^^^^^^^^^^^^^^^^^^^^^^^^^^^^^^
  File "/home/airflow/.local/lib/python3.12/site-packages/airflow/cli/commands/task_command.py", line 256, in _run_task_by_selected_method
    return _run_raw_task(args, ti)
           ^^^^^^^^^^^^^^^^^^^^^^^
  File "/home/airflow/.local/lib/python3.12/site-packages/airflow/cli/commands/task_command.py", line 341, in _run_raw_task
    return ti._run_raw_task(
           ^^^^^^^^^^^^^^^^^
  File "/home/airflow/.local/lib/python3.12/site-packages/airflow/utils/session.py", line 97, in wrapper
    return func(*args, session=session, **kwargs)
           ^^^^^^^^^^^^^^^^^^^^^^^^^^^^^^^^^^^^^^
  File "/home/airflow/.local/lib/python3.12/site-packages/airflow/models/taskinstance.py", line 3006, in _run_raw_task
    return _run_raw_task(
           ^^^^^^^^^^^^^^
  File "/home/airflow/.local/lib/python3.12/site-packages/airflow/models/taskinstance.py", line 274, in _run_raw_task
    TaskInstance._execute_task_with_callbacks(
  File "/home/airflow/.local/lib/python3.12/site-packages/airflow/models/taskinstance.py", line 3161, in _execute_task_with_callbacks
    result = self._execute_task(context, task_orig)
             ^^^^^^^^^^^^^^^^^^^^^^^^^^^^^^^^^^^^^^
  File "/home/airflow/.local/lib/python3.12/site-packages/airflow/models/taskinstance.py", line 3185, in _execute_task
    return _execute_task(self, context, task_orig)
           ^^^^^^^^^^^^^^^^^^^^^^^^^^^^^^^^^^^^^^^
  File "/home/airflow/.local/lib/python3.12/site-packages/airflow/models/taskinstance.py", line 768, in _execute_task
    result = _execute_callable(context=context, **execute_callable_kwargs)
             ^^^^^^^^^^^^^^^^^^^^^^^^^^^^^^^^^^^^^^^^^^^^^^^^^^^^^^^^^^^^^
  File "/home/airflow/.local/lib/python3.12/site-packages/airflow/models/taskinstance.py", line 734, in _execute_callable
    return ExecutionCallableRunner(
           ^^^^^^^^^^^^^^^^^^^^^^^^
  File "/home/airflow/.local/lib/python3.12/site-packages/airflow/utils/operator_helpers.py", line 252, in run
    return self.func(*args, **kwargs)
           ^^^^^^^^^^^^^^^^^^^^^^^^^^
  File "/home/airflow/.local/lib/python3.12/site-packages/airflow/models/baseoperator.py", line 424, in wrapper
    return func(self, *args, **kwargs)
           ^^^^^^^^^^^^^^^^^^^^^^^^^^^
  File "/home/airflow/.local/lib/python3.12/site-packages/airflow/operators/python.py", line 238, in execute
    return_value = self.execute_callable()
                   ^^^^^^^^^^^^^^^^^^^^^^^
  File "/home/airflow/.local/lib/python3.12/site-packages/airflow/operators/python.py", line 256, in execute_callable
    return runner.run(*self.op_args, **self.op_kwargs)
           ^^^^^^^^^^^^^^^^^^^^^^^^^^^^^^^^^^^^^^^^^^^
  File "/home/airflow/.local/lib/python3.12/site-packages/airflow/utils/operator_helpers.py", line 252, in run
    return self.func(*args, **kwargs)
           ^^^^^^^^^^^^^^^^^^^^^^^^^^
  File "/opt/airflow/dags/dag.py", line 40, in load_task
    load_all_from_minio(
  File "/opt/airflow/dags/dag_utils.py", line 191, in load_all_from_minio
    response = minio_client.client.get_object(bucket, object_name)
               ^^^^^^^^^^^^^^^^^^^^^^^^^^^^^^^^^^^^^^^^^^^^^^^^^^^
  File "/home/airflow/.local/lib/python3.12/site-packages/botocore/client.py", line 561, in _api_call
    raise TypeError(
TypeError: get_object() only accepts keyword arguments.
[2026-03-22T23:39:34.651+0000] {local_task_job_runner.py:266} INFO - Task exited with return code 1
[2026-03-22T23:39:34.682+0000] {taskinstance.py:3901} INFO - 0 downstream tasks scheduled from follow-on schedule check
[2026-03-22T23:39:34.685+0000] {local_task_job_runner.py:245} INFO - ::endgroup::
