[2026-03-22T18:41:39.316+0000] {local_task_job_runner.py:123} INFO - ::group::Pre task execution logs
[2026-03-22T18:41:39.334+0000] {taskinstance.py:2614} INFO - Dependencies all met for dep_context=non-requeueable deps ti=<TaskInstance: retail_data_pipeline.generate_and_upload_data manual__2026-03-22T18:41:36.487060+00:00 [queued]>
[2026-03-22T18:41:39.342+0000] {taskinstance.py:2614} INFO - Dependencies all met for dep_context=requeueable deps ti=<TaskInstance: retail_data_pipeline.generate_and_upload_data manual__2026-03-22T18:41:36.487060+00:00 [queued]>
[2026-03-22T18:41:39.343+0000] {taskinstance.py:2867} INFO - Starting attempt 1 of 1
[2026-03-22T18:41:39.358+0000] {taskinstance.py:2890} INFO - Executing <Task(PythonOperator): generate_and_upload_data> on 2026-03-22 18:41:36.487060+00:00
[2026-03-22T18:41:39.367+0000] {warnings.py:112} WARNING - /home/***/.local/lib/python3.12/site-packages/***/task/task_runner/standard_task_runner.py:70: DeprecationWarning: This process (pid=1760) is multi-threaded, use of fork() may lead to deadlocks in the child.
  pid = os.fork()

[2026-03-22T18:41:39.370+0000] {standard_task_runner.py:72} INFO - Started process 1762 to run task
[2026-03-22T18:41:39.370+0000] {standard_task_runner.py:104} INFO - Running: ['***', 'tasks', 'run', 'retail_data_pipeline', 'generate_and_upload_data', 'manual__2026-03-22T18:41:36.487060+00:00', '--job-id', '25', '--raw', '--subdir', 'DAGS_FOLDER/dag.py', '--cfg-path', '/tmp/tmpdndifrp2']
[2026-03-22T18:41:39.375+0000] {standard_task_runner.py:105} INFO - Job 25: Subtask generate_and_upload_data
[2026-03-22T18:41:39.467+0000] {task_command.py:467} INFO - Running <TaskInstance: retail_data_pipeline.generate_and_upload_data manual__2026-03-22T18:41:36.487060+00:00 [running]> on host daab347df078
[2026-03-22T18:41:39.587+0000] {taskinstance.py:3134} INFO - Exporting env vars: AIRFLOW_CTX_DAG_OWNER='***' AIRFLOW_CTX_DAG_ID='retail_data_pipeline' AIRFLOW_CTX_TASK_ID='generate_and_upload_data' AIRFLOW_CTX_EXECUTION_DATE='2026-03-22T18:41:36.487060+00:00' AIRFLOW_CTX_TRY_NUMBER='1' AIRFLOW_CTX_DAG_RUN_ID='manual__2026-03-22T18:41:36.487060+00:00'
[2026-03-22T18:41:39.589+0000] {taskinstance.py:732} INFO - ::endgroup::
[2026-03-22T18:41:39.619+0000] {base.py:84} INFO - Retrieving connection 'minio_conn'
[2026-03-22T18:41:43.984+0000] {dag_utils.py:42} INFO - ✅ Customers generated | rows=10000 | duration=4.19s
[2026-03-22T18:41:44.007+0000] {dag_utils.py:48} INFO - ✅ Products generated | rows=2000 | duration=0.02s
[2026-03-22T18:42:00.033+0000] {dag_utils.py:54} INFO - ✅ Sales generated | rows=1500248 | duration=16.03s
[2026-03-22T18:42:00.035+0000] {dag_utils.py:69} INFO - ⬆️ Uploading customers | rows=10000 | destination=s3://retailio/landing/customers/customers_20260322T184136.csv.gz
[2026-03-22T18:42:00.036+0000] {minio_client.py:217} INFO - Streaming upload to s3://retailio/landing/customers/customers_20260322T184136.csv.gz
[2026-03-22T18:42:00.322+0000] {minio_client.py:245} INFO - Streaming upload complete
[2026-03-22T18:42:00.324+0000] {dag_utils.py:82} INFO - ✅ Upload successful: customers | duration=0.29s
[2026-03-22T18:42:00.325+0000] {dag_utils.py:69} INFO - ⬆️ Uploading products | rows=2000 | destination=s3://retailio/landing/products/products_20260322T184136.csv.gz
[2026-03-22T18:42:00.326+0000] {minio_client.py:217} INFO - Streaming upload to s3://retailio/landing/products/products_20260322T184136.csv.gz
[2026-03-22T18:42:00.363+0000] {minio_client.py:245} INFO - Streaming upload complete
[2026-03-22T18:42:00.363+0000] {dag_utils.py:82} INFO - ✅ Upload successful: products | duration=0.04s
[2026-03-22T18:42:00.364+0000] {dag_utils.py:69} INFO - ⬆️ Uploading sales | rows=1500248 | destination=s3://retailio/landing/sales/sales_20260322T184136.csv.gz
[2026-03-22T18:42:00.365+0000] {minio_client.py:217} INFO - Streaming upload to s3://retailio/landing/sales/sales_20260322T184136.csv.gz
[2026-03-22T18:42:21.448+0000] {minio_client.py:245} INFO - Streaming upload complete
[2026-03-22T18:42:21.450+0000] {dag_utils.py:82} INFO - ✅ Upload successful: sales | duration=21.08s
[2026-03-22T18:42:21.451+0000] {dag_utils.py:93} INFO - 🎉 Pipeline completed | total_duration=41.65s
[2026-03-22T18:42:21.609+0000] {python.py:240} INFO - Done. Returned value was: None
[2026-03-22T18:42:21.650+0000] {taskinstance.py:341} INFO - ::group::Post task execution logs
[2026-03-22T18:42:21.651+0000] {taskinstance.py:353} INFO - Marking task as SUCCESS. dag_id=retail_data_pipeline, task_id=generate_and_upload_data, run_id=manual__2026-03-22T18:41:36.487060+00:00, execution_date=20260322T184136, start_date=20260322T184139, end_date=20260322T184221
[2026-03-22T18:42:21.737+0000] {local_task_job_runner.py:266} INFO - Task exited with return code 0
[2026-03-22T18:42:21.829+0000] {taskinstance.py:3901} INFO - 1 downstream tasks scheduled from follow-on schedule check
[2026-03-22T18:42:21.833+0000] {local_task_job_runner.py:245} INFO - ::endgroup::
