[2026-03-21T21:12:19.889+0000] {local_task_job_runner.py:123} INFO - ::group::Pre task execution logs
[2026-03-21T21:12:19.912+0000] {taskinstance.py:2614} INFO - Dependencies all met for dep_context=non-requeueable deps ti=<TaskInstance: retail_data_pipeline.generate_and_upload_data manual__2026-03-21T21:12:13.907247+00:00 [queued]>
[2026-03-21T21:12:19.925+0000] {taskinstance.py:2614} INFO - Dependencies all met for dep_context=requeueable deps ti=<TaskInstance: retail_data_pipeline.generate_and_upload_data manual__2026-03-21T21:12:13.907247+00:00 [queued]>
[2026-03-21T21:12:19.927+0000] {taskinstance.py:2867} INFO - Starting attempt 1 of 1
[2026-03-21T21:12:19.950+0000] {taskinstance.py:2890} INFO - Executing <Task(PythonOperator): generate_and_upload_data> on 2026-03-21 21:12:13.907247+00:00
[2026-03-21T21:12:19.962+0000] {warnings.py:112} WARNING - /home/***/.local/lib/python3.12/site-packages/***/task/task_runner/standard_task_runner.py:70: DeprecationWarning: This process (pid=1488) is multi-threaded, use of fork() may lead to deadlocks in the child.
  pid = os.fork()

[2026-03-21T21:12:19.967+0000] {standard_task_runner.py:72} INFO - Started process 1490 to run task
[2026-03-21T21:12:19.966+0000] {standard_task_runner.py:104} INFO - Running: ['***', 'tasks', 'run', 'retail_data_pipeline', 'generate_and_upload_data', 'manual__2026-03-21T21:12:13.907247+00:00', '--job-id', '16', '--raw', '--subdir', 'DAGS_FOLDER/dag.py', '--cfg-path', '/tmp/tmpuanhvk00']
[2026-03-21T21:12:19.971+0000] {standard_task_runner.py:105} INFO - Job 16: Subtask generate_and_upload_data
[2026-03-21T21:12:20.118+0000] {task_command.py:467} INFO - Running <TaskInstance: retail_data_pipeline.generate_and_upload_data manual__2026-03-21T21:12:13.907247+00:00 [running]> on host 156a3bb7bbb6
[2026-03-21T21:12:20.387+0000] {taskinstance.py:3134} INFO - Exporting env vars: AIRFLOW_CTX_DAG_OWNER='***' AIRFLOW_CTX_DAG_ID='retail_data_pipeline' AIRFLOW_CTX_TASK_ID='generate_and_upload_data' AIRFLOW_CTX_EXECUTION_DATE='2026-03-21T21:12:13.907247+00:00' AIRFLOW_CTX_TRY_NUMBER='1' AIRFLOW_CTX_DAG_RUN_ID='manual__2026-03-21T21:12:13.907247+00:00'
[2026-03-21T21:12:20.390+0000] {taskinstance.py:732} INFO - ::endgroup::
[2026-03-21T21:12:20.473+0000] {base.py:84} INFO - Retrieving connection 'minio_conn'
[2026-03-21T21:12:28.708+0000] {dag_utils.py:30} INFO - ✅ Customers generated | rows=10000 | duration=7.61s
[2026-03-21T21:12:28.736+0000] {dag_utils.py:35} INFO - ✅ Products generated | rows=2000 | duration=7.64s
[2026-03-21T21:12:30.343+0000] {dag_utils.py:40} INFO - ✅ Sales generated | rows=149844 | duration=9.25s
[2026-03-21T21:12:30.345+0000] {minio_client.py:217} INFO - Streaming upload to s3://retailio/landing/customers/customers_20260321_211221.csv.gz
[2026-03-21T21:12:30.690+0000] {minio_client.py:245} INFO - Streaming upload complete
[2026-03-21T21:12:30.691+0000] {dag_utils.py:63} INFO - ✅ Upload successful: customers | duration=9.60s
[2026-03-21T21:12:30.692+0000] {minio_client.py:217} INFO - Streaming upload to s3://retailio/landing/products/products_20260321_211221.csv.gz
[2026-03-21T21:12:30.745+0000] {minio_client.py:245} INFO - Streaming upload complete
[2026-03-21T21:12:30.747+0000] {dag_utils.py:63} INFO - ✅ Upload successful: products | duration=9.65s
[2026-03-21T21:12:30.747+0000] {minio_client.py:217} INFO - Streaming upload to s3://retailio/landing/sales/sales_20260321_211221.csv.gz
[2026-03-21T21:12:33.466+0000] {minio_client.py:245} INFO - Streaming upload complete
[2026-03-21T21:12:33.467+0000] {dag_utils.py:63} INFO - ✅ Upload successful: sales | duration=12.37s
[2026-03-21T21:12:33.515+0000] {python.py:240} INFO - Done. Returned value was: None
[2026-03-21T21:12:33.545+0000] {taskinstance.py:341} INFO - ::group::Post task execution logs
[2026-03-21T21:12:33.546+0000] {taskinstance.py:353} INFO - Marking task as SUCCESS. dag_id=retail_data_pipeline, task_id=generate_and_upload_data, run_id=manual__2026-03-21T21:12:13.907247+00:00, execution_date=20260321T211213, start_date=20260321T211219, end_date=20260321T211233
[2026-03-21T21:12:33.642+0000] {local_task_job_runner.py:266} INFO - Task exited with return code 0
[2026-03-21T21:12:33.665+0000] {local_task_job_runner.py:245} INFO - ::endgroup::
