[2026-03-22T20:07:58.715+0000] {local_task_job_runner.py:123} INFO - ::group::Pre task execution logs
[2026-03-22T20:07:58.745+0000] {taskinstance.py:2614} INFO - Dependencies all met for dep_context=non-requeueable deps ti=<TaskInstance: retail_data_pipeline.generate_and_upload_data manual__2026-03-22T20:07:53.487070+00:00 [queued]>
[2026-03-22T20:07:58.756+0000] {taskinstance.py:2614} INFO - Dependencies all met for dep_context=requeueable deps ti=<TaskInstance: retail_data_pipeline.generate_and_upload_data manual__2026-03-22T20:07:53.487070+00:00 [queued]>
[2026-03-22T20:07:58.758+0000] {taskinstance.py:2867} INFO - Starting attempt 1 of 1
[2026-03-22T20:07:58.777+0000] {taskinstance.py:2890} INFO - Executing <Task(PythonOperator): generate_and_upload_data> on 2026-03-22 20:07:53.487070+00:00
[2026-03-22T20:07:58.797+0000] {warnings.py:112} WARNING - /home/***/.local/lib/python3.12/site-packages/***/task/task_runner/standard_task_runner.py:70: DeprecationWarning: This process (pid=392) is multi-threaded, use of fork() may lead to deadlocks in the child.
  pid = os.fork()

[2026-03-22T20:07:58.804+0000] {standard_task_runner.py:72} INFO - Started process 395 to run task
[2026-03-22T20:07:58.804+0000] {standard_task_runner.py:104} INFO - Running: ['***', 'tasks', 'run', 'retail_data_pipeline', 'generate_and_upload_data', 'manual__2026-03-22T20:07:53.487070+00:00', '--job-id', '46', '--raw', '--subdir', 'DAGS_FOLDER/dag.py', '--cfg-path', '/tmp/tmpc9mmf8c_']
[2026-03-22T20:07:58.815+0000] {standard_task_runner.py:105} INFO - Job 46: Subtask generate_and_upload_data
[2026-03-22T20:07:59.019+0000] {task_command.py:467} INFO - Running <TaskInstance: retail_data_pipeline.generate_and_upload_data manual__2026-03-22T20:07:53.487070+00:00 [running]> on host 1cd93f56fe38
[2026-03-22T20:07:59.391+0000] {taskinstance.py:3134} INFO - Exporting env vars: AIRFLOW_CTX_DAG_OWNER='***' AIRFLOW_CTX_DAG_ID='retail_data_pipeline' AIRFLOW_CTX_TASK_ID='generate_and_upload_data' AIRFLOW_CTX_EXECUTION_DATE='2026-03-22T20:07:53.487070+00:00' AIRFLOW_CTX_TRY_NUMBER='1' AIRFLOW_CTX_DAG_RUN_ID='manual__2026-03-22T20:07:53.487070+00:00'
[2026-03-22T20:07:59.396+0000] {taskinstance.py:732} INFO - ::endgroup::
[2026-03-22T20:07:59.499+0000] {base.py:84} INFO - Retrieving connection 'minio_conn'
[2026-03-22T20:08:12.399+0000] {dag_utils.py:42} INFO - ✅ Customers generated | rows=10000 | duration=12.25s
[2026-03-22T20:08:12.452+0000] {dag_utils.py:48} INFO - ✅ Products generated | rows=2000 | duration=0.05s
[2026-03-22T20:08:39.625+0000] {dag_utils.py:54} INFO - ✅ Sales generated | rows=1499120 | duration=27.17s
[2026-03-22T20:08:39.641+0000] {dag_utils.py:69} INFO - ⬆️ Uploading customers | rows=10000 | destination=s3://retailio/landing/customers/customers_20260322T200753.csv.gz
[2026-03-22T20:08:39.644+0000] {minio_client.py:224} INFO - Streaming upload to s3://retailio/landing/customers/customers_20260322T200753.csv.gz
[2026-03-22T20:08:40.146+0000] {minio_client.py:252} INFO - Streaming upload complete
[2026-03-22T20:08:40.147+0000] {dag_utils.py:82} INFO - ✅ Upload successful: customers | duration=0.50s
[2026-03-22T20:08:40.148+0000] {dag_utils.py:69} INFO - ⬆️ Uploading products | rows=2000 | destination=s3://retailio/landing/products/products_20260322T200753.csv.gz
[2026-03-22T20:08:40.149+0000] {minio_client.py:224} INFO - Streaming upload to s3://retailio/landing/products/products_20260322T200753.csv.gz
[2026-03-22T20:08:40.210+0000] {minio_client.py:252} INFO - Streaming upload complete
[2026-03-22T20:08:40.211+0000] {dag_utils.py:82} INFO - ✅ Upload successful: products | duration=0.06s
[2026-03-22T20:08:40.212+0000] {dag_utils.py:69} INFO - ⬆️ Uploading sales | rows=1499120 | destination=s3://retailio/landing/sales/sales_20260322T200753.csv.gz
[2026-03-22T20:08:40.213+0000] {minio_client.py:224} INFO - Streaming upload to s3://retailio/landing/sales/sales_20260322T200753.csv.gz
[2026-03-22T20:09:12.191+0000] {minio_client.py:252} INFO - Streaming upload complete
[2026-03-22T20:09:12.192+0000] {dag_utils.py:82} INFO - ✅ Upload successful: sales | duration=31.98s
[2026-03-22T20:09:12.193+0000] {dag_utils.py:93} INFO - 🎉 Pipeline completed | total_duration=72.05s
[2026-03-22T20:09:12.468+0000] {python.py:240} INFO - Done. Returned value was: None
[2026-03-22T20:09:12.577+0000] {taskinstance.py:341} INFO - ::group::Post task execution logs
[2026-03-22T20:09:12.581+0000] {taskinstance.py:353} INFO - Marking task as SUCCESS. dag_id=retail_data_pipeline, task_id=generate_and_upload_data, run_id=manual__2026-03-22T20:07:53.487070+00:00, execution_date=20260322T200753, start_date=20260322T200758, end_date=20260322T200912
[2026-03-22T20:09:12.949+0000] {local_task_job_runner.py:266} INFO - Task exited with return code 0
[2026-03-22T20:09:13.046+0000] {standard_task_runner.py:217} INFO - Process not found (most likely exited), stop collecting metrics
[2026-03-22T20:09:13.144+0000] {taskinstance.py:3901} INFO - 1 downstream tasks scheduled from follow-on schedule check
[2026-03-22T20:09:13.148+0000] {local_task_job_runner.py:245} INFO - ::endgroup::
