[2026-03-23T02:15:25.056+0000] {local_task_job_runner.py:123} INFO - ::group::Pre task execution logs
[2026-03-23T02:15:25.096+0000] {taskinstance.py:2614} INFO - Dependencies all met for dep_context=non-requeueable deps ti=<TaskInstance: retail_data_pipeline.generate_and_upload_data manual__2026-03-23T02:15:20.867419+00:00 [queued]>
[2026-03-23T02:15:25.109+0000] {taskinstance.py:2614} INFO - Dependencies all met for dep_context=requeueable deps ti=<TaskInstance: retail_data_pipeline.generate_and_upload_data manual__2026-03-23T02:15:20.867419+00:00 [queued]>
[2026-03-23T02:15:25.111+0000] {taskinstance.py:2867} INFO - Starting attempt 1 of 1
[2026-03-23T02:15:25.142+0000] {taskinstance.py:2890} INFO - Executing <Task(PythonOperator): generate_and_upload_data> on 2026-03-23 02:15:20.867419+00:00
[2026-03-23T02:15:25.159+0000] {warnings.py:112} WARNING - /home/***/.local/lib/python3.12/site-packages/***/task/task_runner/standard_task_runner.py:70: DeprecationWarning: This process (pid=2338) is multi-threaded, use of fork() may lead to deadlocks in the child.
  pid = os.fork()

[2026-03-23T02:15:25.165+0000] {standard_task_runner.py:72} INFO - Started process 2340 to run task
[2026-03-23T02:15:25.162+0000] {standard_task_runner.py:104} INFO - Running: ['***', 'tasks', 'run', 'retail_data_pipeline', 'generate_and_upload_data', 'manual__2026-03-23T02:15:20.867419+00:00', '--job-id', '71', '--raw', '--subdir', 'DAGS_FOLDER/dag.py', '--cfg-path', '/tmp/tmp61he_s7l']
[2026-03-23T02:15:25.171+0000] {standard_task_runner.py:105} INFO - Job 71: Subtask generate_and_upload_data
[2026-03-23T02:15:25.271+0000] {task_command.py:467} INFO - Running <TaskInstance: retail_data_pipeline.generate_and_upload_data manual__2026-03-23T02:15:20.867419+00:00 [running]> on host 750b4dfa1755
[2026-03-23T02:15:25.439+0000] {taskinstance.py:3134} INFO - Exporting env vars: AIRFLOW_CTX_DAG_OWNER='***' AIRFLOW_CTX_DAG_ID='retail_data_pipeline' AIRFLOW_CTX_TASK_ID='generate_and_upload_data' AIRFLOW_CTX_EXECUTION_DATE='2026-03-23T02:15:20.867419+00:00' AIRFLOW_CTX_TRY_NUMBER='1' AIRFLOW_CTX_DAG_RUN_ID='manual__2026-03-23T02:15:20.867419+00:00'
[2026-03-23T02:15:25.441+0000] {taskinstance.py:732} INFO - ::endgroup::
[2026-03-23T02:15:25.487+0000] {base.py:84} INFO - Retrieving connection 'minio_conn'
[2026-03-23T02:15:30.530+0000] {dag_utils.py:42} INFO - ✅ Customers generated | rows=10000 | duration=4.77s
[2026-03-23T02:15:30.551+0000] {dag_utils.py:48} INFO - ✅ Products generated | rows=2000 | duration=0.02s
[2026-03-23T02:15:45.247+0000] {dag_utils.py:54} INFO - ✅ Sales generated | rows=1499685 | duration=14.69s
[2026-03-23T02:15:45.249+0000] {dag_utils.py:69} INFO - ⬆️ Uploading customers | rows=10000 | destination=s3://retailio/landing/customers/customers_20260323T021520.csv.gz
[2026-03-23T02:15:45.250+0000] {minio_client.py:231} INFO - Streaming upload to s3://retailio/landing/customers/customers_20260323T021520.csv.gz
[2026-03-23T02:15:45.485+0000] {minio_client.py:259} INFO - Streaming upload complete
[2026-03-23T02:15:45.486+0000] {dag_utils.py:82} INFO - ✅ Upload successful: customers | duration=0.24s
[2026-03-23T02:15:45.487+0000] {dag_utils.py:69} INFO - ⬆️ Uploading products | rows=2000 | destination=s3://retailio/landing/products/products_20260323T021520.csv.gz
[2026-03-23T02:15:45.488+0000] {minio_client.py:231} INFO - Streaming upload to s3://retailio/landing/products/products_20260323T021520.csv.gz
[2026-03-23T02:15:45.527+0000] {minio_client.py:259} INFO - Streaming upload complete
[2026-03-23T02:15:45.527+0000] {dag_utils.py:82} INFO - ✅ Upload successful: products | duration=0.04s
[2026-03-23T02:15:45.528+0000] {dag_utils.py:69} INFO - ⬆️ Uploading sales | rows=1499685 | destination=s3://retailio/landing/sales/sales_20260323T021520.csv.gz
[2026-03-23T02:15:45.528+0000] {minio_client.py:231} INFO - Streaming upload to s3://retailio/landing/sales/sales_20260323T021520.csv.gz
[2026-03-23T02:16:06.897+0000] {minio_client.py:259} INFO - Streaming upload complete
[2026-03-23T02:16:06.898+0000] {dag_utils.py:82} INFO - ✅ Upload successful: sales | duration=21.37s
[2026-03-23T02:16:06.899+0000] {dag_utils.py:93} INFO - 🎉 Pipeline completed | total_duration=41.14s
[2026-03-23T02:16:07.149+0000] {python.py:240} INFO - Done. Returned value was: None
[2026-03-23T02:16:07.166+0000] {taskinstance.py:341} INFO - ::group::Post task execution logs
[2026-03-23T02:16:07.167+0000] {taskinstance.py:353} INFO - Marking task as SUCCESS. dag_id=retail_data_pipeline, task_id=generate_and_upload_data, run_id=manual__2026-03-23T02:15:20.867419+00:00, execution_date=20260323T021520, start_date=20260323T021525, end_date=20260323T021607
[2026-03-23T02:16:07.264+0000] {local_task_job_runner.py:266} INFO - Task exited with return code 0
[2026-03-23T02:16:07.278+0000] {standard_task_runner.py:217} INFO - Process not found (most likely exited), stop collecting metrics
[2026-03-23T02:16:07.314+0000] {taskinstance.py:3901} INFO - 1 downstream tasks scheduled from follow-on schedule check
[2026-03-23T02:16:07.319+0000] {local_task_job_runner.py:245} INFO - ::endgroup::
