[2026-03-22T19:26:22.151+0000] {local_task_job_runner.py:123} INFO - ::group::Pre task execution logs
[2026-03-22T19:26:22.171+0000] {taskinstance.py:2614} INFO - Dependencies all met for dep_context=non-requeueable deps ti=<TaskInstance: retail_data_pipeline.generate_and_upload_data manual__2026-03-22T19:26:19.013549+00:00 [queued]>
[2026-03-22T19:26:22.182+0000] {taskinstance.py:2614} INFO - Dependencies all met for dep_context=requeueable deps ti=<TaskInstance: retail_data_pipeline.generate_and_upload_data manual__2026-03-22T19:26:19.013549+00:00 [queued]>
[2026-03-22T19:26:22.183+0000] {taskinstance.py:2867} INFO - Starting attempt 1 of 1
[2026-03-22T19:26:22.198+0000] {taskinstance.py:2890} INFO - Executing <Task(PythonOperator): generate_and_upload_data> on 2026-03-22 19:26:19.013549+00:00
[2026-03-22T19:26:22.208+0000] {warnings.py:112} WARNING - /home/***/.local/lib/python3.12/site-packages/***/task/task_runner/standard_task_runner.py:70: DeprecationWarning: This process (pid=2359) is multi-threaded, use of fork() may lead to deadlocks in the child.
  pid = os.fork()

[2026-03-22T19:26:22.211+0000] {standard_task_runner.py:72} INFO - Started process 2368 to run task
[2026-03-22T19:26:22.212+0000] {standard_task_runner.py:104} INFO - Running: ['***', 'tasks', 'run', 'retail_data_pipeline', 'generate_and_upload_data', 'manual__2026-03-22T19:26:19.013549+00:00', '--job-id', '33', '--raw', '--subdir', 'DAGS_FOLDER/dag.py', '--cfg-path', '/tmp/tmp2n3w8jmw']
[2026-03-22T19:26:22.216+0000] {standard_task_runner.py:105} INFO - Job 33: Subtask generate_and_upload_data
[2026-03-22T19:26:22.297+0000] {task_command.py:467} INFO - Running <TaskInstance: retail_data_pipeline.generate_and_upload_data manual__2026-03-22T19:26:19.013549+00:00 [running]> on host daab347df078
[2026-03-22T19:26:22.427+0000] {taskinstance.py:3134} INFO - Exporting env vars: AIRFLOW_CTX_DAG_OWNER='***' AIRFLOW_CTX_DAG_ID='retail_data_pipeline' AIRFLOW_CTX_TASK_ID='generate_and_upload_data' AIRFLOW_CTX_EXECUTION_DATE='2026-03-22T19:26:19.013549+00:00' AIRFLOW_CTX_TRY_NUMBER='1' AIRFLOW_CTX_DAG_RUN_ID='manual__2026-03-22T19:26:19.013549+00:00'
[2026-03-22T19:26:22.429+0000] {taskinstance.py:732} INFO - ::endgroup::
[2026-03-22T19:26:22.457+0000] {base.py:84} INFO - Retrieving connection 'minio_conn'
[2026-03-22T19:26:27.719+0000] {dag_utils.py:42} INFO - ✅ Customers generated | rows=10000 | duration=5.02s
[2026-03-22T19:26:27.767+0000] {dag_utils.py:48} INFO - ✅ Products generated | rows=2000 | duration=0.04s
[2026-03-22T19:26:42.901+0000] {dag_utils.py:54} INFO - ✅ Sales generated | rows=1500145 | duration=15.13s
[2026-03-22T19:26:42.903+0000] {dag_utils.py:69} INFO - ⬆️ Uploading customers | rows=10000 | destination=s3://retailio/landing/customers/customers_20260322T192619.csv.gz
[2026-03-22T19:26:42.904+0000] {minio_client.py:217} INFO - Streaming upload to s3://retailio/landing/customers/customers_20260322T192619.csv.gz
[2026-03-22T19:26:43.103+0000] {minio_client.py:245} INFO - Streaming upload complete
[2026-03-22T19:26:43.105+0000] {dag_utils.py:82} INFO - ✅ Upload successful: customers | duration=0.20s
[2026-03-22T19:26:43.107+0000] {dag_utils.py:69} INFO - ⬆️ Uploading products | rows=2000 | destination=s3://retailio/landing/products/products_20260322T192619.csv.gz
[2026-03-22T19:26:43.108+0000] {minio_client.py:217} INFO - Streaming upload to s3://retailio/landing/products/products_20260322T192619.csv.gz
[2026-03-22T19:26:43.158+0000] {minio_client.py:245} INFO - Streaming upload complete
[2026-03-22T19:26:43.160+0000] {dag_utils.py:82} INFO - ✅ Upload successful: products | duration=0.05s
[2026-03-22T19:26:43.161+0000] {dag_utils.py:69} INFO - ⬆️ Uploading sales | rows=1500145 | destination=s3://retailio/landing/sales/sales_20260322T192619.csv.gz
[2026-03-22T19:26:43.162+0000] {minio_client.py:217} INFO - Streaming upload to s3://retailio/landing/sales/sales_20260322T192619.csv.gz
[2026-03-22T19:27:00.992+0000] {minio_client.py:245} INFO - Streaming upload complete
[2026-03-22T19:27:00.993+0000] {dag_utils.py:82} INFO - ✅ Upload successful: sales | duration=17.83s
[2026-03-22T19:27:00.994+0000] {dag_utils.py:93} INFO - 🎉 Pipeline completed | total_duration=38.30s
[2026-03-22T19:27:01.249+0000] {python.py:240} INFO - Done. Returned value was: None
[2026-03-22T19:27:01.280+0000] {taskinstance.py:341} INFO - ::group::Post task execution logs
[2026-03-22T19:27:01.282+0000] {taskinstance.py:353} INFO - Marking task as SUCCESS. dag_id=retail_data_pipeline, task_id=generate_and_upload_data, run_id=manual__2026-03-22T19:26:19.013549+00:00, execution_date=20260322T192619, start_date=20260322T192622, end_date=20260322T192701
[2026-03-22T19:27:01.365+0000] {local_task_job_runner.py:266} INFO - Task exited with return code 0
[2026-03-22T19:27:01.421+0000] {taskinstance.py:3901} INFO - 1 downstream tasks scheduled from follow-on schedule check
[2026-03-22T19:27:01.425+0000] {local_task_job_runner.py:245} INFO - ::endgroup::
