[2026-03-22T18:39:12.751+0000] {local_task_job_runner.py:123} INFO - ::group::Pre task execution logs
[2026-03-22T18:39:12.773+0000] {taskinstance.py:2614} INFO - Dependencies all met for dep_context=non-requeueable deps ti=<TaskInstance: retail_data_pipeline.generate_and_upload_data manual__2026-03-22T18:39:09.977522+00:00 [queued]>
[2026-03-22T18:39:12.789+0000] {taskinstance.py:2614} INFO - Dependencies all met for dep_context=requeueable deps ti=<TaskInstance: retail_data_pipeline.generate_and_upload_data manual__2026-03-22T18:39:09.977522+00:00 [queued]>
[2026-03-22T18:39:12.791+0000] {taskinstance.py:2867} INFO - Starting attempt 1 of 1
[2026-03-22T18:39:12.810+0000] {taskinstance.py:2890} INFO - Executing <Task(PythonOperator): generate_and_upload_data> on 2026-03-22 18:39:09.977522+00:00
[2026-03-22T18:39:12.821+0000] {warnings.py:112} WARNING - /home/***/.local/lib/python3.12/site-packages/***/task/task_runner/standard_task_runner.py:70: DeprecationWarning: This process (pid=1715) is multi-threaded, use of fork() may lead to deadlocks in the child.
  pid = os.fork()

[2026-03-22T18:39:12.824+0000] {standard_task_runner.py:72} INFO - Started process 1717 to run task
[2026-03-22T18:39:12.826+0000] {standard_task_runner.py:104} INFO - Running: ['***', 'tasks', 'run', 'retail_data_pipeline', 'generate_and_upload_data', 'manual__2026-03-22T18:39:09.977522+00:00', '--job-id', '23', '--raw', '--subdir', 'DAGS_FOLDER/dag.py', '--cfg-path', '/tmp/tmpeekk4j1y']
[2026-03-22T18:39:12.832+0000] {standard_task_runner.py:105} INFO - Job 23: Subtask generate_and_upload_data
[2026-03-22T18:39:12.915+0000] {task_command.py:467} INFO - Running <TaskInstance: retail_data_pipeline.generate_and_upload_data manual__2026-03-22T18:39:09.977522+00:00 [running]> on host daab347df078
[2026-03-22T18:39:13.036+0000] {taskinstance.py:3134} INFO - Exporting env vars: AIRFLOW_CTX_DAG_OWNER='***' AIRFLOW_CTX_DAG_ID='retail_data_pipeline' AIRFLOW_CTX_TASK_ID='generate_and_upload_data' AIRFLOW_CTX_EXECUTION_DATE='2026-03-22T18:39:09.977522+00:00' AIRFLOW_CTX_TRY_NUMBER='1' AIRFLOW_CTX_DAG_RUN_ID='manual__2026-03-22T18:39:09.977522+00:00'
[2026-03-22T18:39:13.039+0000] {taskinstance.py:732} INFO - ::endgroup::
[2026-03-22T18:39:13.074+0000] {base.py:84} INFO - Retrieving connection 'minio_conn'
[2026-03-22T18:39:17.943+0000] {dag_utils.py:42} INFO - ✅ Customers generated | rows=10000 | duration=4.66s
[2026-03-22T18:39:17.967+0000] {dag_utils.py:48} INFO - ✅ Products generated | rows=2000 | duration=0.02s
[2026-03-22T18:39:29.654+0000] {dag_utils.py:54} INFO - ✅ Sales generated | rows=1500942 | duration=11.69s
[2026-03-22T18:39:29.655+0000] {dag_utils.py:69} INFO - ⬆️ Uploading customers | rows=10000 | destination=s3://retailio/landing/customers/customers_20260322T183909.csv.gz
[2026-03-22T18:39:29.656+0000] {minio_client.py:217} INFO - Streaming upload to s3://retailio/landing/customers/customers_20260322T183909.csv.gz
[2026-03-22T18:39:29.885+0000] {minio_client.py:245} INFO - Streaming upload complete
[2026-03-22T18:39:29.886+0000] {dag_utils.py:82} INFO - ✅ Upload successful: customers | duration=0.23s
[2026-03-22T18:39:29.886+0000] {dag_utils.py:69} INFO - ⬆️ Uploading products | rows=2000 | destination=s3://retailio/landing/products/products_20260322T183909.csv.gz
[2026-03-22T18:39:29.888+0000] {minio_client.py:217} INFO - Streaming upload to s3://retailio/landing/products/products_20260322T183909.csv.gz
[2026-03-22T18:39:29.921+0000] {minio_client.py:245} INFO - Streaming upload complete
[2026-03-22T18:39:29.922+0000] {dag_utils.py:82} INFO - ✅ Upload successful: products | duration=0.03s
[2026-03-22T18:39:29.922+0000] {dag_utils.py:69} INFO - ⬆️ Uploading sales | rows=1500942 | destination=s3://retailio/landing/sales/sales_20260322T183909.csv.gz
[2026-03-22T18:39:29.923+0000] {minio_client.py:217} INFO - Streaming upload to s3://retailio/landing/sales/sales_20260322T183909.csv.gz
[2026-03-22T18:39:47.592+0000] {minio_client.py:245} INFO - Streaming upload complete
[2026-03-22T18:39:47.593+0000] {dag_utils.py:82} INFO - ✅ Upload successful: sales | duration=17.67s
[2026-03-22T18:39:47.594+0000] {dag_utils.py:93} INFO - 🎉 Pipeline completed | total_duration=34.31s
[2026-03-22T18:39:47.757+0000] {python.py:240} INFO - Done. Returned value was: None
[2026-03-22T18:39:47.770+0000] {taskinstance.py:341} INFO - ::group::Post task execution logs
[2026-03-22T18:39:47.771+0000] {taskinstance.py:353} INFO - Marking task as SUCCESS. dag_id=retail_data_pipeline, task_id=generate_and_upload_data, run_id=manual__2026-03-22T18:39:09.977522+00:00, execution_date=20260322T183909, start_date=20260322T183912, end_date=20260322T183947
[2026-03-22T18:39:47.851+0000] {local_task_job_runner.py:266} INFO - Task exited with return code 0
[2026-03-22T18:39:47.897+0000] {taskinstance.py:3901} INFO - 1 downstream tasks scheduled from follow-on schedule check
[2026-03-22T18:39:47.901+0000] {local_task_job_runner.py:245} INFO - ::endgroup::
