[2026-03-23T01:12:28.983+0000] {local_task_job_runner.py:123} INFO - ::group::Pre task execution logs
[2026-03-23T01:12:29.006+0000] {taskinstance.py:2614} INFO - Dependencies all met for dep_context=non-requeueable deps ti=<TaskInstance: retail_data_pipeline.generate_and_upload_data manual__2026-03-23T01:12:17.227808+00:00 [queued]>
[2026-03-23T01:12:29.016+0000] {taskinstance.py:2614} INFO - Dependencies all met for dep_context=requeueable deps ti=<TaskInstance: retail_data_pipeline.generate_and_upload_data manual__2026-03-23T01:12:17.227808+00:00 [queued]>
[2026-03-23T01:12:29.017+0000] {taskinstance.py:2867} INFO - Starting attempt 1 of 1
[2026-03-23T01:12:29.036+0000] {taskinstance.py:2890} INFO - Executing <Task(PythonOperator): generate_and_upload_data> on 2026-03-23 01:12:17.227808+00:00
[2026-03-23T01:12:29.052+0000] {warnings.py:112} WARNING - /home/***/.local/lib/python3.12/site-packages/***/task/task_runner/standard_task_runner.py:70: DeprecationWarning: This process (pid=1536) is multi-threaded, use of fork() may lead to deadlocks in the child.
  pid = os.fork()

[2026-03-23T01:12:29.056+0000] {standard_task_runner.py:72} INFO - Started process 1538 to run task
[2026-03-23T01:12:29.057+0000] {standard_task_runner.py:104} INFO - Running: ['***', 'tasks', 'run', 'retail_data_pipeline', 'generate_and_upload_data', 'manual__2026-03-23T01:12:17.227808+00:00', '--job-id', '63', '--raw', '--subdir', 'DAGS_FOLDER/dag.py', '--cfg-path', '/tmp/tmp5nllc1l5']
[2026-03-23T01:12:29.062+0000] {standard_task_runner.py:105} INFO - Job 63: Subtask generate_and_upload_data
[2026-03-23T01:12:29.232+0000] {task_command.py:467} INFO - Running <TaskInstance: retail_data_pipeline.generate_and_upload_data manual__2026-03-23T01:12:17.227808+00:00 [running]> on host 750b4dfa1755
[2026-03-23T01:12:29.378+0000] {taskinstance.py:3134} INFO - Exporting env vars: AIRFLOW_CTX_DAG_OWNER='***' AIRFLOW_CTX_DAG_ID='retail_data_pipeline' AIRFLOW_CTX_TASK_ID='generate_and_upload_data' AIRFLOW_CTX_EXECUTION_DATE='2026-03-23T01:12:17.227808+00:00' AIRFLOW_CTX_TRY_NUMBER='1' AIRFLOW_CTX_DAG_RUN_ID='manual__2026-03-23T01:12:17.227808+00:00'
[2026-03-23T01:12:29.380+0000] {taskinstance.py:732} INFO - ::endgroup::
[2026-03-23T01:12:29.454+0000] {base.py:84} INFO - Retrieving connection 'minio_conn'
[2026-03-23T01:12:33.751+0000] {dag_utils.py:42} INFO - ✅ Customers generated | rows=10000 | duration=3.80s
[2026-03-23T01:12:33.772+0000] {dag_utils.py:48} INFO - ✅ Products generated | rows=2000 | duration=0.02s
[2026-03-23T01:12:48.186+0000] {dag_utils.py:54} INFO - ✅ Sales generated | rows=1499265 | duration=14.41s
[2026-03-23T01:12:48.187+0000] {dag_utils.py:69} INFO - ⬆️ Uploading customers | rows=10000 | destination=s3://retailio/landing/customers/customers_20260323T011217.csv.gz
[2026-03-23T01:12:48.187+0000] {minio_client.py:231} INFO - Streaming upload to s3://retailio/landing/customers/customers_20260323T011217.csv.gz
[2026-03-23T01:12:48.495+0000] {minio_client.py:259} INFO - Streaming upload complete
[2026-03-23T01:12:48.495+0000] {dag_utils.py:82} INFO - ✅ Upload successful: customers | duration=0.31s
[2026-03-23T01:12:48.496+0000] {dag_utils.py:69} INFO - ⬆️ Uploading products | rows=2000 | destination=s3://retailio/landing/products/products_20260323T011217.csv.gz
[2026-03-23T01:12:48.496+0000] {minio_client.py:231} INFO - Streaming upload to s3://retailio/landing/products/products_20260323T011217.csv.gz
[2026-03-23T01:12:48.534+0000] {minio_client.py:259} INFO - Streaming upload complete
[2026-03-23T01:12:48.535+0000] {dag_utils.py:82} INFO - ✅ Upload successful: products | duration=0.04s
[2026-03-23T01:12:48.536+0000] {dag_utils.py:69} INFO - ⬆️ Uploading sales | rows=1499265 | destination=s3://retailio/landing/sales/sales_20260323T011217.csv.gz
[2026-03-23T01:12:48.536+0000] {minio_client.py:231} INFO - Streaming upload to s3://retailio/landing/sales/sales_20260323T011217.csv.gz
[2026-03-23T01:13:05.823+0000] {minio_client.py:259} INFO - Streaming upload complete
[2026-03-23T01:13:05.825+0000] {dag_utils.py:82} INFO - ✅ Upload successful: sales | duration=17.29s
[2026-03-23T01:13:05.826+0000] {dag_utils.py:93} INFO - 🎉 Pipeline completed | total_duration=35.88s
[2026-03-23T01:13:06.844+0000] {python.py:240} INFO - Done. Returned value was: None
[2026-03-23T01:13:06.874+0000] {taskinstance.py:341} INFO - ::group::Post task execution logs
[2026-03-23T01:13:06.875+0000] {taskinstance.py:353} INFO - Marking task as SUCCESS. dag_id=retail_data_pipeline, task_id=generate_and_upload_data, run_id=manual__2026-03-23T01:12:17.227808+00:00, execution_date=20260323T011217, start_date=20260323T011229, end_date=20260323T011306
[2026-03-23T01:13:08.020+0000] {local_task_job_runner.py:266} INFO - Task exited with return code 0
[2026-03-23T01:13:08.097+0000] {taskinstance.py:3901} INFO - 1 downstream tasks scheduled from follow-on schedule check
[2026-03-23T01:13:08.101+0000] {local_task_job_runner.py:245} INFO - ::endgroup::
