[2026-03-22T19:48:22.893+0000] {local_task_job_runner.py:123} INFO - ::group::Pre task execution logs
[2026-03-22T19:48:22.926+0000] {taskinstance.py:2614} INFO - Dependencies all met for dep_context=non-requeueable deps ti=<TaskInstance: retail_data_pipeline.load_all_from_minio manual__2026-03-22T19:47:19.116363+00:00 [queued]>
[2026-03-22T19:48:22.941+0000] {taskinstance.py:2614} INFO - Dependencies all met for dep_context=requeueable deps ti=<TaskInstance: retail_data_pipeline.load_all_from_minio manual__2026-03-22T19:47:19.116363+00:00 [queued]>
[2026-03-22T19:48:22.943+0000] {taskinstance.py:2867} INFO - Starting attempt 1 of 1
[2026-03-22T19:48:22.966+0000] {taskinstance.py:2890} INFO - Executing <Task(PythonOperator): load_all_from_minio> on 2026-03-22 19:47:19.116363+00:00
[2026-03-22T19:48:22.977+0000] {warnings.py:112} WARNING - /home/***/.local/lib/python3.12/site-packages/***/task/task_runner/standard_task_runner.py:70: DeprecationWarning: This process (pid=126) is multi-threaded, use of fork() may lead to deadlocks in the child.
  pid = os.fork()

[2026-03-22T19:48:22.981+0000] {standard_task_runner.py:72} INFO - Started process 128 to run task
[2026-03-22T19:48:22.986+0000] {standard_task_runner.py:104} INFO - Running: ['***', 'tasks', 'run', 'retail_data_pipeline', 'load_all_from_minio', 'manual__2026-03-22T19:47:19.116363+00:00', '--job-id', '41', '--raw', '--subdir', 'DAGS_FOLDER/dag.py', '--cfg-path', '/tmp/tmp56vr9ph0']
[2026-03-22T19:48:22.993+0000] {standard_task_runner.py:105} INFO - Job 41: Subtask load_all_from_minio
[2026-03-22T19:48:23.137+0000] {task_command.py:467} INFO - Running <TaskInstance: retail_data_pipeline.load_all_from_minio manual__2026-03-22T19:47:19.116363+00:00 [running]> on host 1cd93f56fe38
[2026-03-22T19:48:23.300+0000] {taskinstance.py:3134} INFO - Exporting env vars: AIRFLOW_CTX_DAG_OWNER='***' AIRFLOW_CTX_DAG_ID='retail_data_pipeline' AIRFLOW_CTX_TASK_ID='load_all_from_minio' AIRFLOW_CTX_EXECUTION_DATE='2026-03-22T19:47:19.116363+00:00' AIRFLOW_CTX_TRY_NUMBER='1' AIRFLOW_CTX_DAG_RUN_ID='manual__2026-03-22T19:47:19.116363+00:00'
[2026-03-22T19:48:23.304+0000] {taskinstance.py:732} INFO - ::endgroup::
[2026-03-22T19:48:23.358+0000] {base.py:84} INFO - Retrieving connection 'minio_conn'
[2026-03-22T19:48:23.744+0000] {base.py:84} INFO - Retrieving connection 'postgres_conn'
[2026-03-22T19:48:23.983+0000] {postgres_client.py:82} INFO - Executed SQL file: /opt/***/sql/tracker_ddl.sql
[2026-03-22T19:48:23.986+0000] {dag_utils.py:139} INFO - No new files to process
[2026-03-22T19:48:23.989+0000] {python.py:240} INFO - Done. Returned value was: None
[2026-03-22T19:48:24.014+0000] {taskinstance.py:341} INFO - ::group::Post task execution logs
[2026-03-22T19:48:24.015+0000] {taskinstance.py:353} INFO - Marking task as SUCCESS. dag_id=retail_data_pipeline, task_id=load_all_from_minio, run_id=manual__2026-03-22T19:47:19.116363+00:00, execution_date=20260322T194719, start_date=20260322T194822, end_date=20260322T194824
[2026-03-22T19:48:24.128+0000] {local_task_job_runner.py:266} INFO - Task exited with return code 0
[2026-03-22T19:48:24.168+0000] {taskinstance.py:3901} INFO - 0 downstream tasks scheduled from follow-on schedule check
[2026-03-22T19:48:24.173+0000] {local_task_job_runner.py:245} INFO - ::endgroup::
