[2026-03-23T02:16:10.337+0000] {local_task_job_runner.py:123} INFO - ::group::Pre task execution logs
[2026-03-23T02:16:10.368+0000] {taskinstance.py:2614} INFO - Dependencies all met for dep_context=non-requeueable deps ti=<TaskInstance: retail_data_pipeline.load_all_from_minio manual__2026-03-23T02:15:20.867419+00:00 [queued]>
[2026-03-23T02:16:10.385+0000] {taskinstance.py:2614} INFO - Dependencies all met for dep_context=requeueable deps ti=<TaskInstance: retail_data_pipeline.load_all_from_minio manual__2026-03-23T02:15:20.867419+00:00 [queued]>
[2026-03-23T02:16:10.386+0000] {taskinstance.py:2867} INFO - Starting attempt 1 of 1
[2026-03-23T02:16:10.412+0000] {taskinstance.py:2890} INFO - Executing <Task(PythonOperator): load_all_from_minio> on 2026-03-23 02:15:20.867419+00:00
[2026-03-23T02:16:10.429+0000] {warnings.py:112} WARNING - /home/***/.local/lib/python3.12/site-packages/***/task/task_runner/standard_task_runner.py:70: DeprecationWarning: This process (pid=2357) is multi-threaded, use of fork() may lead to deadlocks in the child.
  pid = os.fork()

[2026-03-23T02:16:10.434+0000] {standard_task_runner.py:72} INFO - Started process 2359 to run task
[2026-03-23T02:16:10.435+0000] {standard_task_runner.py:104} INFO - Running: ['***', 'tasks', 'run', 'retail_data_pipeline', 'load_all_from_minio', 'manual__2026-03-23T02:15:20.867419+00:00', '--job-id', '72', '--raw', '--subdir', 'DAGS_FOLDER/dag.py', '--cfg-path', '/tmp/tmp9kn87t6i']
[2026-03-23T02:16:10.440+0000] {standard_task_runner.py:105} INFO - Job 72: Subtask load_all_from_minio
[2026-03-23T02:16:10.565+0000] {task_command.py:467} INFO - Running <TaskInstance: retail_data_pipeline.load_all_from_minio manual__2026-03-23T02:15:20.867419+00:00 [running]> on host 750b4dfa1755
[2026-03-23T02:16:10.709+0000] {taskinstance.py:3134} INFO - Exporting env vars: AIRFLOW_CTX_DAG_OWNER='***' AIRFLOW_CTX_DAG_ID='retail_data_pipeline' AIRFLOW_CTX_TASK_ID='load_all_from_minio' AIRFLOW_CTX_EXECUTION_DATE='2026-03-23T02:15:20.867419+00:00' AIRFLOW_CTX_TRY_NUMBER='1' AIRFLOW_CTX_DAG_RUN_ID='manual__2026-03-23T02:15:20.867419+00:00'
[2026-03-23T02:16:10.713+0000] {taskinstance.py:732} INFO - ::endgroup::
[2026-03-23T02:16:10.768+0000] {base.py:84} INFO - Retrieving connection 'minio_conn'
[2026-03-23T02:16:10.978+0000] {base.py:84} INFO - Retrieving connection 'postgres_conn'
[2026-03-23T02:16:11.043+0000] {dag_utils.py:123} INFO - Files from MinIO: ['landing/customers/customers_20260319_194531.csv.gz', 'landing/customers/customers_20260319_194532.csv.gz', 'landing/customers/customers_20260321T212748.csv.gz', 'landing/customers/customers_20260321_211221.csv.gz', 'landing/customers/customers_20260322T183535.csv.gz', 'landing/customers/customers_20260322T183909.csv.gz', 'landing/customers/customers_20260322T184136.csv.gz', 'landing/customers/customers_20260322T185027.csv.gz', 'landing/customers/customers_20260322T185412.csv.gz', 'landing/customers/customers_20260322T192419.csv.gz', 'landing/customers/customers_20260322T192619.csv.gz', 'landing/customers/customers_20260322T193328.csv.gz', 'landing/customers/customers_20260322T193503.csv.gz', 'landing/customers/customers_20260322T194719.csv.gz', 'landing/customers/customers_20260322T195706.csv.gz', 'landing/customers/customers_20260322T200122.csv.gz', 'landing/customers/customers_20260322T200753.csv.gz', 'landing/customers/customers_20260322T201226.csv.gz', 'landing/customers/customers_20260322T201524.csv.gz', 'landing/customers/customers_20260322T233155.csv.gz', 'landing/customers/customers_20260322T233647.csv.gz', 'landing/customers/customers_20260322T233839.csv.gz', 'landing/customers/customers_20260322T235721.csv.gz', 'landing/customers/customers_20260323T005246.csv.gz', 'landing/customers/customers_20260323T011217.csv.gz', 'landing/customers/customers_20260323T012106.csv.gz', 'landing/customers/customers_20260323T013407.csv.gz', 'landing/customers/customers_20260323T020828.csv.gz', 'landing/customers/customers_20260323T021520.csv.gz', 'landing/products/products_20260319_194532.csv.gz', 'landing/products/products_20260321T212748.csv.gz', 'landing/products/products_20260321_211221.csv.gz', 'landing/products/products_20260322T183535.csv.gz', 'landing/products/products_20260322T183909.csv.gz', 'landing/products/products_20260322T184136.csv.gz', 'landing/products/products_20260322T185027.csv.gz', 'landing/products/products_20260322T185412.csv.gz', 'landing/products/products_20260322T192419.csv.gz', 'landing/products/products_20260322T192619.csv.gz', 'landing/products/products_20260322T193328.csv.gz', 'landing/products/products_20260322T193503.csv.gz', 'landing/products/products_20260322T194719.csv.gz', 'landing/products/products_20260322T195706.csv.gz', 'landing/products/products_20260322T200122.csv.gz', 'landing/products/products_20260322T200753.csv.gz', 'landing/products/products_20260322T201226.csv.gz', 'landing/products/products_20260322T201524.csv.gz', 'landing/products/products_20260322T233155.csv.gz', 'landing/products/products_20260322T233647.csv.gz', 'landing/products/products_20260322T233839.csv.gz', 'landing/products/products_20260322T235721.csv.gz', 'landing/products/products_20260323T005246.csv.gz', 'landing/products/products_20260323T011217.csv.gz', 'landing/products/products_20260323T012106.csv.gz', 'landing/products/products_20260323T013407.csv.gz', 'landing/products/products_20260323T020828.csv.gz', 'landing/products/products_20260323T021520.csv.gz', 'landing/sales/sales_20260319_194532.csv.gz', 'landing/sales/sales_20260321T212748.csv.gz', 'landing/sales/sales_20260321_211221.csv.gz', 'landing/sales/sales_20260322T183535.csv.gz', 'landing/sales/sales_20260322T183909.csv.gz', 'landing/sales/sales_20260322T184136.csv.gz', 'landing/sales/sales_20260322T185027.csv.gz', 'landing/sales/sales_20260322T185412.csv.gz', 'landing/sales/sales_20260322T192419.csv.gz', 'landing/sales/sales_20260322T192619.csv.gz', 'landing/sales/sales_20260322T193328.csv.gz', 'landing/sales/sales_20260322T193503.csv.gz', 'landing/sales/sales_20260322T194719.csv.gz', 'landing/sales/sales_20260322T195706.csv.gz', 'landing/sales/sales_20260322T200122.csv.gz', 'landing/sales/sales_20260322T200753.csv.gz', 'landing/sales/sales_20260322T201226.csv.gz', 'landing/sales/sales_20260322T201524.csv.gz', 'landing/sales/sales_20260322T233155.csv.gz', 'landing/sales/sales_20260322T233647.csv.gz', 'landing/sales/sales_20260322T233839.csv.gz', 'landing/sales/sales_20260322T235721.csv.gz', 'landing/sales/sales_20260323T005246.csv.gz', 'landing/sales/sales_20260323T011217.csv.gz', 'landing/sales/sales_20260323T012106.csv.gz', 'landing/sales/sales_20260323T013407.csv.gz', 'landing/sales/sales_20260323T020828.csv.gz', 'landing/sales/sales_20260323T021520.csv.gz']
[2026-03-23T02:16:11.054+0000] {postgres_client.py:82} INFO - Executed SQL file: /opt/***/sql/tracker_ddl.sql
[2026-03-23T02:16:11.062+0000] {postgres_client.py:223} INFO - Checking file landing/customers/customers_20260319_194531.csv.gz, result=(1,)
[2026-03-23T02:16:11.064+0000] {postgres_client.py:223} INFO - Checking file landing/customers/customers_20260319_194532.csv.gz, result=(1,)
[2026-03-23T02:16:11.065+0000] {postgres_client.py:223} INFO - Checking file landing/customers/customers_20260321T212748.csv.gz, result=(1,)
[2026-03-23T02:16:11.067+0000] {postgres_client.py:223} INFO - Checking file landing/customers/customers_20260321_211221.csv.gz, result=(1,)
[2026-03-23T02:16:11.068+0000] {postgres_client.py:223} INFO - Checking file landing/customers/customers_20260322T183535.csv.gz, result=(1,)
[2026-03-23T02:16:11.070+0000] {postgres_client.py:223} INFO - Checking file landing/customers/customers_20260322T183909.csv.gz, result=(1,)
[2026-03-23T02:16:11.071+0000] {postgres_client.py:223} INFO - Checking file landing/customers/customers_20260322T184136.csv.gz, result=(1,)
[2026-03-23T02:16:11.073+0000] {postgres_client.py:223} INFO - Checking file landing/customers/customers_20260322T185027.csv.gz, result=(1,)
[2026-03-23T02:16:11.074+0000] {postgres_client.py:223} INFO - Checking file landing/customers/customers_20260322T185412.csv.gz, result=(1,)
[2026-03-23T02:16:11.075+0000] {postgres_client.py:223} INFO - Checking file landing/customers/customers_20260322T192419.csv.gz, result=(1,)
[2026-03-23T02:16:11.077+0000] {postgres_client.py:223} INFO - Checking file landing/customers/customers_20260322T192619.csv.gz, result=(1,)
[2026-03-23T02:16:11.078+0000] {postgres_client.py:223} INFO - Checking file landing/customers/customers_20260322T193328.csv.gz, result=(1,)
[2026-03-23T02:16:11.079+0000] {postgres_client.py:223} INFO - Checking file landing/customers/customers_20260322T193503.csv.gz, result=(1,)
[2026-03-23T02:16:11.081+0000] {postgres_client.py:223} INFO - Checking file landing/customers/customers_20260322T194719.csv.gz, result=(1,)
[2026-03-23T02:16:11.082+0000] {postgres_client.py:223} INFO - Checking file landing/customers/customers_20260322T195706.csv.gz, result=(1,)
[2026-03-23T02:16:11.083+0000] {postgres_client.py:223} INFO - Checking file landing/customers/customers_20260322T200122.csv.gz, result=(1,)
[2026-03-23T02:16:11.084+0000] {postgres_client.py:223} INFO - Checking file landing/customers/customers_20260322T200753.csv.gz, result=(1,)
[2026-03-23T02:16:11.086+0000] {postgres_client.py:223} INFO - Checking file landing/customers/customers_20260322T201226.csv.gz, result=(1,)
[2026-03-23T02:16:11.087+0000] {postgres_client.py:223} INFO - Checking file landing/customers/customers_20260322T201524.csv.gz, result=(1,)
[2026-03-23T02:16:11.088+0000] {postgres_client.py:223} INFO - Checking file landing/customers/customers_20260322T233155.csv.gz, result=(1,)
[2026-03-23T02:16:11.089+0000] {postgres_client.py:223} INFO - Checking file landing/customers/customers_20260322T233647.csv.gz, result=(1,)
[2026-03-23T02:16:11.090+0000] {postgres_client.py:223} INFO - Checking file landing/customers/customers_20260322T233839.csv.gz, result=(1,)
[2026-03-23T02:16:11.091+0000] {postgres_client.py:223} INFO - Checking file landing/customers/customers_20260322T235721.csv.gz, result=(1,)
[2026-03-23T02:16:11.093+0000] {postgres_client.py:223} INFO - Checking file landing/customers/customers_20260323T005246.csv.gz, result=(1,)
[2026-03-23T02:16:11.094+0000] {postgres_client.py:223} INFO - Checking file landing/customers/customers_20260323T011217.csv.gz, result=(1,)
[2026-03-23T02:16:11.095+0000] {postgres_client.py:223} INFO - Checking file landing/customers/customers_20260323T012106.csv.gz, result=(1,)
[2026-03-23T02:16:11.097+0000] {postgres_client.py:223} INFO - Checking file landing/customers/customers_20260323T013407.csv.gz, result=(1,)
[2026-03-23T02:16:11.098+0000] {postgres_client.py:223} INFO - Checking file landing/customers/customers_20260323T020828.csv.gz, result=(1,)
[2026-03-23T02:16:11.100+0000] {postgres_client.py:223} INFO - Checking file landing/customers/customers_20260323T021520.csv.gz, result=None
[2026-03-23T02:16:11.101+0000] {postgres_client.py:223} INFO - Checking file landing/products/products_20260319_194532.csv.gz, result=(1,)
[2026-03-23T02:16:11.103+0000] {postgres_client.py:223} INFO - Checking file landing/products/products_20260321T212748.csv.gz, result=(1,)
[2026-03-23T02:16:11.104+0000] {postgres_client.py:223} INFO - Checking file landing/products/products_20260321_211221.csv.gz, result=(1,)
[2026-03-23T02:16:11.106+0000] {postgres_client.py:223} INFO - Checking file landing/products/products_20260322T183535.csv.gz, result=(1,)
[2026-03-23T02:16:11.107+0000] {postgres_client.py:223} INFO - Checking file landing/products/products_20260322T183909.csv.gz, result=(1,)
[2026-03-23T02:16:11.108+0000] {postgres_client.py:223} INFO - Checking file landing/products/products_20260322T184136.csv.gz, result=(1,)
[2026-03-23T02:16:11.110+0000] {postgres_client.py:223} INFO - Checking file landing/products/products_20260322T185027.csv.gz, result=(1,)
[2026-03-23T02:16:11.111+0000] {postgres_client.py:223} INFO - Checking file landing/products/products_20260322T185412.csv.gz, result=(1,)
[2026-03-23T02:16:11.112+0000] {postgres_client.py:223} INFO - Checking file landing/products/products_20260322T192419.csv.gz, result=(1,)
[2026-03-23T02:16:11.114+0000] {postgres_client.py:223} INFO - Checking file landing/products/products_20260322T192619.csv.gz, result=(1,)
[2026-03-23T02:16:11.115+0000] {postgres_client.py:223} INFO - Checking file landing/products/products_20260322T193328.csv.gz, result=(1,)
[2026-03-23T02:16:11.116+0000] {postgres_client.py:223} INFO - Checking file landing/products/products_20260322T193503.csv.gz, result=(1,)
[2026-03-23T02:16:11.118+0000] {postgres_client.py:223} INFO - Checking file landing/products/products_20260322T194719.csv.gz, result=(1,)
[2026-03-23T02:16:11.119+0000] {postgres_client.py:223} INFO - Checking file landing/products/products_20260322T195706.csv.gz, result=(1,)
[2026-03-23T02:16:11.120+0000] {postgres_client.py:223} INFO - Checking file landing/products/products_20260322T200122.csv.gz, result=(1,)
[2026-03-23T02:16:11.122+0000] {postgres_client.py:223} INFO - Checking file landing/products/products_20260322T200753.csv.gz, result=(1,)
[2026-03-23T02:16:11.123+0000] {postgres_client.py:223} INFO - Checking file landing/products/products_20260322T201226.csv.gz, result=(1,)
[2026-03-23T02:16:11.125+0000] {postgres_client.py:223} INFO - Checking file landing/products/products_20260322T201524.csv.gz, result=(1,)
[2026-03-23T02:16:11.126+0000] {postgres_client.py:223} INFO - Checking file landing/products/products_20260322T233155.csv.gz, result=(1,)
[2026-03-23T02:16:11.127+0000] {postgres_client.py:223} INFO - Checking file landing/products/products_20260322T233647.csv.gz, result=(1,)
[2026-03-23T02:16:11.128+0000] {postgres_client.py:223} INFO - Checking file landing/products/products_20260322T233839.csv.gz, result=(1,)
[2026-03-23T02:16:11.130+0000] {postgres_client.py:223} INFO - Checking file landing/products/products_20260322T235721.csv.gz, result=(1,)
[2026-03-23T02:16:11.131+0000] {postgres_client.py:223} INFO - Checking file landing/products/products_20260323T005246.csv.gz, result=(1,)
[2026-03-23T02:16:11.132+0000] {postgres_client.py:223} INFO - Checking file landing/products/products_20260323T011217.csv.gz, result=(1,)
[2026-03-23T02:16:11.134+0000] {postgres_client.py:223} INFO - Checking file landing/products/products_20260323T012106.csv.gz, result=(1,)
[2026-03-23T02:16:11.136+0000] {postgres_client.py:223} INFO - Checking file landing/products/products_20260323T013407.csv.gz, result=(1,)
[2026-03-23T02:16:11.137+0000] {postgres_client.py:223} INFO - Checking file landing/products/products_20260323T020828.csv.gz, result=(1,)
[2026-03-23T02:16:11.138+0000] {postgres_client.py:223} INFO - Checking file landing/products/products_20260323T021520.csv.gz, result=None
[2026-03-23T02:16:11.140+0000] {postgres_client.py:223} INFO - Checking file landing/sales/sales_20260319_194532.csv.gz, result=None
[2026-03-23T02:16:11.141+0000] {postgres_client.py:223} INFO - Checking file landing/sales/sales_20260321T212748.csv.gz, result=None
[2026-03-23T02:16:11.142+0000] {postgres_client.py:223} INFO - Checking file landing/sales/sales_20260321_211221.csv.gz, result=None
[2026-03-23T02:16:11.143+0000] {postgres_client.py:223} INFO - Checking file landing/sales/sales_20260322T183535.csv.gz, result=None
[2026-03-23T02:16:11.144+0000] {postgres_client.py:223} INFO - Checking file landing/sales/sales_20260322T183909.csv.gz, result=None
[2026-03-23T02:16:11.145+0000] {postgres_client.py:223} INFO - Checking file landing/sales/sales_20260322T184136.csv.gz, result=None
[2026-03-23T02:16:11.147+0000] {postgres_client.py:223} INFO - Checking file landing/sales/sales_20260322T185027.csv.gz, result=None
[2026-03-23T02:16:11.148+0000] {postgres_client.py:223} INFO - Checking file landing/sales/sales_20260322T185412.csv.gz, result=None
[2026-03-23T02:16:11.149+0000] {postgres_client.py:223} INFO - Checking file landing/sales/sales_20260322T192419.csv.gz, result=None
[2026-03-23T02:16:11.150+0000] {postgres_client.py:223} INFO - Checking file landing/sales/sales_20260322T192619.csv.gz, result=None
[2026-03-23T02:16:11.152+0000] {postgres_client.py:223} INFO - Checking file landing/sales/sales_20260322T193328.csv.gz, result=None
[2026-03-23T02:16:11.153+0000] {postgres_client.py:223} INFO - Checking file landing/sales/sales_20260322T193503.csv.gz, result=None
[2026-03-23T02:16:11.154+0000] {postgres_client.py:223} INFO - Checking file landing/sales/sales_20260322T194719.csv.gz, result=None
[2026-03-23T02:16:11.155+0000] {postgres_client.py:223} INFO - Checking file landing/sales/sales_20260322T195706.csv.gz, result=None
[2026-03-23T02:16:11.156+0000] {postgres_client.py:223} INFO - Checking file landing/sales/sales_20260322T200122.csv.gz, result=None
[2026-03-23T02:16:11.157+0000] {postgres_client.py:223} INFO - Checking file landing/sales/sales_20260322T200753.csv.gz, result=None
[2026-03-23T02:16:11.159+0000] {postgres_client.py:223} INFO - Checking file landing/sales/sales_20260322T201226.csv.gz, result=None
[2026-03-23T02:16:11.160+0000] {postgres_client.py:223} INFO - Checking file landing/sales/sales_20260322T201524.csv.gz, result=None
[2026-03-23T02:16:11.161+0000] {postgres_client.py:223} INFO - Checking file landing/sales/sales_20260322T233155.csv.gz, result=None
[2026-03-23T02:16:11.162+0000] {postgres_client.py:223} INFO - Checking file landing/sales/sales_20260322T233647.csv.gz, result=None
[2026-03-23T02:16:11.164+0000] {postgres_client.py:223} INFO - Checking file landing/sales/sales_20260322T233839.csv.gz, result=None
[2026-03-23T02:16:11.165+0000] {postgres_client.py:223} INFO - Checking file landing/sales/sales_20260322T235721.csv.gz, result=None
[2026-03-23T02:16:11.166+0000] {postgres_client.py:223} INFO - Checking file landing/sales/sales_20260323T005246.csv.gz, result=None
[2026-03-23T02:16:11.167+0000] {postgres_client.py:223} INFO - Checking file landing/sales/sales_20260323T011217.csv.gz, result=None
[2026-03-23T02:16:11.168+0000] {postgres_client.py:223} INFO - Checking file landing/sales/sales_20260323T012106.csv.gz, result=None
[2026-03-23T02:16:11.169+0000] {postgres_client.py:223} INFO - Checking file landing/sales/sales_20260323T013407.csv.gz, result=None
[2026-03-23T02:16:11.171+0000] {postgres_client.py:223} INFO - Checking file landing/sales/sales_20260323T020828.csv.gz, result=None
[2026-03-23T02:16:11.172+0000] {postgres_client.py:223} INFO - Checking file landing/sales/sales_20260323T021520.csv.gz, result=None
[2026-03-23T02:16:11.176+0000] {dag_utils.py:165} INFO - Loading landing/customers/customers_20260323T021520.csv.gz → raw.customers
[2026-03-23T02:16:11.181+0000] {postgres_client.py:82} INFO - Executed SQL file: /opt/***/sql/customers_ddl.sql
[2026-03-23T02:16:11.288+0000] {postgres_client.py:177} INFO - Read 10000 records from gzip file
[2026-03-23T02:16:14.610+0000] {dag_utils.py:195} INFO - UPSERT completed for landing/customers/customers_20260323T021520.csv.gz
[2026-03-23T02:16:14.615+0000] {dag_utils.py:165} INFO - Loading landing/products/products_20260323T021520.csv.gz → raw.products
[2026-03-23T02:16:14.620+0000] {postgres_client.py:82} INFO - Executed SQL file: /opt/***/sql/products_ddl.sql
[2026-03-23T02:16:14.636+0000] {postgres_client.py:177} INFO - Read 2000 records from gzip file
[2026-03-23T02:16:15.298+0000] {dag_utils.py:195} INFO - UPSERT completed for landing/products/products_20260323T021520.csv.gz
[2026-03-23T02:16:15.302+0000] {dag_utils.py:165} INFO - Loading landing/sales/sales_20260319_194532.csv.gz → raw.sales
[2026-03-23T02:16:15.370+0000] {postgres_client.py:82} INFO - Executed SQL file: /opt/***/sql/sales_ddl.sql
[2026-03-23T02:16:16.487+0000] {postgres_client.py:127} INFO - Loaded data into raw.sales
[2026-03-23T02:16:16.488+0000] {dag_utils.py:207} INFO - INSERT completed for landing/sales/sales_20260319_194532.csv.gz
[2026-03-23T02:16:16.491+0000] {dag_utils.py:165} INFO - Loading landing/sales/sales_20260321T212748.csv.gz → raw.sales
[2026-03-23T02:16:16.496+0000] {postgres_client.py:82} INFO - Executed SQL file: /opt/***/sql/sales_ddl.sql
[2026-03-23T02:16:17.600+0000] {postgres_client.py:127} INFO - Loaded data into raw.sales
[2026-03-23T02:16:17.601+0000] {dag_utils.py:207} INFO - INSERT completed for landing/sales/sales_20260321T212748.csv.gz
[2026-03-23T02:16:17.605+0000] {dag_utils.py:165} INFO - Loading landing/sales/sales_20260321_211221.csv.gz → raw.sales
[2026-03-23T02:16:17.610+0000] {postgres_client.py:82} INFO - Executed SQL file: /opt/***/sql/sales_ddl.sql
[2026-03-23T02:16:18.738+0000] {postgres_client.py:127} INFO - Loaded data into raw.sales
[2026-03-23T02:16:18.739+0000] {dag_utils.py:207} INFO - INSERT completed for landing/sales/sales_20260321_211221.csv.gz
[2026-03-23T02:16:18.744+0000] {dag_utils.py:165} INFO - Loading landing/sales/sales_20260322T183535.csv.gz → raw.sales
[2026-03-23T02:16:18.751+0000] {postgres_client.py:82} INFO - Executed SQL file: /opt/***/sql/sales_ddl.sql
[2026-03-23T02:16:29.181+0000] {postgres_client.py:127} INFO - Loaded data into raw.sales
[2026-03-23T02:16:29.183+0000] {dag_utils.py:207} INFO - INSERT completed for landing/sales/sales_20260322T183535.csv.gz
[2026-03-23T02:16:29.186+0000] {dag_utils.py:165} INFO - Loading landing/sales/sales_20260322T183909.csv.gz → raw.sales
[2026-03-23T02:16:29.193+0000] {postgres_client.py:82} INFO - Executed SQL file: /opt/***/sql/sales_ddl.sql
[2026-03-23T02:16:40.993+0000] {postgres_client.py:127} INFO - Loaded data into raw.sales
[2026-03-23T02:16:40.994+0000] {dag_utils.py:207} INFO - INSERT completed for landing/sales/sales_20260322T183909.csv.gz
[2026-03-23T02:16:41.004+0000] {dag_utils.py:165} INFO - Loading landing/sales/sales_20260322T184136.csv.gz → raw.sales
[2026-03-23T02:16:41.009+0000] {postgres_client.py:82} INFO - Executed SQL file: /opt/***/sql/sales_ddl.sql
[2026-03-23T02:16:56.065+0000] {postgres_client.py:127} INFO - Loaded data into raw.sales
[2026-03-23T02:16:56.067+0000] {dag_utils.py:207} INFO - INSERT completed for landing/sales/sales_20260322T184136.csv.gz
[2026-03-23T02:16:56.076+0000] {dag_utils.py:165} INFO - Loading landing/sales/sales_20260322T185027.csv.gz → raw.sales
[2026-03-23T02:16:56.083+0000] {postgres_client.py:82} INFO - Executed SQL file: /opt/***/sql/sales_ddl.sql
[2026-03-23T02:17:11.691+0000] {postgres_client.py:127} INFO - Loaded data into raw.sales
[2026-03-23T02:17:11.692+0000] {dag_utils.py:207} INFO - INSERT completed for landing/sales/sales_20260322T185027.csv.gz
[2026-03-23T02:17:11.696+0000] {dag_utils.py:165} INFO - Loading landing/sales/sales_20260322T185412.csv.gz → raw.sales
[2026-03-23T02:17:11.701+0000] {postgres_client.py:82} INFO - Executed SQL file: /opt/***/sql/sales_ddl.sql
[2026-03-23T02:17:28.568+0000] {postgres_client.py:127} INFO - Loaded data into raw.sales
[2026-03-23T02:17:28.569+0000] {dag_utils.py:207} INFO - INSERT completed for landing/sales/sales_20260322T185412.csv.gz
[2026-03-23T02:17:28.572+0000] {dag_utils.py:165} INFO - Loading landing/sales/sales_20260322T192419.csv.gz → raw.sales
[2026-03-23T02:17:28.578+0000] {postgres_client.py:82} INFO - Executed SQL file: /opt/***/sql/sales_ddl.sql
[2026-03-23T02:17:40.216+0000] {postgres_client.py:127} INFO - Loaded data into raw.sales
[2026-03-23T02:17:40.218+0000] {dag_utils.py:207} INFO - INSERT completed for landing/sales/sales_20260322T192419.csv.gz
[2026-03-23T02:17:40.221+0000] {dag_utils.py:165} INFO - Loading landing/sales/sales_20260322T192619.csv.gz → raw.sales
[2026-03-23T02:17:40.228+0000] {postgres_client.py:82} INFO - Executed SQL file: /opt/***/sql/sales_ddl.sql
[2026-03-23T02:17:51.747+0000] {postgres_client.py:127} INFO - Loaded data into raw.sales
[2026-03-23T02:17:51.748+0000] {dag_utils.py:207} INFO - INSERT completed for landing/sales/sales_20260322T192619.csv.gz
[2026-03-23T02:17:51.754+0000] {dag_utils.py:165} INFO - Loading landing/sales/sales_20260322T193328.csv.gz → raw.sales
[2026-03-23T02:17:51.759+0000] {postgres_client.py:82} INFO - Executed SQL file: /opt/***/sql/sales_ddl.sql
[2026-03-23T02:18:08.661+0000] {postgres_client.py:127} INFO - Loaded data into raw.sales
[2026-03-23T02:18:08.663+0000] {dag_utils.py:207} INFO - INSERT completed for landing/sales/sales_20260322T193328.csv.gz
[2026-03-23T02:18:08.672+0000] {dag_utils.py:165} INFO - Loading landing/sales/sales_20260322T193503.csv.gz → raw.sales
[2026-03-23T02:18:08.692+0000] {postgres_client.py:82} INFO - Executed SQL file: /opt/***/sql/sales_ddl.sql
[2026-03-23T02:18:19.351+0000] {postgres_client.py:127} INFO - Loaded data into raw.sales
[2026-03-23T02:18:19.352+0000] {dag_utils.py:207} INFO - INSERT completed for landing/sales/sales_20260322T193503.csv.gz
[2026-03-23T02:18:19.354+0000] {dag_utils.py:165} INFO - Loading landing/sales/sales_20260322T194719.csv.gz → raw.sales
[2026-03-23T02:18:19.359+0000] {postgres_client.py:82} INFO - Executed SQL file: /opt/***/sql/sales_ddl.sql
[2026-03-23T02:18:33.275+0000] {postgres_client.py:127} INFO - Loaded data into raw.sales
[2026-03-23T02:18:33.317+0000] {dag_utils.py:207} INFO - INSERT completed for landing/sales/sales_20260322T194719.csv.gz
[2026-03-23T02:18:33.340+0000] {dag_utils.py:165} INFO - Loading landing/sales/sales_20260322T195706.csv.gz → raw.sales
[2026-03-23T02:18:33.363+0000] {postgres_client.py:82} INFO - Executed SQL file: /opt/***/sql/sales_ddl.sql
[2026-03-23T02:18:47.707+0000] {postgres_client.py:127} INFO - Loaded data into raw.sales
[2026-03-23T02:18:47.708+0000] {dag_utils.py:207} INFO - INSERT completed for landing/sales/sales_20260322T195706.csv.gz
[2026-03-23T02:18:47.715+0000] {dag_utils.py:165} INFO - Loading landing/sales/sales_20260322T200122.csv.gz → raw.sales
[2026-03-23T02:18:47.720+0000] {postgres_client.py:82} INFO - Executed SQL file: /opt/***/sql/sales_ddl.sql
[2026-03-23T02:19:05.361+0000] {postgres_client.py:127} INFO - Loaded data into raw.sales
[2026-03-23T02:19:05.363+0000] {dag_utils.py:207} INFO - INSERT completed for landing/sales/sales_20260322T200122.csv.gz
[2026-03-23T02:19:05.366+0000] {dag_utils.py:165} INFO - Loading landing/sales/sales_20260322T200753.csv.gz → raw.sales
[2026-03-23T02:19:05.371+0000] {postgres_client.py:82} INFO - Executed SQL file: /opt/***/sql/sales_ddl.sql
[2026-03-23T02:19:17.083+0000] {postgres_client.py:127} INFO - Loaded data into raw.sales
[2026-03-23T02:19:17.086+0000] {dag_utils.py:207} INFO - INSERT completed for landing/sales/sales_20260322T200753.csv.gz
[2026-03-23T02:19:17.094+0000] {dag_utils.py:165} INFO - Loading landing/sales/sales_20260322T201226.csv.gz → raw.sales
[2026-03-23T02:19:17.100+0000] {postgres_client.py:82} INFO - Executed SQL file: /opt/***/sql/sales_ddl.sql
[2026-03-23T02:19:29.577+0000] {postgres_client.py:127} INFO - Loaded data into raw.sales
[2026-03-23T02:19:29.578+0000] {dag_utils.py:207} INFO - INSERT completed for landing/sales/sales_20260322T201226.csv.gz
[2026-03-23T02:19:29.582+0000] {dag_utils.py:165} INFO - Loading landing/sales/sales_20260322T201524.csv.gz → raw.sales
[2026-03-23T02:19:29.588+0000] {postgres_client.py:82} INFO - Executed SQL file: /opt/***/sql/sales_ddl.sql
[2026-03-23T02:19:42.216+0000] {postgres_client.py:127} INFO - Loaded data into raw.sales
[2026-03-23T02:19:42.218+0000] {dag_utils.py:207} INFO - INSERT completed for landing/sales/sales_20260322T201524.csv.gz
[2026-03-23T02:19:42.226+0000] {dag_utils.py:165} INFO - Loading landing/sales/sales_20260322T233155.csv.gz → raw.sales
[2026-03-23T02:19:42.238+0000] {postgres_client.py:82} INFO - Executed SQL file: /opt/***/sql/sales_ddl.sql
[2026-03-23T02:19:51.139+0000] {postgres_client.py:127} INFO - Loaded data into raw.sales
[2026-03-23T02:19:51.147+0000] {dag_utils.py:207} INFO - INSERT completed for landing/sales/sales_20260322T233155.csv.gz
[2026-03-23T02:19:51.166+0000] {dag_utils.py:165} INFO - Loading landing/sales/sales_20260322T233647.csv.gz → raw.sales
[2026-03-23T02:19:51.177+0000] {postgres_client.py:82} INFO - Executed SQL file: /opt/***/sql/sales_ddl.sql
[2026-03-23T02:20:00.849+0000] {postgres_client.py:127} INFO - Loaded data into raw.sales
[2026-03-23T02:20:00.851+0000] {dag_utils.py:207} INFO - INSERT completed for landing/sales/sales_20260322T233647.csv.gz
[2026-03-23T02:20:00.861+0000] {dag_utils.py:165} INFO - Loading landing/sales/sales_20260322T233839.csv.gz → raw.sales
[2026-03-23T02:20:00.867+0000] {postgres_client.py:82} INFO - Executed SQL file: /opt/***/sql/sales_ddl.sql
[2026-03-23T02:20:15.059+0000] {postgres_client.py:127} INFO - Loaded data into raw.sales
[2026-03-23T02:20:15.062+0000] {dag_utils.py:207} INFO - INSERT completed for landing/sales/sales_20260322T233839.csv.gz
[2026-03-23T02:20:15.124+0000] {dag_utils.py:165} INFO - Loading landing/sales/sales_20260322T235721.csv.gz → raw.sales
[2026-03-23T02:20:15.140+0000] {postgres_client.py:82} INFO - Executed SQL file: /opt/***/sql/sales_ddl.sql
[2026-03-23T02:20:28.123+0000] {postgres_client.py:127} INFO - Loaded data into raw.sales
[2026-03-23T02:20:28.127+0000] {dag_utils.py:207} INFO - INSERT completed for landing/sales/sales_20260322T235721.csv.gz
[2026-03-23T02:20:28.134+0000] {dag_utils.py:165} INFO - Loading landing/sales/sales_20260323T005246.csv.gz → raw.sales
[2026-03-23T02:20:28.139+0000] {postgres_client.py:82} INFO - Executed SQL file: /opt/***/sql/sales_ddl.sql
[2026-03-23T02:20:42.688+0000] {postgres_client.py:127} INFO - Loaded data into raw.sales
[2026-03-23T02:20:42.692+0000] {dag_utils.py:207} INFO - INSERT completed for landing/sales/sales_20260323T005246.csv.gz
[2026-03-23T02:20:42.700+0000] {dag_utils.py:165} INFO - Loading landing/sales/sales_20260323T011217.csv.gz → raw.sales
[2026-03-23T02:20:42.738+0000] {postgres_client.py:82} INFO - Executed SQL file: /opt/***/sql/sales_ddl.sql
[2026-03-23T02:20:47.605+0000] {job.py:229} INFO - Heartbeat recovered after 10.58 seconds
[2026-03-23T02:21:06.191+0000] {postgres_client.py:127} INFO - Loaded data into raw.sales
[2026-03-23T02:21:06.197+0000] {dag_utils.py:207} INFO - INSERT completed for landing/sales/sales_20260323T011217.csv.gz
[2026-03-23T02:21:06.228+0000] {dag_utils.py:165} INFO - Loading landing/sales/sales_20260323T012106.csv.gz → raw.sales
[2026-03-23T02:21:06.242+0000] {postgres_client.py:82} INFO - Executed SQL file: /opt/***/sql/sales_ddl.sql
[2026-03-23T02:21:37.096+0000] {postgres_client.py:127} INFO - Loaded data into raw.sales
[2026-03-23T02:21:37.104+0000] {dag_utils.py:207} INFO - INSERT completed for landing/sales/sales_20260323T012106.csv.gz
[2026-03-23T02:21:37.116+0000] {dag_utils.py:165} INFO - Loading landing/sales/sales_20260323T013407.csv.gz → raw.sales
[2026-03-23T02:21:37.129+0000] {postgres_client.py:82} INFO - Executed SQL file: /opt/***/sql/sales_ddl.sql
[2026-03-23T02:21:58.148+0000] {postgres_client.py:127} INFO - Loaded data into raw.sales
[2026-03-23T02:21:58.150+0000] {dag_utils.py:207} INFO - INSERT completed for landing/sales/sales_20260323T013407.csv.gz
[2026-03-23T02:21:58.154+0000] {dag_utils.py:165} INFO - Loading landing/sales/sales_20260323T020828.csv.gz → raw.sales
[2026-03-23T02:21:58.162+0000] {postgres_client.py:82} INFO - Executed SQL file: /opt/***/sql/sales_ddl.sql
[2026-03-23T02:22:26.669+0000] {postgres_client.py:127} INFO - Loaded data into raw.sales
[2026-03-23T02:22:26.670+0000] {dag_utils.py:207} INFO - INSERT completed for landing/sales/sales_20260323T020828.csv.gz
[2026-03-23T02:22:26.677+0000] {dag_utils.py:165} INFO - Loading landing/sales/sales_20260323T021520.csv.gz → raw.sales
[2026-03-23T02:22:26.683+0000] {postgres_client.py:82} INFO - Executed SQL file: /opt/***/sql/sales_ddl.sql
[2026-03-23T02:22:41.109+0000] {postgres_client.py:127} INFO - Loaded data into raw.sales
[2026-03-23T02:22:41.113+0000] {dag_utils.py:207} INFO - INSERT completed for landing/sales/sales_20260323T021520.csv.gz
[2026-03-23T02:22:41.122+0000] {dag_utils.py:222} INFO - All files processed successfully
[2026-03-23T02:22:41.479+0000] {python.py:240} INFO - Done. Returned value was: None
[2026-03-23T02:22:42.281+0000] {taskinstance.py:341} INFO - ::group::Post task execution logs
[2026-03-23T02:22:42.314+0000] {taskinstance.py:353} INFO - Marking task as SUCCESS. dag_id=retail_data_pipeline, task_id=load_all_from_minio, run_id=manual__2026-03-23T02:15:20.867419+00:00, execution_date=20260323T021520, start_date=20260323T021610, end_date=20260323T022242
[2026-03-23T02:22:43.122+0000] {local_task_job_runner.py:266} INFO - Task exited with return code 0
[2026-03-23T02:22:43.477+0000] {taskinstance.py:3901} INFO - 0 downstream tasks scheduled from follow-on schedule check
[2026-03-23T02:22:43.486+0000] {local_task_job_runner.py:245} INFO - ::endgroup::
