[2026-03-22T20:01:26.368+0000] {local_task_job_runner.py:123} INFO - ::group::Pre task execution logs
[2026-03-22T20:01:26.391+0000] {taskinstance.py:2614} INFO - Dependencies all met for dep_context=non-requeueable deps ti=<TaskInstance: retail_data_pipeline.generate_and_upload_data manual__2026-03-22T20:01:22.730066+00:00 [queued]>
[2026-03-22T20:01:26.406+0000] {taskinstance.py:2614} INFO - Dependencies all met for dep_context=requeueable deps ti=<TaskInstance: retail_data_pipeline.generate_and_upload_data manual__2026-03-22T20:01:22.730066+00:00 [queued]>
[2026-03-22T20:01:26.408+0000] {taskinstance.py:2867} INFO - Starting attempt 1 of 1
[2026-03-22T20:01:26.425+0000] {taskinstance.py:2890} INFO - Executing <Task(PythonOperator): generate_and_upload_data> on 2026-03-22 20:01:22.730066+00:00
[2026-03-22T20:01:26.437+0000] {warnings.py:112} WARNING - /home/***/.local/lib/python3.12/site-packages/***/task/task_runner/standard_task_runner.py:70: DeprecationWarning: This process (pid=301) is multi-threaded, use of fork() may lead to deadlocks in the child.
  pid = os.fork()

[2026-03-22T20:01:26.440+0000] {standard_task_runner.py:72} INFO - Started process 303 to run task
[2026-03-22T20:01:26.441+0000] {standard_task_runner.py:104} INFO - Running: ['***', 'tasks', 'run', 'retail_data_pipeline', 'generate_and_upload_data', 'manual__2026-03-22T20:01:22.730066+00:00', '--job-id', '44', '--raw', '--subdir', 'DAGS_FOLDER/dag.py', '--cfg-path', '/tmp/tmp54c4ckaa']
[2026-03-22T20:01:26.446+0000] {standard_task_runner.py:105} INFO - Job 44: Subtask generate_and_upload_data
[2026-03-22T20:01:27.499+0000] {task_command.py:467} INFO - Running <TaskInstance: retail_data_pipeline.generate_and_upload_data manual__2026-03-22T20:01:22.730066+00:00 [running]> on host 1cd93f56fe38
[2026-03-22T20:01:27.627+0000] {taskinstance.py:3134} INFO - Exporting env vars: AIRFLOW_CTX_DAG_OWNER='***' AIRFLOW_CTX_DAG_ID='retail_data_pipeline' AIRFLOW_CTX_TASK_ID='generate_and_upload_data' AIRFLOW_CTX_EXECUTION_DATE='2026-03-22T20:01:22.730066+00:00' AIRFLOW_CTX_TRY_NUMBER='1' AIRFLOW_CTX_DAG_RUN_ID='manual__2026-03-22T20:01:22.730066+00:00'
[2026-03-22T20:01:27.629+0000] {taskinstance.py:732} INFO - ::endgroup::
[2026-03-22T20:01:27.664+0000] {base.py:84} INFO - Retrieving connection 'minio_conn'
[2026-03-22T20:01:33.115+0000] {dag_utils.py:42} INFO - ✅ Customers generated | rows=10000 | duration=5.29s
[2026-03-22T20:01:33.135+0000] {dag_utils.py:48} INFO - ✅ Products generated | rows=2000 | duration=0.02s
[2026-03-22T20:01:46.915+0000] {dag_utils.py:54} INFO - ✅ Sales generated | rows=1500103 | duration=13.78s
[2026-03-22T20:01:46.917+0000] {dag_utils.py:69} INFO - ⬆️ Uploading customers | rows=10000 | destination=s3://retailio/landing/customers/customers_20260322T200122.csv.gz
[2026-03-22T20:01:46.918+0000] {minio_client.py:217} INFO - Streaming upload to s3://retailio/landing/customers/customers_20260322T200122.csv.gz
[2026-03-22T20:01:47.176+0000] {minio_client.py:245} INFO - Streaming upload complete
[2026-03-22T20:01:47.177+0000] {dag_utils.py:82} INFO - ✅ Upload successful: customers | duration=0.26s
[2026-03-22T20:01:47.177+0000] {dag_utils.py:69} INFO - ⬆️ Uploading products | rows=2000 | destination=s3://retailio/landing/products/products_20260322T200122.csv.gz
[2026-03-22T20:01:47.178+0000] {minio_client.py:217} INFO - Streaming upload to s3://retailio/landing/products/products_20260322T200122.csv.gz
[2026-03-22T20:01:47.221+0000] {minio_client.py:245} INFO - Streaming upload complete
[2026-03-22T20:01:47.222+0000] {dag_utils.py:82} INFO - ✅ Upload successful: products | duration=0.04s
[2026-03-22T20:01:47.224+0000] {dag_utils.py:69} INFO - ⬆️ Uploading sales | rows=1500103 | destination=s3://retailio/landing/sales/sales_20260322T200122.csv.gz
[2026-03-22T20:01:47.225+0000] {minio_client.py:217} INFO - Streaming upload to s3://retailio/landing/sales/sales_20260322T200122.csv.gz
[2026-03-22T20:02:07.352+0000] {minio_client.py:245} INFO - Streaming upload complete
[2026-03-22T20:02:07.353+0000] {dag_utils.py:82} INFO - ✅ Upload successful: sales | duration=20.13s
[2026-03-22T20:02:07.354+0000] {dag_utils.py:93} INFO - 🎉 Pipeline completed | total_duration=39.53s
[2026-03-22T20:02:07.496+0000] {python.py:240} INFO - Done. Returned value was: None
[2026-03-22T20:02:07.514+0000] {taskinstance.py:341} INFO - ::group::Post task execution logs
[2026-03-22T20:02:07.515+0000] {taskinstance.py:353} INFO - Marking task as SUCCESS. dag_id=retail_data_pipeline, task_id=generate_and_upload_data, run_id=manual__2026-03-22T20:01:22.730066+00:00, execution_date=20260322T200122, start_date=20260322T200126, end_date=20260322T200207
[2026-03-22T20:02:07.625+0000] {local_task_job_runner.py:266} INFO - Task exited with return code 0
[2026-03-22T20:02:07.672+0000] {taskinstance.py:3901} INFO - 1 downstream tasks scheduled from follow-on schedule check
[2026-03-22T20:02:07.677+0000] {local_task_job_runner.py:245} INFO - ::endgroup::
