[2026-03-22T23:38:42.518+0000] {local_task_job_runner.py:123} INFO - ::group::Pre task execution logs
[2026-03-22T23:38:42.543+0000] {taskinstance.py:2614} INFO - Dependencies all met for dep_context=non-requeueable deps ti=<TaskInstance: retail_data_pipeline.generate_and_upload_data manual__2026-03-22T23:38:39.890840+00:00 [queued]>
[2026-03-22T23:38:42.555+0000] {taskinstance.py:2614} INFO - Dependencies all met for dep_context=requeueable deps ti=<TaskInstance: retail_data_pipeline.generate_and_upload_data manual__2026-03-22T23:38:39.890840+00:00 [queued]>
[2026-03-22T23:38:42.556+0000] {taskinstance.py:2867} INFO - Starting attempt 1 of 1
[2026-03-22T23:38:42.577+0000] {taskinstance.py:2890} INFO - Executing <Task(PythonOperator): generate_and_upload_data> on 2026-03-22 23:38:39.890840+00:00
[2026-03-22T23:38:42.592+0000] {warnings.py:112} WARNING - /home/***/.local/lib/python3.12/site-packages/***/task/task_runner/standard_task_runner.py:70: DeprecationWarning: This process (pid=388) is multi-threaded, use of fork() may lead to deadlocks in the child.
  pid = os.fork()

[2026-03-22T23:38:42.601+0000] {standard_task_runner.py:72} INFO - Started process 390 to run task
[2026-03-22T23:38:42.596+0000] {standard_task_runner.py:104} INFO - Running: ['***', 'tasks', 'run', 'retail_data_pipeline', 'generate_and_upload_data', 'manual__2026-03-22T23:38:39.890840+00:00', '--job-id', '57', '--raw', '--subdir', 'DAGS_FOLDER/dag.py', '--cfg-path', '/tmp/tmpw9wuwpxm']
[2026-03-22T23:38:42.603+0000] {standard_task_runner.py:105} INFO - Job 57: Subtask generate_and_upload_data
[2026-03-22T23:38:42.707+0000] {task_command.py:467} INFO - Running <TaskInstance: retail_data_pipeline.generate_and_upload_data manual__2026-03-22T23:38:39.890840+00:00 [running]> on host 750b4dfa1755
[2026-03-22T23:38:42.849+0000] {taskinstance.py:3134} INFO - Exporting env vars: AIRFLOW_CTX_DAG_OWNER='***' AIRFLOW_CTX_DAG_ID='retail_data_pipeline' AIRFLOW_CTX_TASK_ID='generate_and_upload_data' AIRFLOW_CTX_EXECUTION_DATE='2026-03-22T23:38:39.890840+00:00' AIRFLOW_CTX_TRY_NUMBER='1' AIRFLOW_CTX_DAG_RUN_ID='manual__2026-03-22T23:38:39.890840+00:00'
[2026-03-22T23:38:42.852+0000] {taskinstance.py:732} INFO - ::endgroup::
[2026-03-22T23:38:42.891+0000] {base.py:84} INFO - Retrieving connection 'minio_conn'
[2026-03-22T23:38:47.972+0000] {dag_utils.py:42} INFO - ✅ Customers generated | rows=10000 | duration=4.85s
[2026-03-22T23:38:47.997+0000] {dag_utils.py:48} INFO - ✅ Products generated | rows=2000 | duration=0.02s
[2026-03-22T23:39:08.696+0000] {dag_utils.py:54} INFO - ✅ Sales generated | rows=1500736 | duration=20.70s
[2026-03-22T23:39:08.698+0000] {dag_utils.py:69} INFO - ⬆️ Uploading customers | rows=10000 | destination=s3://retailio/landing/customers/customers_20260322T233839.csv.gz
[2026-03-22T23:39:08.702+0000] {minio_client.py:231} INFO - Streaming upload to s3://retailio/landing/customers/customers_20260322T233839.csv.gz
[2026-03-22T23:39:08.942+0000] {minio_client.py:259} INFO - Streaming upload complete
[2026-03-22T23:39:08.943+0000] {dag_utils.py:82} INFO - ✅ Upload successful: customers | duration=0.24s
[2026-03-22T23:39:08.944+0000] {dag_utils.py:69} INFO - ⬆️ Uploading products | rows=2000 | destination=s3://retailio/landing/products/products_20260322T233839.csv.gz
[2026-03-22T23:39:08.944+0000] {minio_client.py:231} INFO - Streaming upload to s3://retailio/landing/products/products_20260322T233839.csv.gz
[2026-03-22T23:39:08.991+0000] {minio_client.py:259} INFO - Streaming upload complete
[2026-03-22T23:39:08.992+0000] {dag_utils.py:82} INFO - ✅ Upload successful: products | duration=0.05s
[2026-03-22T23:39:08.993+0000] {dag_utils.py:69} INFO - ⬆️ Uploading sales | rows=1500736 | destination=s3://retailio/landing/sales/sales_20260322T233839.csv.gz
[2026-03-22T23:39:08.993+0000] {minio_client.py:231} INFO - Streaming upload to s3://retailio/landing/sales/sales_20260322T233839.csv.gz
[2026-03-22T23:39:30.315+0000] {minio_client.py:259} INFO - Streaming upload complete
[2026-03-22T23:39:30.316+0000] {dag_utils.py:82} INFO - ✅ Upload successful: sales | duration=21.32s
[2026-03-22T23:39:30.317+0000] {dag_utils.py:93} INFO - 🎉 Pipeline completed | total_duration=47.20s
[2026-03-22T23:39:30.498+0000] {python.py:240} INFO - Done. Returned value was: None
[2026-03-22T23:39:30.519+0000] {taskinstance.py:341} INFO - ::group::Post task execution logs
[2026-03-22T23:39:30.520+0000] {taskinstance.py:353} INFO - Marking task as SUCCESS. dag_id=retail_data_pipeline, task_id=generate_and_upload_data, run_id=manual__2026-03-22T23:38:39.890840+00:00, execution_date=20260322T233839, start_date=20260322T233842, end_date=20260322T233930
[2026-03-22T23:39:30.612+0000] {local_task_job_runner.py:266} INFO - Task exited with return code 0
[2026-03-22T23:39:30.658+0000] {taskinstance.py:3901} INFO - 1 downstream tasks scheduled from follow-on schedule check
[2026-03-22T23:39:30.662+0000] {local_task_job_runner.py:245} INFO - ::endgroup::
