[2026-03-22T23:33:19.539+0000] {local_task_job_runner.py:123} INFO - ::group::Pre task execution logs
[2026-03-22T23:33:19.573+0000] {taskinstance.py:2614} INFO - Dependencies all met for dep_context=non-requeueable deps ti=<TaskInstance: retail_data_pipeline.load_all_from_minio manual__2026-03-22T23:31:55.195865+00:00 [queued]>
[2026-03-22T23:33:19.586+0000] {taskinstance.py:2614} INFO - Dependencies all met for dep_context=requeueable deps ti=<TaskInstance: retail_data_pipeline.load_all_from_minio manual__2026-03-22T23:31:55.195865+00:00 [queued]>
[2026-03-22T23:33:19.587+0000] {taskinstance.py:2867} INFO - Starting attempt 1 of 1
[2026-03-22T23:33:19.610+0000] {taskinstance.py:2890} INFO - Executing <Task(PythonOperator): load_all_from_minio> on 2026-03-22 23:31:55.195865+00:00
[2026-03-22T23:33:19.631+0000] {warnings.py:112} WARNING - /home/***/.local/lib/python3.12/site-packages/***/task/task_runner/standard_task_runner.py:70: DeprecationWarning: This process (pid=304) is multi-threaded, use of fork() may lead to deadlocks in the child.
  pid = os.fork()

[2026-03-22T23:33:19.633+0000] {standard_task_runner.py:72} INFO - Started process 306 to run task
[2026-03-22T23:33:19.634+0000] {standard_task_runner.py:104} INFO - Running: ['***', 'tasks', 'run', 'retail_data_pipeline', 'load_all_from_minio', 'manual__2026-03-22T23:31:55.195865+00:00', '--job-id', '54', '--raw', '--subdir', 'DAGS_FOLDER/dag.py', '--cfg-path', '/tmp/tmp68xxcj6_']
[2026-03-22T23:33:19.640+0000] {standard_task_runner.py:105} INFO - Job 54: Subtask load_all_from_minio
[2026-03-22T23:33:19.727+0000] {task_command.py:467} INFO - Running <TaskInstance: retail_data_pipeline.load_all_from_minio manual__2026-03-22T23:31:55.195865+00:00 [running]> on host 750b4dfa1755
[2026-03-22T23:33:19.850+0000] {taskinstance.py:3134} INFO - Exporting env vars: AIRFLOW_CTX_DAG_OWNER='***' AIRFLOW_CTX_DAG_ID='retail_data_pipeline' AIRFLOW_CTX_TASK_ID='load_all_from_minio' AIRFLOW_CTX_EXECUTION_DATE='2026-03-22T23:31:55.195865+00:00' AIRFLOW_CTX_TRY_NUMBER='1' AIRFLOW_CTX_DAG_RUN_ID='manual__2026-03-22T23:31:55.195865+00:00'
[2026-03-22T23:33:19.852+0000] {taskinstance.py:732} INFO - ::endgroup::
[2026-03-22T23:33:19.891+0000] {base.py:84} INFO - Retrieving connection 'minio_conn'
[2026-03-22T23:33:20.133+0000] {base.py:84} INFO - Retrieving connection 'postgres_conn'
[2026-03-22T23:33:20.233+0000] {taskinstance.py:3313} ERROR - Task failed with exception
Traceback (most recent call last):
  File "/home/airflow/.local/lib/python3.12/site-packages/airflow/models/taskinstance.py", line 768, in _execute_task
    result = _execute_callable(context=context, **execute_callable_kwargs)
             ^^^^^^^^^^^^^^^^^^^^^^^^^^^^^^^^^^^^^^^^^^^^^^^^^^^^^^^^^^^^^
  File "/home/airflow/.local/lib/python3.12/site-packages/airflow/models/taskinstance.py", line 734, in _execute_callable
    return ExecutionCallableRunner(
           ^^^^^^^^^^^^^^^^^^^^^^^^
  File "/home/airflow/.local/lib/python3.12/site-packages/airflow/utils/operator_helpers.py", line 252, in run
    return self.func(*args, **kwargs)
           ^^^^^^^^^^^^^^^^^^^^^^^^^^
  File "/home/airflow/.local/lib/python3.12/site-packages/airflow/models/baseoperator.py", line 424, in wrapper
    return func(self, *args, **kwargs)
           ^^^^^^^^^^^^^^^^^^^^^^^^^^^
  File "/home/airflow/.local/lib/python3.12/site-packages/airflow/operators/python.py", line 238, in execute
    return_value = self.execute_callable()
                   ^^^^^^^^^^^^^^^^^^^^^^^
  File "/home/airflow/.local/lib/python3.12/site-packages/airflow/operators/python.py", line 256, in execute_callable
    return runner.run(*self.op_args, **self.op_kwargs)
           ^^^^^^^^^^^^^^^^^^^^^^^^^^^^^^^^^^^^^^^^^^^
  File "/home/airflow/.local/lib/python3.12/site-packages/airflow/utils/operator_helpers.py", line 252, in run
    return self.func(*args, **kwargs)
           ^^^^^^^^^^^^^^^^^^^^^^^^^^
  File "/opt/airflow/dags/dag.py", line 40, in load_task
    load_all_from_minio(
  File "/opt/airflow/dags/dag_utils.py", line 136, in load_all_from_minio
    if obj["Key"].endswith(".csv.gz")
       ~~~^^^^^^^
TypeError: string indices must be integers, not 'str'
[2026-03-22T23:33:20.264+0000] {taskinstance.py:1226} INFO - Marking task as FAILED. dag_id=retail_data_pipeline, task_id=load_all_from_minio, run_id=manual__2026-03-22T23:31:55.195865+00:00, execution_date=20260322T233155, start_date=20260322T233319, end_date=20260322T233320
[2026-03-22T23:33:20.299+0000] {taskinstance.py:341} INFO - ::group::Post task execution logs
[2026-03-22T23:33:20.300+0000] {standard_task_runner.py:124} ERROR - Failed to execute job 54 for task load_all_from_minio (string indices must be integers, not 'str'; 306)
Traceback (most recent call last):
  File "/home/airflow/.local/lib/python3.12/site-packages/airflow/task/task_runner/standard_task_runner.py", line 117, in _start_by_fork
    ret = args.func(args, dag=self.dag)
          ^^^^^^^^^^^^^^^^^^^^^^^^^^^^^
  File "/home/airflow/.local/lib/python3.12/site-packages/airflow/cli/cli_config.py", line 49, in command
    return func(*args, **kwargs)
           ^^^^^^^^^^^^^^^^^^^^^
  File "/home/airflow/.local/lib/python3.12/site-packages/airflow/utils/cli.py", line 116, in wrapper
    return f(*args, **kwargs)
           ^^^^^^^^^^^^^^^^^^
  File "/home/airflow/.local/lib/python3.12/site-packages/airflow/cli/commands/task_command.py", line 483, in task_run
    task_return_code = _run_task_by_selected_method(args, _dag, ti)
                       ^^^^^^^^^^^^^^^^^^^^^^^^^^^^^^^^^^^^^^^^^^^^
  File "/home/airflow/.local/lib/python3.12/site-packages/airflow/cli/commands/task_command.py", line 256, in _run_task_by_selected_method
    return _run_raw_task(args, ti)
           ^^^^^^^^^^^^^^^^^^^^^^^
  File "/home/airflow/.local/lib/python3.12/site-packages/airflow/cli/commands/task_command.py", line 341, in _run_raw_task
    return ti._run_raw_task(
           ^^^^^^^^^^^^^^^^^
  File "/home/airflow/.local/lib/python3.12/site-packages/airflow/utils/session.py", line 97, in wrapper
    return func(*args, session=session, **kwargs)
           ^^^^^^^^^^^^^^^^^^^^^^^^^^^^^^^^^^^^^^
  File "/home/airflow/.local/lib/python3.12/site-packages/airflow/models/taskinstance.py", line 3006, in _run_raw_task
    return _run_raw_task(
           ^^^^^^^^^^^^^^
  File "/home/airflow/.local/lib/python3.12/site-packages/airflow/models/taskinstance.py", line 274, in _run_raw_task
    TaskInstance._execute_task_with_callbacks(
  File "/home/airflow/.local/lib/python3.12/site-packages/airflow/models/taskinstance.py", line 3161, in _execute_task_with_callbacks
    result = self._execute_task(context, task_orig)
             ^^^^^^^^^^^^^^^^^^^^^^^^^^^^^^^^^^^^^^
  File "/home/airflow/.local/lib/python3.12/site-packages/airflow/models/taskinstance.py", line 3185, in _execute_task
    return _execute_task(self, context, task_orig)
           ^^^^^^^^^^^^^^^^^^^^^^^^^^^^^^^^^^^^^^^
  File "/home/airflow/.local/lib/python3.12/site-packages/airflow/models/taskinstance.py", line 768, in _execute_task
    result = _execute_callable(context=context, **execute_callable_kwargs)
             ^^^^^^^^^^^^^^^^^^^^^^^^^^^^^^^^^^^^^^^^^^^^^^^^^^^^^^^^^^^^^
  File "/home/airflow/.local/lib/python3.12/site-packages/airflow/models/taskinstance.py", line 734, in _execute_callable
    return ExecutionCallableRunner(
           ^^^^^^^^^^^^^^^^^^^^^^^^
  File "/home/airflow/.local/lib/python3.12/site-packages/airflow/utils/operator_helpers.py", line 252, in run
    return self.func(*args, **kwargs)
           ^^^^^^^^^^^^^^^^^^^^^^^^^^
  File "/home/airflow/.local/lib/python3.12/site-packages/airflow/models/baseoperator.py", line 424, in wrapper
    return func(self, *args, **kwargs)
           ^^^^^^^^^^^^^^^^^^^^^^^^^^^
  File "/home/airflow/.local/lib/python3.12/site-packages/airflow/operators/python.py", line 238, in execute
    return_value = self.execute_callable()
                   ^^^^^^^^^^^^^^^^^^^^^^^
  File "/home/airflow/.local/lib/python3.12/site-packages/airflow/operators/python.py", line 256, in execute_callable
    return runner.run(*self.op_args, **self.op_kwargs)
           ^^^^^^^^^^^^^^^^^^^^^^^^^^^^^^^^^^^^^^^^^^^
  File "/home/airflow/.local/lib/python3.12/site-packages/airflow/utils/operator_helpers.py", line 252, in run
    return self.func(*args, **kwargs)
           ^^^^^^^^^^^^^^^^^^^^^^^^^^
  File "/opt/airflow/dags/dag.py", line 40, in load_task
    load_all_from_minio(
  File "/opt/airflow/dags/dag_utils.py", line 136, in load_all_from_minio
    if obj["Key"].endswith(".csv.gz")
       ~~~^^^^^^^
TypeError: string indices must be integers, not 'str'
[2026-03-22T23:33:20.337+0000] {local_task_job_runner.py:266} INFO - Task exited with return code 1
[2026-03-22T23:33:20.355+0000] {taskinstance.py:3901} INFO - 0 downstream tasks scheduled from follow-on schedule check
[2026-03-22T23:33:20.358+0000] {local_task_job_runner.py:245} INFO - ::endgroup::
