[2026-03-22T18:39:49.879+0000] {local_task_job_runner.py:123} INFO - ::group::Pre task execution logs
[2026-03-22T18:39:49.905+0000] {taskinstance.py:2614} INFO - Dependencies all met for dep_context=non-requeueable deps ti=<TaskInstance: retail_data_pipeline.load_all_from_minio manual__2026-03-22T18:39:09.977522+00:00 [queued]>
[2026-03-22T18:39:49.921+0000] {taskinstance.py:2614} INFO - Dependencies all met for dep_context=requeueable deps ti=<TaskInstance: retail_data_pipeline.load_all_from_minio manual__2026-03-22T18:39:09.977522+00:00 [queued]>
[2026-03-22T18:39:49.922+0000] {taskinstance.py:2867} INFO - Starting attempt 1 of 1
[2026-03-22T18:39:49.944+0000] {taskinstance.py:2890} INFO - Executing <Task(PythonOperator): load_all_from_minio> on 2026-03-22 18:39:09.977522+00:00
[2026-03-22T18:39:49.958+0000] {warnings.py:112} WARNING - /home/***/.local/lib/python3.12/site-packages/***/task/task_runner/standard_task_runner.py:70: DeprecationWarning: This process (pid=1735) is multi-threaded, use of fork() may lead to deadlocks in the child.
  pid = os.fork()

[2026-03-22T18:39:49.963+0000] {standard_task_runner.py:72} INFO - Started process 1737 to run task
[2026-03-22T18:39:49.962+0000] {standard_task_runner.py:104} INFO - Running: ['***', 'tasks', 'run', 'retail_data_pipeline', 'load_all_from_minio', 'manual__2026-03-22T18:39:09.977522+00:00', '--job-id', '24', '--raw', '--subdir', 'DAGS_FOLDER/dag.py', '--cfg-path', '/tmp/tmp8unos5i9']
[2026-03-22T18:39:49.966+0000] {standard_task_runner.py:105} INFO - Job 24: Subtask load_all_from_minio
[2026-03-22T18:39:50.063+0000] {task_command.py:467} INFO - Running <TaskInstance: retail_data_pipeline.load_all_from_minio manual__2026-03-22T18:39:09.977522+00:00 [running]> on host daab347df078
[2026-03-22T18:39:50.246+0000] {taskinstance.py:3134} INFO - Exporting env vars: AIRFLOW_CTX_DAG_OWNER='***' AIRFLOW_CTX_DAG_ID='retail_data_pipeline' AIRFLOW_CTX_TASK_ID='load_all_from_minio' AIRFLOW_CTX_EXECUTION_DATE='2026-03-22T18:39:09.977522+00:00' AIRFLOW_CTX_TRY_NUMBER='1' AIRFLOW_CTX_DAG_RUN_ID='manual__2026-03-22T18:39:09.977522+00:00'
[2026-03-22T18:39:50.248+0000] {taskinstance.py:732} INFO - ::endgroup::
[2026-03-22T18:39:50.299+0000] {base.py:84} INFO - Retrieving connection 'minio_conn'
[2026-03-22T18:39:50.620+0000] {base.py:84} INFO - Retrieving connection 'postgres_conn'
[2026-03-22T18:39:50.626+0000] {taskinstance.py:3313} ERROR - Task failed with exception
Traceback (most recent call last):
  File "/home/airflow/.local/lib/python3.12/site-packages/airflow/models/taskinstance.py", line 768, in _execute_task
    result = _execute_callable(context=context, **execute_callable_kwargs)
             ^^^^^^^^^^^^^^^^^^^^^^^^^^^^^^^^^^^^^^^^^^^^^^^^^^^^^^^^^^^^^
  File "/home/airflow/.local/lib/python3.12/site-packages/airflow/models/taskinstance.py", line 734, in _execute_callable
    return ExecutionCallableRunner(
           ^^^^^^^^^^^^^^^^^^^^^^^^
  File "/home/airflow/.local/lib/python3.12/site-packages/airflow/utils/operator_helpers.py", line 252, in run
    return self.func(*args, **kwargs)
           ^^^^^^^^^^^^^^^^^^^^^^^^^^
  File "/home/airflow/.local/lib/python3.12/site-packages/airflow/models/baseoperator.py", line 424, in wrapper
    return func(self, *args, **kwargs)
           ^^^^^^^^^^^^^^^^^^^^^^^^^^^
  File "/home/airflow/.local/lib/python3.12/site-packages/airflow/operators/python.py", line 238, in execute
    return_value = self.execute_callable()
                   ^^^^^^^^^^^^^^^^^^^^^^^
  File "/home/airflow/.local/lib/python3.12/site-packages/airflow/operators/python.py", line 256, in execute_callable
    return runner.run(*self.op_args, **self.op_kwargs)
           ^^^^^^^^^^^^^^^^^^^^^^^^^^^^^^^^^^^^^^^^^^^
  File "/home/airflow/.local/lib/python3.12/site-packages/airflow/utils/operator_helpers.py", line 252, in run
    return self.func(*args, **kwargs)
           ^^^^^^^^^^^^^^^^^^^^^^^^^^
  File "/opt/airflow/dags/dag.py", line 40, in load_task
    load_all_from_minio(
  File "/opt/airflow/dags/dag_utils.py", line 117, in load_all_from_minio
    objects = minio_client.client.list_objects(
              ^^^^^^^^^^^^^^^^^^^^^^^^^^^^^^^^^
  File "/home/airflow/.local/lib/python3.12/site-packages/botocore/client.py", line 561, in _api_call
    raise TypeError(
TypeError: list_objects() only accepts keyword arguments.
[2026-03-22T18:39:50.650+0000] {taskinstance.py:1226} INFO - Marking task as FAILED. dag_id=retail_data_pipeline, task_id=load_all_from_minio, run_id=manual__2026-03-22T18:39:09.977522+00:00, execution_date=20260322T183909, start_date=20260322T183949, end_date=20260322T183950
[2026-03-22T18:39:50.689+0000] {taskinstance.py:341} INFO - ::group::Post task execution logs
[2026-03-22T18:39:50.692+0000] {standard_task_runner.py:124} ERROR - Failed to execute job 24 for task load_all_from_minio (list_objects() only accepts keyword arguments.; 1737)
Traceback (most recent call last):
  File "/home/airflow/.local/lib/python3.12/site-packages/airflow/task/task_runner/standard_task_runner.py", line 117, in _start_by_fork
    ret = args.func(args, dag=self.dag)
          ^^^^^^^^^^^^^^^^^^^^^^^^^^^^^
  File "/home/airflow/.local/lib/python3.12/site-packages/airflow/cli/cli_config.py", line 49, in command
    return func(*args, **kwargs)
           ^^^^^^^^^^^^^^^^^^^^^
  File "/home/airflow/.local/lib/python3.12/site-packages/airflow/utils/cli.py", line 116, in wrapper
    return f(*args, **kwargs)
           ^^^^^^^^^^^^^^^^^^
  File "/home/airflow/.local/lib/python3.12/site-packages/airflow/cli/commands/task_command.py", line 483, in task_run
    task_return_code = _run_task_by_selected_method(args, _dag, ti)
                       ^^^^^^^^^^^^^^^^^^^^^^^^^^^^^^^^^^^^^^^^^^^^
  File "/home/airflow/.local/lib/python3.12/site-packages/airflow/cli/commands/task_command.py", line 256, in _run_task_by_selected_method
    return _run_raw_task(args, ti)
           ^^^^^^^^^^^^^^^^^^^^^^^
  File "/home/airflow/.local/lib/python3.12/site-packages/airflow/cli/commands/task_command.py", line 341, in _run_raw_task
    return ti._run_raw_task(
           ^^^^^^^^^^^^^^^^^
  File "/home/airflow/.local/lib/python3.12/site-packages/airflow/utils/session.py", line 97, in wrapper
    return func(*args, session=session, **kwargs)
           ^^^^^^^^^^^^^^^^^^^^^^^^^^^^^^^^^^^^^^
  File "/home/airflow/.local/lib/python3.12/site-packages/airflow/models/taskinstance.py", line 3006, in _run_raw_task
    return _run_raw_task(
           ^^^^^^^^^^^^^^
  File "/home/airflow/.local/lib/python3.12/site-packages/airflow/models/taskinstance.py", line 274, in _run_raw_task
    TaskInstance._execute_task_with_callbacks(
  File "/home/airflow/.local/lib/python3.12/site-packages/airflow/models/taskinstance.py", line 3161, in _execute_task_with_callbacks
    result = self._execute_task(context, task_orig)
             ^^^^^^^^^^^^^^^^^^^^^^^^^^^^^^^^^^^^^^
  File "/home/airflow/.local/lib/python3.12/site-packages/airflow/models/taskinstance.py", line 3185, in _execute_task
    return _execute_task(self, context, task_orig)
           ^^^^^^^^^^^^^^^^^^^^^^^^^^^^^^^^^^^^^^^
  File "/home/airflow/.local/lib/python3.12/site-packages/airflow/models/taskinstance.py", line 768, in _execute_task
    result = _execute_callable(context=context, **execute_callable_kwargs)
             ^^^^^^^^^^^^^^^^^^^^^^^^^^^^^^^^^^^^^^^^^^^^^^^^^^^^^^^^^^^^^
  File "/home/airflow/.local/lib/python3.12/site-packages/airflow/models/taskinstance.py", line 734, in _execute_callable
    return ExecutionCallableRunner(
           ^^^^^^^^^^^^^^^^^^^^^^^^
  File "/home/airflow/.local/lib/python3.12/site-packages/airflow/utils/operator_helpers.py", line 252, in run
    return self.func(*args, **kwargs)
           ^^^^^^^^^^^^^^^^^^^^^^^^^^
  File "/home/airflow/.local/lib/python3.12/site-packages/airflow/models/baseoperator.py", line 424, in wrapper
    return func(self, *args, **kwargs)
           ^^^^^^^^^^^^^^^^^^^^^^^^^^^
  File "/home/airflow/.local/lib/python3.12/site-packages/airflow/operators/python.py", line 238, in execute
    return_value = self.execute_callable()
                   ^^^^^^^^^^^^^^^^^^^^^^^
  File "/home/airflow/.local/lib/python3.12/site-packages/airflow/operators/python.py", line 256, in execute_callable
    return runner.run(*self.op_args, **self.op_kwargs)
           ^^^^^^^^^^^^^^^^^^^^^^^^^^^^^^^^^^^^^^^^^^^
  File "/home/airflow/.local/lib/python3.12/site-packages/airflow/utils/operator_helpers.py", line 252, in run
    return self.func(*args, **kwargs)
           ^^^^^^^^^^^^^^^^^^^^^^^^^^
  File "/opt/airflow/dags/dag.py", line 40, in load_task
    load_all_from_minio(
  File "/opt/airflow/dags/dag_utils.py", line 117, in load_all_from_minio
    objects = minio_client.client.list_objects(
              ^^^^^^^^^^^^^^^^^^^^^^^^^^^^^^^^^
  File "/home/airflow/.local/lib/python3.12/site-packages/botocore/client.py", line 561, in _api_call
    raise TypeError(
TypeError: list_objects() only accepts keyword arguments.
[2026-03-22T18:39:50.742+0000] {local_task_job_runner.py:266} INFO - Task exited with return code 1
[2026-03-22T18:39:50.786+0000] {taskinstance.py:3901} INFO - 0 downstream tasks scheduled from follow-on schedule check
[2026-03-22T18:39:50.793+0000] {local_task_job_runner.py:245} INFO - ::endgroup::
