[2026-03-22T23:36:50.097+0000] {local_task_job_runner.py:123} INFO - ::group::Pre task execution logs
[2026-03-22T23:36:50.122+0000] {taskinstance.py:2614} INFO - Dependencies all met for dep_context=non-requeueable deps ti=<TaskInstance: retail_data_pipeline.generate_and_upload_data manual__2026-03-22T23:36:47.084342+00:00 [queued]>
[2026-03-22T23:36:50.135+0000] {taskinstance.py:2614} INFO - Dependencies all met for dep_context=requeueable deps ti=<TaskInstance: retail_data_pipeline.generate_and_upload_data manual__2026-03-22T23:36:47.084342+00:00 [queued]>
[2026-03-22T23:36:50.136+0000] {taskinstance.py:2867} INFO - Starting attempt 1 of 1
[2026-03-22T23:36:50.156+0000] {taskinstance.py:2890} INFO - Executing <Task(PythonOperator): generate_and_upload_data> on 2026-03-22 23:36:47.084342+00:00
[2026-03-22T23:36:50.170+0000] {warnings.py:112} WARNING - /home/***/.local/lib/python3.12/site-packages/***/task/task_runner/standard_task_runner.py:70: DeprecationWarning: This process (pid=350) is multi-threaded, use of fork() may lead to deadlocks in the child.
  pid = os.fork()

[2026-03-22T23:36:50.174+0000] {standard_task_runner.py:72} INFO - Started process 352 to run task
[2026-03-22T23:36:50.175+0000] {standard_task_runner.py:104} INFO - Running: ['***', 'tasks', 'run', 'retail_data_pipeline', 'generate_and_upload_data', 'manual__2026-03-22T23:36:47.084342+00:00', '--job-id', '55', '--raw', '--subdir', 'DAGS_FOLDER/dag.py', '--cfg-path', '/tmp/tmps809zomq']
[2026-03-22T23:36:50.183+0000] {standard_task_runner.py:105} INFO - Job 55: Subtask generate_and_upload_data
[2026-03-22T23:36:50.297+0000] {task_command.py:467} INFO - Running <TaskInstance: retail_data_pipeline.generate_and_upload_data manual__2026-03-22T23:36:47.084342+00:00 [running]> on host 750b4dfa1755
[2026-03-22T23:36:50.503+0000] {taskinstance.py:3134} INFO - Exporting env vars: AIRFLOW_CTX_DAG_OWNER='***' AIRFLOW_CTX_DAG_ID='retail_data_pipeline' AIRFLOW_CTX_TASK_ID='generate_and_upload_data' AIRFLOW_CTX_EXECUTION_DATE='2026-03-22T23:36:47.084342+00:00' AIRFLOW_CTX_TRY_NUMBER='1' AIRFLOW_CTX_DAG_RUN_ID='manual__2026-03-22T23:36:47.084342+00:00'
[2026-03-22T23:36:50.506+0000] {taskinstance.py:732} INFO - ::endgroup::
[2026-03-22T23:36:50.566+0000] {base.py:84} INFO - Retrieving connection 'minio_conn'
[2026-03-22T23:36:56.686+0000] {dag_utils.py:42} INFO - ✅ Customers generated | rows=10000 | duration=5.79s
[2026-03-22T23:36:56.711+0000] {dag_utils.py:48} INFO - ✅ Products generated | rows=2000 | duration=0.02s
[2026-03-22T23:37:16.665+0000] {dag_utils.py:54} INFO - ✅ Sales generated | rows=1500763 | duration=19.95s
[2026-03-22T23:37:16.666+0000] {dag_utils.py:69} INFO - ⬆️ Uploading customers | rows=10000 | destination=s3://retailio/landing/customers/customers_20260322T233647.csv.gz
[2026-03-22T23:37:16.667+0000] {minio_client.py:231} INFO - Streaming upload to s3://retailio/landing/customers/customers_20260322T233647.csv.gz
[2026-03-22T23:37:16.939+0000] {minio_client.py:259} INFO - Streaming upload complete
[2026-03-22T23:37:16.940+0000] {dag_utils.py:82} INFO - ✅ Upload successful: customers | duration=0.27s
[2026-03-22T23:37:16.941+0000] {dag_utils.py:69} INFO - ⬆️ Uploading products | rows=2000 | destination=s3://retailio/landing/products/products_20260322T233647.csv.gz
[2026-03-22T23:37:16.942+0000] {minio_client.py:231} INFO - Streaming upload to s3://retailio/landing/products/products_20260322T233647.csv.gz
[2026-03-22T23:37:16.988+0000] {minio_client.py:259} INFO - Streaming upload complete
[2026-03-22T23:37:16.989+0000] {dag_utils.py:82} INFO - ✅ Upload successful: products | duration=0.05s
[2026-03-22T23:37:16.990+0000] {dag_utils.py:69} INFO - ⬆️ Uploading sales | rows=1500763 | destination=s3://retailio/landing/sales/sales_20260322T233647.csv.gz
[2026-03-22T23:37:16.990+0000] {minio_client.py:231} INFO - Streaming upload to s3://retailio/landing/sales/sales_20260322T233647.csv.gz
[2026-03-22T23:37:35.016+0000] {minio_client.py:259} INFO - Streaming upload complete
[2026-03-22T23:37:35.017+0000] {dag_utils.py:82} INFO - ✅ Upload successful: sales | duration=18.03s
[2026-03-22T23:37:35.017+0000] {dag_utils.py:93} INFO - 🎉 Pipeline completed | total_duration=44.12s
[2026-03-22T23:37:35.165+0000] {python.py:240} INFO - Done. Returned value was: None
[2026-03-22T23:37:35.180+0000] {taskinstance.py:341} INFO - ::group::Post task execution logs
[2026-03-22T23:37:35.181+0000] {taskinstance.py:353} INFO - Marking task as SUCCESS. dag_id=retail_data_pipeline, task_id=generate_and_upload_data, run_id=manual__2026-03-22T23:36:47.084342+00:00, execution_date=20260322T233647, start_date=20260322T233650, end_date=20260322T233735
[2026-03-22T23:37:35.240+0000] {local_task_job_runner.py:266} INFO - Task exited with return code 0
[2026-03-22T23:37:35.270+0000] {taskinstance.py:3901} INFO - 1 downstream tasks scheduled from follow-on schedule check
[2026-03-22T23:37:35.275+0000] {local_task_job_runner.py:245} INFO - ::endgroup::
