[2026-03-22T18:50:33.092+0000] {local_task_job_runner.py:123} INFO - ::group::Pre task execution logs
[2026-03-22T18:50:33.117+0000] {taskinstance.py:2614} INFO - Dependencies all met for dep_context=non-requeueable deps ti=<TaskInstance: retail_data_pipeline.generate_and_upload_data manual__2026-03-22T18:50:27.960948+00:00 [queued]>
[2026-03-22T18:50:33.131+0000] {taskinstance.py:2614} INFO - Dependencies all met for dep_context=requeueable deps ti=<TaskInstance: retail_data_pipeline.generate_and_upload_data manual__2026-03-22T18:50:27.960948+00:00 [queued]>
[2026-03-22T18:50:33.133+0000] {taskinstance.py:2867} INFO - Starting attempt 1 of 1
[2026-03-22T18:50:33.160+0000] {taskinstance.py:2890} INFO - Executing <Task(PythonOperator): generate_and_upload_data> on 2026-03-22 18:50:27.960948+00:00
[2026-03-22T18:50:33.172+0000] {warnings.py:112} WARNING - /home/***/.local/lib/python3.12/site-packages/***/task/task_runner/standard_task_runner.py:70: DeprecationWarning: This process (pid=1881) is multi-threaded, use of fork() may lead to deadlocks in the child.
  pid = os.fork()

[2026-03-22T18:50:33.176+0000] {standard_task_runner.py:72} INFO - Started process 1883 to run task
[2026-03-22T18:50:33.179+0000] {standard_task_runner.py:104} INFO - Running: ['***', 'tasks', 'run', 'retail_data_pipeline', 'generate_and_upload_data', 'manual__2026-03-22T18:50:27.960948+00:00', '--job-id', '27', '--raw', '--subdir', 'DAGS_FOLDER/dag.py', '--cfg-path', '/tmp/tmppppzrzqj']
[2026-03-22T18:50:33.187+0000] {standard_task_runner.py:105} INFO - Job 27: Subtask generate_and_upload_data
[2026-03-22T18:50:33.323+0000] {task_command.py:467} INFO - Running <TaskInstance: retail_data_pipeline.generate_and_upload_data manual__2026-03-22T18:50:27.960948+00:00 [running]> on host daab347df078
[2026-03-22T18:50:33.593+0000] {taskinstance.py:3134} INFO - Exporting env vars: AIRFLOW_CTX_DAG_OWNER='***' AIRFLOW_CTX_DAG_ID='retail_data_pipeline' AIRFLOW_CTX_TASK_ID='generate_and_upload_data' AIRFLOW_CTX_EXECUTION_DATE='2026-03-22T18:50:27.960948+00:00' AIRFLOW_CTX_TRY_NUMBER='1' AIRFLOW_CTX_DAG_RUN_ID='manual__2026-03-22T18:50:27.960948+00:00'
[2026-03-22T18:50:33.597+0000] {taskinstance.py:732} INFO - ::endgroup::
[2026-03-22T18:50:33.663+0000] {base.py:84} INFO - Retrieving connection 'minio_conn'
[2026-03-22T18:50:40.324+0000] {dag_utils.py:42} INFO - ✅ Customers generated | rows=10000 | duration=6.16s
[2026-03-22T18:50:40.359+0000] {dag_utils.py:48} INFO - ✅ Products generated | rows=2000 | duration=0.03s
[2026-03-22T18:50:57.346+0000] {dag_utils.py:54} INFO - ✅ Sales generated | rows=1499339 | duration=16.99s
[2026-03-22T18:50:57.348+0000] {dag_utils.py:69} INFO - ⬆️ Uploading customers | rows=10000 | destination=s3://retailio/landing/customers/customers_20260322T185027.csv.gz
[2026-03-22T18:50:57.349+0000] {minio_client.py:217} INFO - Streaming upload to s3://retailio/landing/customers/customers_20260322T185027.csv.gz
[2026-03-22T18:50:57.607+0000] {minio_client.py:245} INFO - Streaming upload complete
[2026-03-22T18:50:57.608+0000] {dag_utils.py:82} INFO - ✅ Upload successful: customers | duration=0.26s
[2026-03-22T18:50:57.609+0000] {dag_utils.py:69} INFO - ⬆️ Uploading products | rows=2000 | destination=s3://retailio/landing/products/products_20260322T185027.csv.gz
[2026-03-22T18:50:57.610+0000] {minio_client.py:217} INFO - Streaming upload to s3://retailio/landing/products/products_20260322T185027.csv.gz
[2026-03-22T18:50:57.653+0000] {minio_client.py:245} INFO - Streaming upload complete
[2026-03-22T18:50:57.654+0000] {dag_utils.py:82} INFO - ✅ Upload successful: products | duration=0.04s
[2026-03-22T18:50:57.655+0000] {dag_utils.py:69} INFO - ⬆️ Uploading sales | rows=1499339 | destination=s3://retailio/landing/sales/sales_20260322T185027.csv.gz
[2026-03-22T18:50:57.656+0000] {minio_client.py:217} INFO - Streaming upload to s3://retailio/landing/sales/sales_20260322T185027.csv.gz
[2026-03-22T18:51:16.981+0000] {minio_client.py:245} INFO - Streaming upload complete
[2026-03-22T18:51:16.983+0000] {dag_utils.py:82} INFO - ✅ Upload successful: sales | duration=19.33s
[2026-03-22T18:51:16.985+0000] {dag_utils.py:93} INFO - 🎉 Pipeline completed | total_duration=42.82s
[2026-03-22T18:51:17.159+0000] {python.py:240} INFO - Done. Returned value was: None
[2026-03-22T18:51:17.178+0000] {taskinstance.py:341} INFO - ::group::Post task execution logs
[2026-03-22T18:51:17.179+0000] {taskinstance.py:353} INFO - Marking task as SUCCESS. dag_id=retail_data_pipeline, task_id=generate_and_upload_data, run_id=manual__2026-03-22T18:50:27.960948+00:00, execution_date=20260322T185027, start_date=20260322T185033, end_date=20260322T185117
[2026-03-22T18:51:17.305+0000] {local_task_job_runner.py:266} INFO - Task exited with return code 0
[2026-03-22T18:51:17.384+0000] {taskinstance.py:3901} INFO - 1 downstream tasks scheduled from follow-on schedule check
[2026-03-22T18:51:17.388+0000] {local_task_job_runner.py:245} INFO - ::endgroup::
