[2026-03-23T03:21:53.770+0000] {local_task_job_runner.py:123} INFO - ::group::Pre task execution logs
[2026-03-23T03:21:53.801+0000] {taskinstance.py:2614} INFO - Dependencies all met for dep_context=non-requeueable deps ti=<TaskInstance: retail_data_pipeline.load_all_from_minio manual__2026-03-23T03:20:02.084793+00:00 [queued]>
[2026-03-23T03:21:53.819+0000] {taskinstance.py:2614} INFO - Dependencies all met for dep_context=requeueable deps ti=<TaskInstance: retail_data_pipeline.load_all_from_minio manual__2026-03-23T03:20:02.084793+00:00 [queued]>
[2026-03-23T03:21:53.820+0000] {taskinstance.py:2867} INFO - Starting attempt 1 of 1
[2026-03-23T03:21:53.845+0000] {taskinstance.py:2890} INFO - Executing <Task(PythonOperator): load_all_from_minio> on 2026-03-23 03:20:02.084793+00:00
[2026-03-23T03:21:53.864+0000] {warnings.py:112} WARNING - /home/***/.local/lib/python3.12/site-packages/***/task/task_runner/standard_task_runner.py:70: DeprecationWarning: This process (pid=3131) is multi-threaded, use of fork() may lead to deadlocks in the child.
  pid = os.fork()

[2026-03-23T03:21:53.868+0000] {standard_task_runner.py:72} INFO - Started process 3133 to run task
[2026-03-23T03:21:53.869+0000] {standard_task_runner.py:104} INFO - Running: ['***', 'tasks', 'run', 'retail_data_pipeline', 'load_all_from_minio', 'manual__2026-03-23T03:20:02.084793+00:00', '--job-id', '76', '--raw', '--subdir', 'DAGS_FOLDER/dag.py', '--cfg-path', '/tmp/tmpx7gi_263']
[2026-03-23T03:21:53.876+0000] {standard_task_runner.py:105} INFO - Job 76: Subtask load_all_from_minio
[2026-03-23T03:21:54.031+0000] {task_command.py:467} INFO - Running <TaskInstance: retail_data_pipeline.load_all_from_minio manual__2026-03-23T03:20:02.084793+00:00 [running]> on host 750b4dfa1755
[2026-03-23T03:21:54.202+0000] {taskinstance.py:3134} INFO - Exporting env vars: AIRFLOW_CTX_DAG_OWNER='***' AIRFLOW_CTX_DAG_ID='retail_data_pipeline' AIRFLOW_CTX_TASK_ID='load_all_from_minio' AIRFLOW_CTX_EXECUTION_DATE='2026-03-23T03:20:02.084793+00:00' AIRFLOW_CTX_TRY_NUMBER='1' AIRFLOW_CTX_DAG_RUN_ID='manual__2026-03-23T03:20:02.084793+00:00'
[2026-03-23T03:21:54.203+0000] {taskinstance.py:732} INFO - ::endgroup::
[2026-03-23T03:21:54.248+0000] {base.py:84} INFO - Retrieving connection 'minio_conn'
[2026-03-23T03:21:54.477+0000] {base.py:84} INFO - Retrieving connection 'postgres_conn'
[2026-03-23T03:21:54.674+0000] {dag_utils.py:145} INFO - Files from MinIO: 91
[2026-03-23T03:21:54.696+0000] {postgres_client.py:82} INFO - Executed SQL file: /opt/***/sql/tracker_ddl.sql
[2026-03-23T03:21:54.814+0000] {postgres_client.py:82} INFO - Executed SQL file: /opt/***/sql/customers_ddl.sql
[2026-03-23T03:21:54.928+0000] {postgres_client.py:177} INFO - Read 10000 records from gzip file
[2026-03-23T03:21:59.112+0000] {postgres_client.py:82} INFO - Executed SQL file: /opt/***/sql/products_ddl.sql
[2026-03-23T03:21:59.131+0000] {postgres_client.py:177} INFO - Read 2000 records from gzip file
[2026-03-23T03:21:59.891+0000] {postgres_client.py:82} INFO - Executed SQL file: /opt/***/sql/sales_ddl.sql
[2026-03-23T03:22:11.201+0000] {postgres_client.py:127} INFO - Loaded data into raw.sales
[2026-03-23T03:22:11.207+0000] {dag_utils.py:245} INFO - Processed 1 new file(s) for table raw.customers
[2026-03-23T03:22:11.208+0000] {dag_utils.py:245} INFO - Processed 1 new file(s) for table raw.products
[2026-03-23T03:22:11.208+0000] {dag_utils.py:245} INFO - Processed 1 new file(s) for table raw.sales
[2026-03-23T03:22:11.209+0000] {dag_utils.py:247} INFO - All files processed successfully
[2026-03-23T03:22:11.211+0000] {python.py:240} INFO - Done. Returned value was: None
[2026-03-23T03:22:11.231+0000] {taskinstance.py:341} INFO - ::group::Post task execution logs
[2026-03-23T03:22:11.232+0000] {taskinstance.py:353} INFO - Marking task as SUCCESS. dag_id=retail_data_pipeline, task_id=load_all_from_minio, run_id=manual__2026-03-23T03:20:02.084793+00:00, execution_date=20260323T032002, start_date=20260323T032153, end_date=20260323T032211
[2026-03-23T03:22:11.348+0000] {local_task_job_runner.py:266} INFO - Task exited with return code 0
[2026-03-23T03:22:11.396+0000] {taskinstance.py:3901} INFO - 0 downstream tasks scheduled from follow-on schedule check
[2026-03-23T03:22:11.405+0000] {local_task_job_runner.py:245} INFO - ::endgroup::
