[2026-03-23T00:54:22.716+0000] {local_task_job_runner.py:123} INFO - ::group::Pre task execution logs
[2026-03-23T00:54:22.743+0000] {taskinstance.py:2614} INFO - Dependencies all met for dep_context=non-requeueable deps ti=<TaskInstance: retail_data_pipeline.load_all_from_minio manual__2026-03-23T00:52:46.144064+00:00 [queued]>
[2026-03-23T00:54:22.758+0000] {taskinstance.py:2614} INFO - Dependencies all met for dep_context=requeueable deps ti=<TaskInstance: retail_data_pipeline.load_all_from_minio manual__2026-03-23T00:52:46.144064+00:00 [queued]>
[2026-03-23T00:54:22.759+0000] {taskinstance.py:2867} INFO - Starting attempt 1 of 1
[2026-03-23T00:54:22.777+0000] {taskinstance.py:2890} INFO - Executing <Task(PythonOperator): load_all_from_minio> on 2026-03-23 00:52:46.144064+00:00
[2026-03-23T00:54:22.788+0000] {warnings.py:112} WARNING - /home/***/.local/lib/python3.12/site-packages/***/task/task_runner/standard_task_runner.py:70: DeprecationWarning: This process (pid=1315) is multi-threaded, use of fork() may lead to deadlocks in the child.
  pid = os.fork()

[2026-03-23T00:54:22.791+0000] {standard_task_runner.py:72} INFO - Started process 1317 to run task
[2026-03-23T00:54:22.791+0000] {standard_task_runner.py:104} INFO - Running: ['***', 'tasks', 'run', 'retail_data_pipeline', 'load_all_from_minio', 'manual__2026-03-23T00:52:46.144064+00:00', '--job-id', '62', '--raw', '--subdir', 'DAGS_FOLDER/dag.py', '--cfg-path', '/tmp/tmp3rplwqn7']
[2026-03-23T00:54:22.795+0000] {standard_task_runner.py:105} INFO - Job 62: Subtask load_all_from_minio
[2026-03-23T00:54:22.874+0000] {task_command.py:467} INFO - Running <TaskInstance: retail_data_pipeline.load_all_from_minio manual__2026-03-23T00:52:46.144064+00:00 [running]> on host 750b4dfa1755
[2026-03-23T00:54:22.998+0000] {taskinstance.py:3134} INFO - Exporting env vars: AIRFLOW_CTX_DAG_OWNER='***' AIRFLOW_CTX_DAG_ID='retail_data_pipeline' AIRFLOW_CTX_TASK_ID='load_all_from_minio' AIRFLOW_CTX_EXECUTION_DATE='2026-03-23T00:52:46.144064+00:00' AIRFLOW_CTX_TRY_NUMBER='1' AIRFLOW_CTX_DAG_RUN_ID='manual__2026-03-23T00:52:46.144064+00:00'
[2026-03-23T00:54:23.000+0000] {taskinstance.py:732} INFO - ::endgroup::
[2026-03-23T00:54:23.049+0000] {base.py:84} INFO - Retrieving connection 'minio_conn'
[2026-03-23T00:54:23.389+0000] {base.py:84} INFO - Retrieving connection 'postgres_conn'
[2026-03-23T00:54:23.513+0000] {dag_utils.py:123} INFO - Files from MinIO: ['landing/customers/customers_20260319_194531.csv.gz', 'landing/customers/customers_20260319_194532.csv.gz', 'landing/customers/customers_20260321T212748.csv.gz', 'landing/customers/customers_20260321_211221.csv.gz', 'landing/customers/customers_20260322T183535.csv.gz', 'landing/customers/customers_20260322T183909.csv.gz', 'landing/customers/customers_20260322T184136.csv.gz', 'landing/customers/customers_20260322T185027.csv.gz', 'landing/customers/customers_20260322T185412.csv.gz', 'landing/customers/customers_20260322T192419.csv.gz', 'landing/customers/customers_20260322T192619.csv.gz', 'landing/customers/customers_20260322T193328.csv.gz', 'landing/customers/customers_20260322T193503.csv.gz', 'landing/customers/customers_20260322T194719.csv.gz', 'landing/customers/customers_20260322T195706.csv.gz', 'landing/customers/customers_20260322T200122.csv.gz', 'landing/customers/customers_20260322T200753.csv.gz', 'landing/customers/customers_20260322T201226.csv.gz', 'landing/customers/customers_20260322T201524.csv.gz', 'landing/customers/customers_20260322T233155.csv.gz', 'landing/customers/customers_20260322T233647.csv.gz', 'landing/customers/customers_20260322T233839.csv.gz', 'landing/customers/customers_20260322T235721.csv.gz', 'landing/customers/customers_20260323T005246.csv.gz', 'landing/products/products_20260319_194532.csv.gz', 'landing/products/products_20260321T212748.csv.gz', 'landing/products/products_20260321_211221.csv.gz', 'landing/products/products_20260322T183535.csv.gz', 'landing/products/products_20260322T183909.csv.gz', 'landing/products/products_20260322T184136.csv.gz', 'landing/products/products_20260322T185027.csv.gz', 'landing/products/products_20260322T185412.csv.gz', 'landing/products/products_20260322T192419.csv.gz', 'landing/products/products_20260322T192619.csv.gz', 'landing/products/products_20260322T193328.csv.gz', 'landing/products/products_20260322T193503.csv.gz', 'landing/products/products_20260322T194719.csv.gz', 'landing/products/products_20260322T195706.csv.gz', 'landing/products/products_20260322T200122.csv.gz', 'landing/products/products_20260322T200753.csv.gz', 'landing/products/products_20260322T201226.csv.gz', 'landing/products/products_20260322T201524.csv.gz', 'landing/products/products_20260322T233155.csv.gz', 'landing/products/products_20260322T233647.csv.gz', 'landing/products/products_20260322T233839.csv.gz', 'landing/products/products_20260322T235721.csv.gz', 'landing/products/products_20260323T005246.csv.gz', 'landing/sales/sales_20260319_194532.csv.gz', 'landing/sales/sales_20260321T212748.csv.gz', 'landing/sales/sales_20260321_211221.csv.gz', 'landing/sales/sales_20260322T183535.csv.gz', 'landing/sales/sales_20260322T183909.csv.gz', 'landing/sales/sales_20260322T184136.csv.gz', 'landing/sales/sales_20260322T185027.csv.gz', 'landing/sales/sales_20260322T185412.csv.gz', 'landing/sales/sales_20260322T192419.csv.gz', 'landing/sales/sales_20260322T192619.csv.gz', 'landing/sales/sales_20260322T193328.csv.gz', 'landing/sales/sales_20260322T193503.csv.gz', 'landing/sales/sales_20260322T194719.csv.gz', 'landing/sales/sales_20260322T195706.csv.gz', 'landing/sales/sales_20260322T200122.csv.gz', 'landing/sales/sales_20260322T200753.csv.gz', 'landing/sales/sales_20260322T201226.csv.gz', 'landing/sales/sales_20260322T201524.csv.gz', 'landing/sales/sales_20260322T233155.csv.gz', 'landing/sales/sales_20260322T233647.csv.gz', 'landing/sales/sales_20260322T233839.csv.gz', 'landing/sales/sales_20260322T235721.csv.gz', 'landing/sales/sales_20260323T005246.csv.gz']
[2026-03-23T00:54:23.526+0000] {postgres_client.py:82} INFO - Executed SQL file: /opt/***/sql/tracker_ddl.sql
[2026-03-23T00:54:23.531+0000] {postgres_client.py:205} INFO - Checking file landing/customers/customers_20260319_194531.csv.gz, result=None
[2026-03-23T00:54:23.533+0000] {postgres_client.py:205} INFO - Checking file landing/customers/customers_20260319_194532.csv.gz, result=None
[2026-03-23T00:54:23.535+0000] {postgres_client.py:205} INFO - Checking file landing/customers/customers_20260321T212748.csv.gz, result=None
[2026-03-23T00:54:23.537+0000] {postgres_client.py:205} INFO - Checking file landing/customers/customers_20260321_211221.csv.gz, result=None
[2026-03-23T00:54:23.539+0000] {postgres_client.py:205} INFO - Checking file landing/customers/customers_20260322T183535.csv.gz, result=None
[2026-03-23T00:54:23.541+0000] {postgres_client.py:205} INFO - Checking file landing/customers/customers_20260322T183909.csv.gz, result=None
[2026-03-23T00:54:23.542+0000] {postgres_client.py:205} INFO - Checking file landing/customers/customers_20260322T184136.csv.gz, result=None
[2026-03-23T00:54:23.544+0000] {postgres_client.py:205} INFO - Checking file landing/customers/customers_20260322T185027.csv.gz, result=None
[2026-03-23T00:54:23.546+0000] {postgres_client.py:205} INFO - Checking file landing/customers/customers_20260322T185412.csv.gz, result=None
[2026-03-23T00:54:23.547+0000] {postgres_client.py:205} INFO - Checking file landing/customers/customers_20260322T192419.csv.gz, result=None
[2026-03-23T00:54:23.549+0000] {postgres_client.py:205} INFO - Checking file landing/customers/customers_20260322T192619.csv.gz, result=None
[2026-03-23T00:54:23.551+0000] {postgres_client.py:205} INFO - Checking file landing/customers/customers_20260322T193328.csv.gz, result=None
[2026-03-23T00:54:23.554+0000] {postgres_client.py:205} INFO - Checking file landing/customers/customers_20260322T193503.csv.gz, result=None
[2026-03-23T00:54:23.556+0000] {postgres_client.py:205} INFO - Checking file landing/customers/customers_20260322T194719.csv.gz, result=None
[2026-03-23T00:54:23.558+0000] {postgres_client.py:205} INFO - Checking file landing/customers/customers_20260322T195706.csv.gz, result=None
[2026-03-23T00:54:23.560+0000] {postgres_client.py:205} INFO - Checking file landing/customers/customers_20260322T200122.csv.gz, result=None
[2026-03-23T00:54:23.562+0000] {postgres_client.py:205} INFO - Checking file landing/customers/customers_20260322T200753.csv.gz, result=None
[2026-03-23T00:54:23.564+0000] {postgres_client.py:205} INFO - Checking file landing/customers/customers_20260322T201226.csv.gz, result=None
[2026-03-23T00:54:23.566+0000] {postgres_client.py:205} INFO - Checking file landing/customers/customers_20260322T201524.csv.gz, result=None
[2026-03-23T00:54:23.568+0000] {postgres_client.py:205} INFO - Checking file landing/customers/customers_20260322T233155.csv.gz, result=None
[2026-03-23T00:54:23.570+0000] {postgres_client.py:205} INFO - Checking file landing/customers/customers_20260322T233647.csv.gz, result=None
[2026-03-23T00:54:23.572+0000] {postgres_client.py:205} INFO - Checking file landing/customers/customers_20260322T233839.csv.gz, result=None
[2026-03-23T00:54:23.575+0000] {postgres_client.py:205} INFO - Checking file landing/customers/customers_20260322T235721.csv.gz, result=None
[2026-03-23T00:54:23.578+0000] {postgres_client.py:205} INFO - Checking file landing/customers/customers_20260323T005246.csv.gz, result=None
[2026-03-23T00:54:23.580+0000] {postgres_client.py:205} INFO - Checking file landing/products/products_20260319_194532.csv.gz, result=None
[2026-03-23T00:54:23.582+0000] {postgres_client.py:205} INFO - Checking file landing/products/products_20260321T212748.csv.gz, result=None
[2026-03-23T00:54:23.584+0000] {postgres_client.py:205} INFO - Checking file landing/products/products_20260321_211221.csv.gz, result=None
[2026-03-23T00:54:23.586+0000] {postgres_client.py:205} INFO - Checking file landing/products/products_20260322T183535.csv.gz, result=None
[2026-03-23T00:54:23.588+0000] {postgres_client.py:205} INFO - Checking file landing/products/products_20260322T183909.csv.gz, result=None
[2026-03-23T00:54:23.590+0000] {postgres_client.py:205} INFO - Checking file landing/products/products_20260322T184136.csv.gz, result=None
[2026-03-23T00:54:23.593+0000] {postgres_client.py:205} INFO - Checking file landing/products/products_20260322T185027.csv.gz, result=None
[2026-03-23T00:54:23.594+0000] {postgres_client.py:205} INFO - Checking file landing/products/products_20260322T185412.csv.gz, result=None
[2026-03-23T00:54:23.596+0000] {postgres_client.py:205} INFO - Checking file landing/products/products_20260322T192419.csv.gz, result=None
[2026-03-23T00:54:23.598+0000] {postgres_client.py:205} INFO - Checking file landing/products/products_20260322T192619.csv.gz, result=None
[2026-03-23T00:54:23.601+0000] {postgres_client.py:205} INFO - Checking file landing/products/products_20260322T193328.csv.gz, result=None
[2026-03-23T00:54:23.603+0000] {postgres_client.py:205} INFO - Checking file landing/products/products_20260322T193503.csv.gz, result=None
[2026-03-23T00:54:23.604+0000] {postgres_client.py:205} INFO - Checking file landing/products/products_20260322T194719.csv.gz, result=None
[2026-03-23T00:54:23.607+0000] {postgres_client.py:205} INFO - Checking file landing/products/products_20260322T195706.csv.gz, result=None
[2026-03-23T00:54:23.609+0000] {postgres_client.py:205} INFO - Checking file landing/products/products_20260322T200122.csv.gz, result=None
[2026-03-23T00:54:23.611+0000] {postgres_client.py:205} INFO - Checking file landing/products/products_20260322T200753.csv.gz, result=None
[2026-03-23T00:54:23.613+0000] {postgres_client.py:205} INFO - Checking file landing/products/products_20260322T201226.csv.gz, result=None
[2026-03-23T00:54:23.616+0000] {postgres_client.py:205} INFO - Checking file landing/products/products_20260322T201524.csv.gz, result=None
[2026-03-23T00:54:23.618+0000] {postgres_client.py:205} INFO - Checking file landing/products/products_20260322T233155.csv.gz, result=None
[2026-03-23T00:54:23.620+0000] {postgres_client.py:205} INFO - Checking file landing/products/products_20260322T233647.csv.gz, result=None
[2026-03-23T00:54:23.622+0000] {postgres_client.py:205} INFO - Checking file landing/products/products_20260322T233839.csv.gz, result=None
[2026-03-23T00:54:23.625+0000] {postgres_client.py:205} INFO - Checking file landing/products/products_20260322T235721.csv.gz, result=None
[2026-03-23T00:54:23.628+0000] {postgres_client.py:205} INFO - Checking file landing/products/products_20260323T005246.csv.gz, result=None
[2026-03-23T00:54:23.630+0000] {postgres_client.py:205} INFO - Checking file landing/sales/sales_20260319_194532.csv.gz, result=None
[2026-03-23T00:54:23.633+0000] {postgres_client.py:205} INFO - Checking file landing/sales/sales_20260321T212748.csv.gz, result=None
[2026-03-23T00:54:23.635+0000] {postgres_client.py:205} INFO - Checking file landing/sales/sales_20260321_211221.csv.gz, result=None
[2026-03-23T00:54:23.637+0000] {postgres_client.py:205} INFO - Checking file landing/sales/sales_20260322T183535.csv.gz, result=None
[2026-03-23T00:54:23.638+0000] {postgres_client.py:205} INFO - Checking file landing/sales/sales_20260322T183909.csv.gz, result=None
[2026-03-23T00:54:23.640+0000] {postgres_client.py:205} INFO - Checking file landing/sales/sales_20260322T184136.csv.gz, result=None
[2026-03-23T00:54:23.642+0000] {postgres_client.py:205} INFO - Checking file landing/sales/sales_20260322T185027.csv.gz, result=None
[2026-03-23T00:54:23.644+0000] {postgres_client.py:205} INFO - Checking file landing/sales/sales_20260322T185412.csv.gz, result=None
[2026-03-23T00:54:23.646+0000] {postgres_client.py:205} INFO - Checking file landing/sales/sales_20260322T192419.csv.gz, result=None
[2026-03-23T00:54:23.648+0000] {postgres_client.py:205} INFO - Checking file landing/sales/sales_20260322T192619.csv.gz, result=None
[2026-03-23T00:54:23.650+0000] {postgres_client.py:205} INFO - Checking file landing/sales/sales_20260322T193328.csv.gz, result=None
[2026-03-23T00:54:23.652+0000] {postgres_client.py:205} INFO - Checking file landing/sales/sales_20260322T193503.csv.gz, result=None
[2026-03-23T00:54:23.654+0000] {postgres_client.py:205} INFO - Checking file landing/sales/sales_20260322T194719.csv.gz, result=None
[2026-03-23T00:54:23.656+0000] {postgres_client.py:205} INFO - Checking file landing/sales/sales_20260322T195706.csv.gz, result=None
[2026-03-23T00:54:23.657+0000] {postgres_client.py:205} INFO - Checking file landing/sales/sales_20260322T200122.csv.gz, result=None
[2026-03-23T00:54:23.659+0000] {postgres_client.py:205} INFO - Checking file landing/sales/sales_20260322T200753.csv.gz, result=None
[2026-03-23T00:54:23.661+0000] {postgres_client.py:205} INFO - Checking file landing/sales/sales_20260322T201226.csv.gz, result=None
[2026-03-23T00:54:23.663+0000] {postgres_client.py:205} INFO - Checking file landing/sales/sales_20260322T201524.csv.gz, result=None
[2026-03-23T00:54:23.665+0000] {postgres_client.py:205} INFO - Checking file landing/sales/sales_20260322T233155.csv.gz, result=None
[2026-03-23T00:54:23.667+0000] {postgres_client.py:205} INFO - Checking file landing/sales/sales_20260322T233647.csv.gz, result=None
[2026-03-23T00:54:23.669+0000] {postgres_client.py:205} INFO - Checking file landing/sales/sales_20260322T233839.csv.gz, result=None
[2026-03-23T00:54:23.671+0000] {postgres_client.py:205} INFO - Checking file landing/sales/sales_20260322T235721.csv.gz, result=None
[2026-03-23T00:54:23.672+0000] {postgres_client.py:205} INFO - Checking file landing/sales/sales_20260323T005246.csv.gz, result=None
[2026-03-23T00:54:23.677+0000] {dag_utils.py:165} INFO - Loading landing/customers/customers_20260319_194531.csv.gz → raw.customers
[2026-03-23T00:54:23.686+0000] {postgres_client.py:82} INFO - Executed SQL file: /opt/***/sql/customers_ddl.sql
[2026-03-23T00:54:23.889+0000] {postgres_client.py:162} INFO - Read 10000 records from gzip file
[2026-03-23T00:54:23.899+0000] {postgres_client.py:43} ERROR - Query failed: syntax error at or near ")"
LINE 4:             ON CONFLICT ()
                                 ^

[2026-03-23T00:54:23.900+0000] {dag_utils.py:217} ERROR - Failed loading landing/customers/customers_20260319_194531.csv.gz: syntax error at or near ")"
LINE 4:             ON CONFLICT ()
                                 ^

[2026-03-23T00:54:23.902+0000] {taskinstance.py:3313} ERROR - Task failed with exception
Traceback (most recent call last):
  File "/home/airflow/.local/lib/python3.12/site-packages/airflow/models/taskinstance.py", line 768, in _execute_task
    result = _execute_callable(context=context, **execute_callable_kwargs)
             ^^^^^^^^^^^^^^^^^^^^^^^^^^^^^^^^^^^^^^^^^^^^^^^^^^^^^^^^^^^^^
  File "/home/airflow/.local/lib/python3.12/site-packages/airflow/models/taskinstance.py", line 734, in _execute_callable
    return ExecutionCallableRunner(
           ^^^^^^^^^^^^^^^^^^^^^^^^
  File "/home/airflow/.local/lib/python3.12/site-packages/airflow/utils/operator_helpers.py", line 252, in run
    return self.func(*args, **kwargs)
           ^^^^^^^^^^^^^^^^^^^^^^^^^^
  File "/home/airflow/.local/lib/python3.12/site-packages/airflow/models/baseoperator.py", line 424, in wrapper
    return func(self, *args, **kwargs)
           ^^^^^^^^^^^^^^^^^^^^^^^^^^^
  File "/home/airflow/.local/lib/python3.12/site-packages/airflow/operators/python.py", line 238, in execute
    return_value = self.execute_callable()
                   ^^^^^^^^^^^^^^^^^^^^^^^
  File "/home/airflow/.local/lib/python3.12/site-packages/airflow/operators/python.py", line 256, in execute_callable
    return runner.run(*self.op_args, **self.op_kwargs)
           ^^^^^^^^^^^^^^^^^^^^^^^^^^^^^^^^^^^^^^^^^^^
  File "/home/airflow/.local/lib/python3.12/site-packages/airflow/utils/operator_helpers.py", line 252, in run
    return self.func(*args, **kwargs)
           ^^^^^^^^^^^^^^^^^^^^^^^^^^
  File "/opt/airflow/dags/dag.py", line 40, in load_task
    load_all_from_minio(
  File "/opt/airflow/dags/dag_utils.py", line 188, in load_all_from_minio
    postgres_client.upsert(
  File "/opt/airflow/dags/postgres_client.py", line 197, in upsert
    self.execute_many(query, data)
  File "/opt/airflow/dags/postgres_client.py", line 57, in execute_many
    cur.executemany(query, params_list)
psycopg2.errors.SyntaxError: syntax error at or near ")"
LINE 4:             ON CONFLICT ()
                                 ^

[2026-03-23T00:54:23.960+0000] {taskinstance.py:1226} INFO - Marking task as FAILED. dag_id=retail_data_pipeline, task_id=load_all_from_minio, run_id=manual__2026-03-23T00:52:46.144064+00:00, execution_date=20260323T005246, start_date=20260323T005422, end_date=20260323T005423
[2026-03-23T00:54:24.023+0000] {taskinstance.py:341} INFO - ::group::Post task execution logs
[2026-03-23T00:54:24.025+0000] {standard_task_runner.py:124} ERROR - Failed to execute job 62 for task load_all_from_minio (syntax error at or near ")"
LINE 4:             ON CONFLICT ()
                                 ^
; 1317)
Traceback (most recent call last):
  File "/home/airflow/.local/lib/python3.12/site-packages/airflow/task/task_runner/standard_task_runner.py", line 117, in _start_by_fork
    ret = args.func(args, dag=self.dag)
          ^^^^^^^^^^^^^^^^^^^^^^^^^^^^^
  File "/home/airflow/.local/lib/python3.12/site-packages/airflow/cli/cli_config.py", line 49, in command
    return func(*args, **kwargs)
           ^^^^^^^^^^^^^^^^^^^^^
  File "/home/airflow/.local/lib/python3.12/site-packages/airflow/utils/cli.py", line 116, in wrapper
    return f(*args, **kwargs)
           ^^^^^^^^^^^^^^^^^^
  File "/home/airflow/.local/lib/python3.12/site-packages/airflow/cli/commands/task_command.py", line 483, in task_run
    task_return_code = _run_task_by_selected_method(args, _dag, ti)
                       ^^^^^^^^^^^^^^^^^^^^^^^^^^^^^^^^^^^^^^^^^^^^
  File "/home/airflow/.local/lib/python3.12/site-packages/airflow/cli/commands/task_command.py", line 256, in _run_task_by_selected_method
    return _run_raw_task(args, ti)
           ^^^^^^^^^^^^^^^^^^^^^^^
  File "/home/airflow/.local/lib/python3.12/site-packages/airflow/cli/commands/task_command.py", line 341, in _run_raw_task
    return ti._run_raw_task(
           ^^^^^^^^^^^^^^^^^
  File "/home/airflow/.local/lib/python3.12/site-packages/airflow/utils/session.py", line 97, in wrapper
    return func(*args, session=session, **kwargs)
           ^^^^^^^^^^^^^^^^^^^^^^^^^^^^^^^^^^^^^^
  File "/home/airflow/.local/lib/python3.12/site-packages/airflow/models/taskinstance.py", line 3006, in _run_raw_task
    return _run_raw_task(
           ^^^^^^^^^^^^^^
  File "/home/airflow/.local/lib/python3.12/site-packages/airflow/models/taskinstance.py", line 274, in _run_raw_task
    TaskInstance._execute_task_with_callbacks(
  File "/home/airflow/.local/lib/python3.12/site-packages/airflow/models/taskinstance.py", line 3161, in _execute_task_with_callbacks
    result = self._execute_task(context, task_orig)
             ^^^^^^^^^^^^^^^^^^^^^^^^^^^^^^^^^^^^^^
  File "/home/airflow/.local/lib/python3.12/site-packages/airflow/models/taskinstance.py", line 3185, in _execute_task
    return _execute_task(self, context, task_orig)
           ^^^^^^^^^^^^^^^^^^^^^^^^^^^^^^^^^^^^^^^
  File "/home/airflow/.local/lib/python3.12/site-packages/airflow/models/taskinstance.py", line 768, in _execute_task
    result = _execute_callable(context=context, **execute_callable_kwargs)
             ^^^^^^^^^^^^^^^^^^^^^^^^^^^^^^^^^^^^^^^^^^^^^^^^^^^^^^^^^^^^^
  File "/home/airflow/.local/lib/python3.12/site-packages/airflow/models/taskinstance.py", line 734, in _execute_callable
    return ExecutionCallableRunner(
           ^^^^^^^^^^^^^^^^^^^^^^^^
  File "/home/airflow/.local/lib/python3.12/site-packages/airflow/utils/operator_helpers.py", line 252, in run
    return self.func(*args, **kwargs)
           ^^^^^^^^^^^^^^^^^^^^^^^^^^
  File "/home/airflow/.local/lib/python3.12/site-packages/airflow/models/baseoperator.py", line 424, in wrapper
    return func(self, *args, **kwargs)
           ^^^^^^^^^^^^^^^^^^^^^^^^^^^
  File "/home/airflow/.local/lib/python3.12/site-packages/airflow/operators/python.py", line 238, in execute
    return_value = self.execute_callable()
                   ^^^^^^^^^^^^^^^^^^^^^^^
  File "/home/airflow/.local/lib/python3.12/site-packages/airflow/operators/python.py", line 256, in execute_callable
    return runner.run(*self.op_args, **self.op_kwargs)
           ^^^^^^^^^^^^^^^^^^^^^^^^^^^^^^^^^^^^^^^^^^^
  File "/home/airflow/.local/lib/python3.12/site-packages/airflow/utils/operator_helpers.py", line 252, in run
    return self.func(*args, **kwargs)
           ^^^^^^^^^^^^^^^^^^^^^^^^^^
  File "/opt/airflow/dags/dag.py", line 40, in load_task
    load_all_from_minio(
  File "/opt/airflow/dags/dag_utils.py", line 188, in load_all_from_minio
    postgres_client.upsert(
  File "/opt/airflow/dags/postgres_client.py", line 197, in upsert
    self.execute_many(query, data)
  File "/opt/airflow/dags/postgres_client.py", line 57, in execute_many
    cur.executemany(query, params_list)
psycopg2.errors.SyntaxError: syntax error at or near ")"
LINE 4:             ON CONFLICT ()
                                 ^

[2026-03-23T00:54:24.069+0000] {local_task_job_runner.py:266} INFO - Task exited with return code 1
[2026-03-23T00:54:24.100+0000] {taskinstance.py:3901} INFO - 0 downstream tasks scheduled from follow-on schedule check
[2026-03-23T00:54:24.104+0000] {local_task_job_runner.py:245} INFO - ::endgroup::
