[2026-03-23T01:21:11.256+0000] {local_task_job_runner.py:123} INFO - ::group::Pre task execution logs
[2026-03-23T01:21:11.288+0000] {taskinstance.py:2614} INFO - Dependencies all met for dep_context=non-requeueable deps ti=<TaskInstance: retail_data_pipeline.generate_and_upload_data manual__2026-03-23T01:21:06.965446+00:00 [queued]>
[2026-03-23T01:21:11.297+0000] {taskinstance.py:2614} INFO - Dependencies all met for dep_context=requeueable deps ti=<TaskInstance: retail_data_pipeline.generate_and_upload_data manual__2026-03-23T01:21:06.965446+00:00 [queued]>
[2026-03-23T01:21:11.299+0000] {taskinstance.py:2867} INFO - Starting attempt 1 of 1
[2026-03-23T01:21:11.325+0000] {taskinstance.py:2890} INFO - Executing <Task(PythonOperator): generate_and_upload_data> on 2026-03-23 01:21:06.965446+00:00
[2026-03-23T01:21:11.340+0000] {warnings.py:112} WARNING - /home/***/.local/lib/python3.12/site-packages/***/task/task_runner/standard_task_runner.py:70: DeprecationWarning: This process (pid=1648) is multi-threaded, use of fork() may lead to deadlocks in the child.
  pid = os.fork()

[2026-03-23T01:21:11.349+0000] {standard_task_runner.py:72} INFO - Started process 1650 to run task
[2026-03-23T01:21:11.345+0000] {standard_task_runner.py:104} INFO - Running: ['***', 'tasks', 'run', 'retail_data_pipeline', 'generate_and_upload_data', 'manual__2026-03-23T01:21:06.965446+00:00', '--job-id', '65', '--raw', '--subdir', 'DAGS_FOLDER/dag.py', '--cfg-path', '/tmp/tmp6psih4sy']
[2026-03-23T01:21:11.357+0000] {standard_task_runner.py:105} INFO - Job 65: Subtask generate_and_upload_data
[2026-03-23T01:21:11.499+0000] {task_command.py:467} INFO - Running <TaskInstance: retail_data_pipeline.generate_and_upload_data manual__2026-03-23T01:21:06.965446+00:00 [running]> on host 750b4dfa1755
[2026-03-23T01:21:11.663+0000] {taskinstance.py:3134} INFO - Exporting env vars: AIRFLOW_CTX_DAG_OWNER='***' AIRFLOW_CTX_DAG_ID='retail_data_pipeline' AIRFLOW_CTX_TASK_ID='generate_and_upload_data' AIRFLOW_CTX_EXECUTION_DATE='2026-03-23T01:21:06.965446+00:00' AIRFLOW_CTX_TRY_NUMBER='1' AIRFLOW_CTX_DAG_RUN_ID='manual__2026-03-23T01:21:06.965446+00:00'
[2026-03-23T01:21:11.666+0000] {taskinstance.py:732} INFO - ::endgroup::
[2026-03-23T01:21:11.715+0000] {base.py:84} INFO - Retrieving connection 'minio_conn'
[2026-03-23T01:21:17.823+0000] {dag_utils.py:42} INFO - ✅ Customers generated | rows=10000 | duration=5.65s
[2026-03-23T01:21:17.848+0000] {dag_utils.py:48} INFO - ✅ Products generated | rows=2000 | duration=0.02s
[2026-03-23T01:21:33.447+0000] {dag_utils.py:54} INFO - ✅ Sales generated | rows=1498804 | duration=15.60s
[2026-03-23T01:21:33.449+0000] {dag_utils.py:69} INFO - ⬆️ Uploading customers | rows=10000 | destination=s3://retailio/landing/customers/customers_20260323T012106.csv.gz
[2026-03-23T01:21:33.450+0000] {minio_client.py:231} INFO - Streaming upload to s3://retailio/landing/customers/customers_20260323T012106.csv.gz
[2026-03-23T01:21:33.869+0000] {minio_client.py:259} INFO - Streaming upload complete
[2026-03-23T01:21:33.871+0000] {dag_utils.py:82} INFO - ✅ Upload successful: customers | duration=0.42s
[2026-03-23T01:21:33.874+0000] {dag_utils.py:69} INFO - ⬆️ Uploading products | rows=2000 | destination=s3://retailio/landing/products/products_20260323T012106.csv.gz
[2026-03-23T01:21:33.875+0000] {minio_client.py:231} INFO - Streaming upload to s3://retailio/landing/products/products_20260323T012106.csv.gz
[2026-03-23T01:21:33.949+0000] {minio_client.py:259} INFO - Streaming upload complete
[2026-03-23T01:21:33.950+0000] {dag_utils.py:82} INFO - ✅ Upload successful: products | duration=0.08s
[2026-03-23T01:21:33.950+0000] {dag_utils.py:69} INFO - ⬆️ Uploading sales | rows=1498804 | destination=s3://retailio/landing/sales/sales_20260323T012106.csv.gz
[2026-03-23T01:21:33.951+0000] {minio_client.py:231} INFO - Streaming upload to s3://retailio/landing/sales/sales_20260323T012106.csv.gz
[2026-03-23T01:21:52.367+0000] {minio_client.py:259} INFO - Streaming upload complete
[2026-03-23T01:21:52.370+0000] {dag_utils.py:82} INFO - ✅ Upload successful: sales | duration=18.42s
[2026-03-23T01:21:52.371+0000] {dag_utils.py:93} INFO - 🎉 Pipeline completed | total_duration=40.19s
[2026-03-23T01:21:52.509+0000] {python.py:240} INFO - Done. Returned value was: None
[2026-03-23T01:21:52.526+0000] {taskinstance.py:341} INFO - ::group::Post task execution logs
[2026-03-23T01:21:52.527+0000] {taskinstance.py:353} INFO - Marking task as SUCCESS. dag_id=retail_data_pipeline, task_id=generate_and_upload_data, run_id=manual__2026-03-23T01:21:06.965446+00:00, execution_date=20260323T012106, start_date=20260323T012111, end_date=20260323T012152
[2026-03-23T01:21:52.634+0000] {local_task_job_runner.py:266} INFO - Task exited with return code 0
[2026-03-23T01:21:52.699+0000] {taskinstance.py:3901} INFO - 1 downstream tasks scheduled from follow-on schedule check
[2026-03-23T01:21:52.703+0000] {local_task_job_runner.py:245} INFO - ::endgroup::
